#
# There is insufficient memory for the Java Runtime Environment to continue.
# Native memory allocation (malloc) failed to allocate 32744 bytes for ChunkPool::allocate
# Possible reasons:
#   The system is out of physical RAM or swap space
#   In 32 bit mode, the process size limit was hit
# Possible solutions:
#   Reduce memory load on the system
#   Increase physical memory or swap space
#   Check if swap backing store is full
#   Use 64 bit Java on a 64 bit OS
#   Decrease Java heap size (-Xmx/-Xms)
#   Decrease number of Java threads
#   Decrease Java thread stack sizes (-Xss)
#   Set larger code cache with -XX:ReservedCodeCacheSize=
# This output file may be truncated or incomplete.
#
#  Out of Memory Error (allocation.cpp:273), pid=13796, tid=0x0000000000001c04
#
# JRE version: Java(TM) SE Runtime Environment (8.0_152-b16) (build 1.8.0_152-b16)
# Java VM: Java HotSpot(TM) 64-Bit Server VM (25.152-b16 mixed mode windows-amd64 compressed oops)
# Failed to write core dump. Minidumps are not enabled by default on client versions of Windows
#

---------------  T H R E A D  ---------------

Current thread (0x0000000019d55000):  JavaThread "C2 CompilerThread1" daemon [_thread_in_native, id=7172, stack(0x000000001a720000,0x000000001a820000)]

Stack: [0x000000001a720000,0x000000001a820000]
[error occurred during error reporting (printing stack bounds), id 0xc0000005]

Native frames: (J=compiled Java code, j=interpreted, Vv=VM code, C=native code)


Current CompileTask:
C2:   9330 2099   !   4       java.net.URLClassLoader$1::run (63 bytes)


---------------  P R O C E S S  ---------------

Java Threads: ( => current thread )
  0x000000001c03b800 JavaThread "File lock request listener" [_thread_in_native, id=10020, stack(0x000000001ea10000,0x000000001eb10000)]
  0x000000001c038800 JavaThread "Cache worker for file hash cache (C:\Users\kondm\.gradle\caches\3.5.1\fileHashes)" [_thread_blocked, id=4500, stack(0x000000001e910000,0x000000001ea10000)]
  0x000000001bd45000 JavaThread "Stdin handler" [_thread_blocked, id=2020, stack(0x000000001e810000,0x000000001e910000)]
  0x000000001c0dc800 JavaThread "Asynchronous log dispatcher for DefaultDaemonConnection: socket connection from /127.0.0.1:51594 to /127.0.0.1:51595" [_thread_blocked, id=420, stack(0x000000001e710000,0x000000001e810000)]
  0x000000001c0a5800 JavaThread "Daemon worker" [_thread_in_vm, id=10440, stack(0x000000001e510000,0x000000001e610000)]
  0x000000001c0a4800 JavaThread "Cancel handler" [_thread_blocked, id=9568, stack(0x000000001e410000,0x000000001e510000)]
  0x000000001bf91000 JavaThread "Handler for socket connection from /127.0.0.1:51594 to /127.0.0.1:51595" [_thread_in_native, id=6320, stack(0x000000001e110000,0x000000001e210000)]
  0x000000001bcfe800 JavaThread "Daemon" [_thread_blocked, id=10932, stack(0x000000001e010000,0x000000001e110000)]
  0x000000001bcfd800 JavaThread "Daemon periodic checks" [_thread_blocked, id=4936, stack(0x000000001df10000,0x000000001e010000)]
  0x000000001bdd9800 JavaThread "Incoming local TCP Connector on port 51594" [_thread_in_native, id=2708, stack(0x000000001da20000,0x000000001db20000)]
  0x000000001bdc3000 JavaThread "Daemon health stats" [_thread_blocked, id=4392, stack(0x000000001d3c0000,0x000000001d4c0000)]
  0x0000000019de4000 JavaThread "Service Thread" daemon [_thread_blocked, id=5868, stack(0x000000001aa20000,0x000000001ab20000)]
  0x0000000019d59800 JavaThread "C1 CompilerThread3" daemon [_thread_blocked, id=7044, stack(0x000000001a920000,0x000000001aa20000)]
  0x0000000019d55800 JavaThread "C2 CompilerThread2" daemon [_thread_in_native, id=11896, stack(0x000000001a820000,0x000000001a920000)]
=>0x0000000019d55000 JavaThread "C2 CompilerThread1" daemon [_thread_in_native, id=7172, stack(0x000000001a720000,0x000000001a820000)]
  0x0000000019d4e800 JavaThread "C2 CompilerThread0" daemon [_thread_in_native, id=2600, stack(0x000000001a620000,0x000000001a720000)]
  0x0000000019d49800 JavaThread "Attach Listener" daemon [_thread_blocked, id=1980, stack(0x000000001a520000,0x000000001a620000)]
  0x0000000017e5e000 JavaThread "Signal Dispatcher" daemon [_thread_blocked, id=1984, stack(0x000000001a420000,0x000000001a520000)]
  0x0000000017e53800 JavaThread "Finalizer" daemon [_thread_blocked, id=7232, stack(0x000000001a120000,0x000000001a220000)]
  0x0000000005328000 JavaThread "Reference Handler" daemon [_thread_blocked, id=11100, stack(0x0000000019c20000,0x0000000019d20000)]
  0x0000000005233000 JavaThread "main" [_thread_blocked, id=2900, stack(0x00000000050f0000,0x00000000051f0000)]

Other Threads:
  0x0000000017e48800 VMThread [stack: 0x0000000019b20000,0x0000000019c20000] [id=6724]
  0x0000000019dfe800 WatcherThread [stack: 0x000000001ab20000,0x000000001ac20000] [id=9076]

VM state:not at safepoint (normal execution)

VM Mutex/Monitor currently owned by a thread: None

Heap:
 PSYoungGen      total 37888K, used 22192K [0x00000000eab00000, 0x00000000ee000000, 0x0000000100000000)
  eden space 32768K, 54% used [0x00000000eab00000,0x00000000ebc5bfd0,0x00000000ecb00000)
  from space 5120K, 86% used [0x00000000ecb80000,0x00000000ecfd03c0,0x00000000ed080000)
  to   space 10752K, 0% used [0x00000000ed580000,0x00000000ed580000,0x00000000ee000000)
 ParOldGen       total 48128K, used 9407K [0x00000000c0000000, 0x00000000c2f00000, 0x00000000eab00000)
  object space 48128K, 19% used [0x00000000c0000000,0x00000000c092fc88,0x00000000c2f00000)
 Metaspace       used 26665K, capacity 27008K, committed 27136K, reserved 1073152K
  class space    used 3618K, capacity 3744K, committed 3840K, reserved 1048576K

Card table byte_map: [0x00000000146f0000,0x0000000014900000] byte_map_base: 0x00000000140f0000

Marking Bits: (ParMarkBitMap*) 0x00000000711b0860
 Begin Bits: [0x0000000015260000, 0x0000000016260000)
 End Bits:   [0x0000000016260000, 0x0000000017260000)

Polling page: 0x0000000003810000

CodeCache: size=245760Kb used=7923Kb max_used=7923Kb free=237836Kb
 bounds [0x0000000005330000, 0x0000000005b00000, 0x0000000014330000]
 total_blobs=2758 nmethods=2097 adapters=573
 compilation: enabled

Compilation events (10 events):
Event: 9.257 Thread 0x0000000019d4e800 nmethod 2073 0x00000000059f7c90 code [0x00000000059f7f00, 0x00000000059f9d60]
Event: 9.283 Thread 0x0000000019d55800 2098       4       java.net.URLClassLoader$1::run (5 bytes)
Event: 9.283 Thread 0x0000000019d55000 2099   !   4       java.net.URLClassLoader$1::run (63 bytes)
Event: 9.285 Thread 0x0000000019d59800 2100       3       groovyjarjarasm.asm.ByteVector::b (64 bytes)
Event: 9.285 Thread 0x0000000019d59800 nmethod 2100 0x0000000005af06d0 code [0x0000000005af0840, 0x0000000005af0ac8]
Event: 9.288 Thread 0x0000000019d59800 2101       3       groovyjarjarasm.asm.ByteVector::putByte (39 bytes)
Event: 9.288 Thread 0x0000000019d59800 nmethod 2101 0x0000000005af0c50 code [0x0000000005af0dc0, 0x0000000005af0fe8]
Event: 9.288 Thread 0x0000000019d59800 2102       3       groovyjarjarasm.asm.Type::getArgumentsAndReturnSizes (151 bytes)
Event: 9.289 Thread 0x0000000019d59800 nmethod 2102 0x0000000005af1110 code [0x0000000005af1340, 0x0000000005af21f8]
Event: 9.290 Thread 0x0000000019d4e800 2103       4       org.codehaus.groovy.runtime.metaclass.MetaMethodIndex::addMethodToList (284 bytes)

GC Heap History (10 events):
Event: 1.817 GC heap before
{Heap before GC invocations=2 (full 0):
 PSYoungGen      total 38400K, used 37544K [0x00000000eab00000, 0x00000000ed580000, 0x0000000100000000)
  eden space 33280K, 100% used [0x00000000eab00000,0x00000000ecb80000,0x00000000ecb80000)
  from space 5120K, 83% used [0x00000000ecb80000,0x00000000ecfaa378,0x00000000ed080000)
  to   space 5120K, 0% used [0x00000000ed080000,0x00000000ed080000,0x00000000ed580000)
 ParOldGen       total 87552K, used 8K [0x00000000c0000000, 0x00000000c5580000, 0x00000000eab00000)
  object space 87552K, 0% used [0x00000000c0000000,0x00000000c0002000,0x00000000c5580000)
 Metaspace       used 12186K, capacity 12522K, committed 12672K, reserved 1060864K
  class space    used 1672K, capacity 1803K, committed 1920K, reserved 1048576K
Event: 1.822 GC heap after
Heap after GC invocations=2 (full 0):
 PSYoungGen      total 38400K, used 5116K [0x00000000eab00000, 0x00000000ed580000, 0x0000000100000000)
  eden space 33280K, 0% used [0x00000000eab00000,0x00000000eab00000,0x00000000ecb80000)
  from space 5120K, 99% used [0x00000000ed080000,0x00000000ed57f3a0,0x00000000ed580000)
  to   space 5120K, 0% used [0x00000000ecb80000,0x00000000ecb80000,0x00000000ed080000)
 ParOldGen       total 87552K, used 864K [0x00000000c0000000, 0x00000000c5580000, 0x00000000eab00000)
  object space 87552K, 0% used [0x00000000c0000000,0x00000000c00d8048,0x00000000c5580000)
 Metaspace       used 12186K, capacity 12522K, committed 12672K, reserved 1060864K
  class space    used 1672K, capacity 1803K, committed 1920K, reserved 1048576K
}
Event: 5.377 GC heap before
{Heap before GC invocations=3 (full 0):
 PSYoungGen      total 38400K, used 38396K [0x00000000eab00000, 0x00000000ed580000, 0x0000000100000000)
  eden space 33280K, 100% used [0x00000000eab00000,0x00000000ecb80000,0x00000000ecb80000)
  from space 5120K, 99% used [0x00000000ed080000,0x00000000ed57f3a0,0x00000000ed580000)
  to   space 5120K, 0% used [0x00000000ecb80000,0x00000000ecb80000,0x00000000ed080000)
 ParOldGen       total 87552K, used 864K [0x00000000c0000000, 0x00000000c5580000, 0x00000000eab00000)
  object space 87552K, 0% used [0x00000000c0000000,0x00000000c00d8048,0x00000000c5580000)
 Metaspace       used 15449K, capacity 15792K, committed 16000K, reserved 1062912K
  class space    used 2217K, capacity 2316K, committed 2432K, reserved 1048576K
Event: 5.383 GC heap after
Heap after GC invocations=3 (full 0):
 PSYoungGen      total 38400K, used 5108K [0x00000000eab00000, 0x00000000ed580000, 0x0000000100000000)
  eden space 33280K, 0% used [0x00000000eab00000,0x00000000eab00000,0x00000000ecb80000)
  from space 5120K, 99% used [0x00000000ecb80000,0x00000000ed07d228,0x00000000ed080000)
  to   space 5120K, 0% used [0x00000000ed080000,0x00000000ed080000,0x00000000ed580000)
 ParOldGen       total 87552K, used 3429K [0x00000000c0000000, 0x00000000c5580000, 0x00000000eab00000)
  object space 87552K, 3% used [0x00000000c0000000,0x00000000c03596c8,0x00000000c5580000)
 Metaspace       used 15449K, capacity 15792K, committed 16000K, reserved 1062912K
  class space    used 2217K, capacity 2316K, committed 2432K, reserved 1048576K
}
Event: 7.902 GC heap before
{Heap before GC invocations=4 (full 0):
 PSYoungGen      total 38400K, used 37382K [0x00000000eab00000, 0x00000000ed580000, 0x0000000100000000)
  eden space 33280K, 96% used [0x00000000eab00000,0x00000000eca84608,0x00000000ecb80000)
  from space 5120K, 99% used [0x00000000ecb80000,0x00000000ed07d228,0x00000000ed080000)
  to   space 5120K, 0% used [0x00000000ed080000,0x00000000ed080000,0x00000000ed580000)
 ParOldGen       total 87552K, used 3429K [0x00000000c0000000, 0x00000000c5580000, 0x00000000eab00000)
  object space 87552K, 3% used [0x00000000c0000000,0x00000000c03596c8,0x00000000c5580000)
 Metaspace       used 20782K, capacity 21116K, committed 21248K, reserved 1067008K
  class space    used 2901K, capacity 3023K, committed 3072K, reserved 1048576K
Event: 7.911 GC heap after
Heap after GC invocations=4 (full 0):
 PSYoungGen      total 38400K, used 5104K [0x00000000eab00000, 0x00000000ed580000, 0x0000000100000000)
  eden space 33280K, 0% used [0x00000000eab00000,0x00000000eab00000,0x00000000ecb80000)
  from space 5120K, 99% used [0x00000000ed080000,0x00000000ed57c060,0x00000000ed580000)
  to   space 5120K, 0% used [0x00000000ecb80000,0x00000000ecb80000,0x00000000ed080000)
 ParOldGen       total 87552K, used 7952K [0x00000000c0000000, 0x00000000c5580000, 0x00000000eab00000)
  object space 87552K, 9% used [0x00000000c0000000,0x00000000c07c41c0,0x00000000c5580000)
 Metaspace       used 20782K, capacity 21116K, committed 21248K, reserved 1067008K
  class space    used 2901K, capacity 3023K, committed 3072K, reserved 1048576K
}
Event: 7.911 GC heap before
{Heap before GC invocations=5 (full 1):
 PSYoungGen      total 38400K, used 5104K [0x00000000eab00000, 0x00000000ed580000, 0x0000000100000000)
  eden space 33280K, 0% used [0x00000000eab00000,0x00000000eab00000,0x00000000ecb80000)
  from space 5120K, 99% used [0x00000000ed080000,0x00000000ed57c060,0x00000000ed580000)
  to   space 5120K, 0% used [0x00000000ecb80000,0x00000000ecb80000,0x00000000ed080000)
 ParOldGen       total 87552K, used 7952K [0x00000000c0000000, 0x00000000c5580000, 0x00000000eab00000)
  object space 87552K, 9% used [0x00000000c0000000,0x00000000c07c41c0,0x00000000c5580000)
 Metaspace       used 20782K, capacity 21116K, committed 21248K, reserved 1067008K
  class space    used 2901K, capacity 3023K, committed 3072K, reserved 1048576K
Event: 7.954 GC heap after
Heap after GC invocations=5 (full 1):
 PSYoungGen      total 38400K, used 0K [0x00000000eab00000, 0x00000000ed580000, 0x0000000100000000)
  eden space 33280K, 0% used [0x00000000eab00000,0x00000000eab00000,0x00000000ecb80000)
  from space 5120K, 0% used [0x00000000ed080000,0x00000000ed080000,0x00000000ed580000)
  to   space 5120K, 0% used [0x00000000ecb80000,0x00000000ecb80000,0x00000000ed080000)
 ParOldGen       total 48128K, used 9407K [0x00000000c0000000, 0x00000000c2f00000, 0x00000000eab00000)
  object space 48128K, 19% used [0x00000000c0000000,0x00000000c092fc88,0x00000000c2f00000)
 Metaspace       used 20782K, capacity 21116K, committed 21248K, reserved 1067008K
  class space    used 2901K, capacity 3023K, committed 3072K, reserved 1048576K
}
Event: 8.937 GC heap before
{Heap before GC invocations=6 (full 1):
 PSYoungGen      total 38400K, used 33280K [0x00000000eab00000, 0x00000000ed580000, 0x0000000100000000)
  eden space 33280K, 100% used [0x00000000eab00000,0x00000000ecb80000,0x00000000ecb80000)
  from space 5120K, 0% used [0x00000000ed080000,0x00000000ed080000,0x00000000ed580000)
  to   space 5120K, 0% used [0x00000000ecb80000,0x00000000ecb80000,0x00000000ed080000)
 ParOldGen       total 48128K, used 9407K [0x00000000c0000000, 0x00000000c2f00000, 0x00000000eab00000)
  object space 48128K, 19% used [0x00000000c0000000,0x00000000c092fc88,0x00000000c2f00000)
 Metaspace       used 24212K, capacity 24540K, committed 24832K, reserved 1071104K
  class space    used 3448K, capacity 3567K, committed 3584K, reserved 1048576K
Event: 8.943 GC heap after
Heap after GC invocations=6 (full 1):
 PSYoungGen      total 37888K, used 4416K [0x00000000eab00000, 0x00000000ee000000, 0x0000000100000000)
  eden space 32768K, 0% used [0x00000000eab00000,0x00000000eab00000,0x00000000ecb00000)
  from space 5120K, 86% used [0x00000000ecb80000,0x00000000ecfd03c0,0x00000000ed080000)
  to   space 10752K, 0% used [0x00000000ed580000,0x00000000ed580000,0x00000000ee000000)
 ParOldGen       total 48128K, used 9407K [0x00000000c0000000, 0x00000000c2f00000, 0x00000000eab00000)
  object space 48128K, 19% used [0x00000000c0000000,0x00000000c092fc88,0x00000000c2f00000)
 Metaspace       used 24212K, capacity 24540K, committed 24832K, reserved 1071104K
  class space    used 3448K, capacity 3567K, committed 3584K, reserved 1048576K
}

Deoptimization events (10 events):
Event: 8.098 Thread 0x000000001c0a5800 Uncommon trap: reason=unstable_if action=reinterpret pc=0x00000000057503e8 method=java.util.HashMap.putVal(ILjava/lang/Object;Ljava/lang/Object;ZZ)Ljava/lang/Object; @ 85
Event: 8.156 Thread 0x000000001c0a5800 Uncommon trap: reason=class_check action=maybe_recompile pc=0x0000000005830340 method=java.lang.reflect.Method.equals(Ljava/lang/Object;)Z @ 5
Event: 8.159 Thread 0x000000001c0a5800 Uncommon trap: reason=class_check action=maybe_recompile pc=0x0000000005830340 method=java.lang.reflect.Method.equals(Ljava/lang/Object;)Z @ 5
Event: 8.217 Thread 0x000000001c0a5800 Uncommon trap: reason=unstable_if action=reinterpret pc=0x00000000055da2b0 method=java.util.LinkedHashMap.afterNodeInsertion(Z)V @ 1
Event: 9.196 Thread 0x000000001c0a5800 Uncommon trap: reason=class_check action=maybe_recompile pc=0x0000000005448fa8 method=java.lang.String.equals(Ljava/lang/Object;)Z @ 8
Event: 9.196 Thread 0x000000001c0a5800 Uncommon trap: reason=class_check action=maybe_recompile pc=0x0000000005448fa8 method=java.lang.String.equals(Ljava/lang/Object;)Z @ 8
Event: 9.199 Thread 0x000000001c0a5800 Uncommon trap: reason=class_check action=maybe_recompile pc=0x0000000005448fa8 method=java.lang.String.equals(Ljava/lang/Object;)Z @ 8
Event: 9.199 Thread 0x000000001c0a5800 Uncommon trap: reason=class_check action=maybe_recompile pc=0x0000000005448fa8 method=java.lang.String.equals(Ljava/lang/Object;)Z @ 8
Event: 9.225 Thread 0x000000001c0a5800 Uncommon trap: reason=class_check action=maybe_recompile pc=0x0000000005533c10 method=sun.misc.URLClassPath.getLoader(I)Lsun/misc/URLClassPath$Loader; @ 94
Event: 9.228 Thread 0x000000001c0a5800 Uncommon trap: reason=class_check action=maybe_recompile pc=0x000000000553a358 method=sun.misc.URLClassPath.getLoader(I)Lsun/misc/URLClassPath$Loader; @ 239

Classes redefined (0 events):
No events

Internal exceptions (10 events):
Event: 9.228 Thread 0x000000001c0a5800 Exception <a 'java/lang/ClassNotFoundException': build_6hz68i6n2t8nnn8z2bufttes6BeanInfo> (0x00000000eb62ffe8) thrown at [C:\re\workspace\8-2-build-windows-amd64-cygwin\jdk8u152\9742\hotspot\src\share\vm\classfile\systemDictionary.cpp, line 210]
Event: 9.228 Thread 0x000000001c0a5800 Exception <a 'java/lang/ClassNotFoundException': org/gradle/api/internal/project/ProjectScriptBeanInfo> (0x00000000eb6418b0) thrown at [C:\re\workspace\8-2-build-windows-amd64-cygwin\jdk8u152\9742\hotspot\src\share\vm\classfile\systemDictionary.cpp, line 
Event: 9.228 Thread 0x000000001c0a5800 Exception <a 'java/lang/ClassNotFoundException': org/gradle/api/internal/project/ProjectScriptCustomizer> (0x00000000eb6537b0) thrown at [C:\re\workspace\8-2-build-windows-amd64-cygwin\jdk8u152\9742\hotspot\src\share\vm\classfile\systemDictionary.cpp, lin
Event: 9.229 Thread 0x000000001c0a5800 Exception <a 'java/lang/ClassNotFoundException': build_6hz68i6n2t8nnn8z2bufttes6Customizer> (0x00000000eb6712f0) thrown at [C:\re\workspace\8-2-build-windows-amd64-cygwin\jdk8u152\9742\hotspot\src\share\vm\classfile\systemDictionary.cpp, line 210]
Event: 9.232 Thread 0x000000001c0a5800 Exception <a 'java/lang/ClassNotFoundException': groovy/lang/Closure$1BeanInfo> (0x00000000eb6b2580) thrown at [C:\re\workspace\8-2-build-windows-amd64-cygwin\jdk8u152\9742\hotspot\src\share\vm\classfile\systemDictionary.cpp, line 210]
Event: 9.232 Thread 0x000000001c0a5800 Exception <a 'java/lang/ClassNotFoundException': groovy/lang/ClosureBeanInfo> (0x00000000eb6c9030) thrown at [C:\re\workspace\8-2-build-windows-amd64-cygwin\jdk8u152\9742\hotspot\src\share\vm\classfile\systemDictionary.cpp, line 210]
Event: 9.232 Thread 0x000000001c0a5800 Exception <a 'java/lang/ClassNotFoundException': groovy/lang/ClosureCustomizer> (0x00000000eb6e0108) thrown at [C:\re\workspace\8-2-build-windows-amd64-cygwin\jdk8u152\9742\hotspot\src\share\vm\classfile\systemDictionary.cpp, line 210]
Event: 9.234 Thread 0x000000001c0a5800 Exception <a 'java/lang/ClassNotFoundException': groovy/lang/Closure$1Customizer> (0x00000000eb7c0338) thrown at [C:\re\workspace\8-2-build-windows-amd64-cygwin\jdk8u152\9742\hotspot\src\share\vm\classfile\systemDictionary.cpp, line 210]
Event: 9.291 Thread 0x000000001c0a5800 Exception <a 'java/lang/ClassNotFoundException': org/gradle/internal/metaobject/ConfigureDelegateBeanInfo> (0x00000000ebc02a70) thrown at [C:\re\workspace\8-2-build-windows-amd64-cygwin\jdk8u152\9742\hotspot\src\share\vm\classfile\systemDictionary.cpp, li
Event: 9.291 Thread 0x000000001c0a5800 Exception <a 'java/lang/ClassNotFoundException': org/gradle/internal/metaobject/ConfigureDelegateCustomizer> (0x00000000ebc24948) thrown at [C:\re\workspace\8-2-build-windows-amd64-cygwin\jdk8u152\9742\hotspot\src\share\vm\classfile\systemDictionary.cpp, 

Events (10 events):
Event: 9.291 loading class org/gradle/internal/metaobject/ConfigureDelegateCustomizer
Event: 9.291 loading class org/gradle/internal/metaobject/ConfigureDelegateCustomizer done
Event: 9.292 loading class org/gradle/api/internal/ClosureBackedAction
Event: 9.292 loading class org/gradle/api/internal/ClosureBackedAction done
Event: 9.292 loading class org/gradle/api/InvalidActionClosureException
Event: 9.292 loading class org/gradle/api/InvalidActionClosureException done
Event: 9.293 loading class groovy/runtime/metaclass/build_6hz68i6n2t8nnn8z2bufttes6$_run_closure1$_closure2MetaClass
Event: 9.293 loading class groovy/runtime/metaclass/build_6hz68i6n2t8nnn8z2bufttes6$_run_closure1$_closure2MetaClass done
Event: 9.293 loading class org/codehaus/groovy/runtime/callsite/PogoMetaClassSite
Event: 9.293 loading class org/codehaus/groovy/runtime/callsite/PogoMetaClassSite done


Dynamic libraries:
0x00007ff74aa00000 - 0x00007ff74aa37000 	C:\Program Files\Java\jdk1.8.0_152\bin\java.exe
0x00007ffdefdd0000 - 0x00007ffdeffb0000 	C:\WINDOWS\SYSTEM32\ntdll.dll
0x00007ffdef400000 - 0x00007ffdef4ae000 	C:\WINDOWS\System32\KERNEL32.DLL
0x00007ffdec570000 - 0x00007ffdec7d6000 	C:\WINDOWS\System32\KERNELBASE.dll
0x00007ffdef6a0000 - 0x00007ffdef741000 	C:\WINDOWS\System32\ADVAPI32.dll
0x00007ffded470000 - 0x00007ffded50d000 	C:\WINDOWS\System32\msvcrt.dll
0x00007ffdedc80000 - 0x00007ffdedcdb000 	C:\WINDOWS\System32\sechost.dll
0x00007ffded5e0000 - 0x00007ffded6ff000 	C:\WINDOWS\System32\RPCRT4.dll
0x00007ffdefc10000 - 0x00007ffdefd9f000 	C:\WINDOWS\System32\USER32.dll
0x00007ffdec400000 - 0x00007ffdec420000 	C:\WINDOWS\System32\win32u.dll
0x00007ffdedbf0000 - 0x00007ffdedc18000 	C:\WINDOWS\System32\GDI32.dll
0x00007ffdec7e0000 - 0x00007ffdec973000 	C:\WINDOWS\System32\gdi32full.dll
0x00007ffdec4d0000 - 0x00007ffdec56b000 	C:\WINDOWS\System32\msvcp_win.dll
0x00007ffdec280000 - 0x00007ffdec376000 	C:\WINDOWS\System32\ucrtbase.dll
0x00007ffde78c0000 - 0x00007ffde7b29000 	C:\WINDOWS\WinSxS\amd64_microsoft.windows.common-controls_6595b64144ccf1df_6.0.16299.309_none_15cfd4c4935e6b11\COMCTL32.dll
0x00007ffdef900000 - 0x00007ffdefc08000 	C:\WINDOWS\System32\combase.dll
0x00007ffdec380000 - 0x00007ffdec3f2000 	C:\WINDOWS\System32\bcryptPrimitives.dll
0x00007ffded440000 - 0x00007ffded46d000 	C:\WINDOWS\System32\IMM32.DLL
0x0000000071230000 - 0x0000000071302000 	C:\Program Files\Java\jdk1.8.0_152\jre\bin\msvcr100.dll
0x0000000070990000 - 0x0000000071230000 	C:\Program Files\Java\jdk1.8.0_152\jre\bin\server\jvm.dll
0x00007ffdef3f0000 - 0x00007ffdef3f8000 	C:\WINDOWS\System32\PSAPI.DLL
0x00007ffde83f0000 - 0x00007ffde8413000 	C:\WINDOWS\SYSTEM32\WINMM.dll
0x00007ffdeadd0000 - 0x00007ffdeadd9000 	C:\WINDOWS\SYSTEM32\WSOCK32.dll
0x00007ffde81b0000 - 0x00007ffde81ba000 	C:\WINDOWS\SYSTEM32\VERSION.dll
0x00007ffdef120000 - 0x00007ffdef18c000 	C:\WINDOWS\System32\WS2_32.dll
0x00007ffde83c0000 - 0x00007ffde83ea000 	C:\WINDOWS\SYSTEM32\winmmbase.dll
0x00007ffdec1d0000 - 0x00007ffdec21a000 	C:\WINDOWS\System32\cfgmgr32.dll
0x0000000072e20000 - 0x0000000072e2f000 	C:\Program Files\Java\jdk1.8.0_152\jre\bin\verify.dll
0x0000000072df0000 - 0x0000000072e19000 	C:\Program Files\Java\jdk1.8.0_152\jre\bin\java.dll
0x0000000070970000 - 0x0000000070986000 	C:\Program Files\Java\jdk1.8.0_152\jre\bin\zip.dll
0x00007ffdedce0000 - 0x00007ffdef116000 	C:\WINDOWS\System32\SHELL32.dll
0x00007ffded530000 - 0x00007ffded5d6000 	C:\WINDOWS\System32\shcore.dll
0x00007ffdec980000 - 0x00007ffded0c7000 	C:\WINDOWS\System32\windows.storage.dll
0x00007ffdef190000 - 0x00007ffdef1e1000 	C:\WINDOWS\System32\shlwapi.dll
0x00007ffdec190000 - 0x00007ffdec1a1000 	C:\WINDOWS\System32\kernel.appcore.dll
0x00007ffdec140000 - 0x00007ffdec18c000 	C:\WINDOWS\System32\powrprof.dll
0x00007ffdec120000 - 0x00007ffdec13b000 	C:\WINDOWS\System32\profapi.dll
0x0000000070950000 - 0x000000007096a000 	C:\Program Files\Java\jdk1.8.0_152\jre\bin\net.dll
0x00007ffdeb9b0000 - 0x00007ffdeba16000 	C:\WINDOWS\system32\mswsock.dll
0x0000000070930000 - 0x0000000070941000 	C:\Program Files\Java\jdk1.8.0_152\jre\bin\nio.dll
0x00007ffdcd020000 - 0x00007ffdcd03e000 	C:\Users\kondm\.gradle\native\25\windows-amd64\native-platform.dll
0x00007ffdebb70000 - 0x00007ffdebb87000 	C:\WINDOWS\SYSTEM32\CRYPTSP.dll
0x00007ffdeb5b0000 - 0x00007ffdeb5e3000 	C:\WINDOWS\system32\rsaenh.dll
0x00007ffdebc80000 - 0x00007ffdebca5000 	C:\WINDOWS\SYSTEM32\bcrypt.dll
0x00007ffdec050000 - 0x00007ffdec079000 	C:\WINDOWS\SYSTEM32\USERENV.dll
0x00007ffdebb90000 - 0x00007ffdebb9b000 	C:\WINDOWS\SYSTEM32\CRYPTBASE.dll
0x00007ffdeb740000 - 0x00007ffdeb779000 	C:\WINDOWS\SYSTEM32\IPHLPAPI.DLL
0x00007ffdef270000 - 0x00007ffdef278000 	C:\WINDOWS\System32\NSI.dll
0x00007ffde35f0000 - 0x00007ffde3606000 	C:\WINDOWS\SYSTEM32\dhcpcsvc6.DLL
0x00007ffde36e0000 - 0x00007ffde36fa000 	C:\WINDOWS\SYSTEM32\dhcpcsvc.DLL
0x0000000070840000 - 0x000000007084d000 	C:\Program Files\Java\jdk1.8.0_152\jre\bin\management.dll

VM Arguments:
jvm_args: -XX:MaxPermSize=256m -XX:+HeapDumpOnOutOfMemoryError -Xmx1024m -Dfile.encoding=windows-1250 -Duser.country=PL -Duser.language=pl -Duser.variant 
java_command: org.gradle.launcher.daemon.bootstrap.GradleDaemon 3.5.1
java_class_path (initial): C:\Users\kondm\.gradle\wrapper\dists\gradle-3.5.1-bin\5aglzaqc99i3lll5iwkbm96su\gradle-3.5.1\lib\gradle-launcher-3.5.1.jar
Launcher Type: SUN_STANDARD

Environment Variables:
JAVA_HOME=C:\Program Files\Java\jdk1.8.0_152
CLASSPATH=D:\Work\Java\Kodilla\Codes\Module 14\tasks\\gradle\wrapper\gradle-wrapper.jar
PATH=C:\ProgramData\Oracle\Java\javapath;C:\Program Files\Intel\WiFi\bin\;C:\Program Files\Common Files\Intel\WirelessCommon\;C:\Program Files (x86)\Skype\Phone\;C:\FPC\3.0.2\bin\i386-Win32;C:\WINDOWS\system32;C:\WINDOWS;C:\WINDOWS\System32\Wbem;C:\WINDOWS\System32\WindowsPowerShell\v1.0\;C:\Program Files (x86)\NVIDIA Corporation\PhysX\Common;C:\Program Files (x86)\QuickTime\QTSystem\;C:\WINDOWS\system32;C:\WINDOWS;C:\WINDOWS\System32\Wbem;C:\WINDOWS\System32\WindowsPowerShell\v1.0\;C:\Program Files\MySQL\MySQL Utilities 1.6\;C:\Program Files (x86)\Windows Kits\10\Windows Performance Toolkit\;C:\Program Files\Git\cmd;C:\Program Files\Java\jdk1.8.0_152\bin;C:\Program Files\Java\jre1.8.0_152;C:\MinGW\bin;C:\Qt\Qt5.9.1\5.9.1\mingw53_32\bin;C:\Users\kondm\AppData\Local\Programs\MiKTeX 2.9\miktex\bin\x64\;C:\Users\kondm\AppData\Local\GitHubDesktop\bin;C:\gradle-4.6\bin;
USERNAME=kondm
OS=Windows_NT
PROCESSOR_IDENTIFIER=Intel64 Family 6 Model 94 Stepping 3, GenuineIntel



---------------  S Y S T E M  ---------------

OS: Windows 10.0 , 64 bit Build 16299 (10.0.16299.15)

CPU:total 8 (initial active 8) (4 cores per cpu, 2 threads per core) family 6 model 94 stepping 3, cmov, cx8, fxsr, mmx, sse, sse2, sse3, ssse3, sse4.1, sse4.2, popcnt, avx, avx2, aes, clmul, erms, rtm, 3dnowpref, lzcnt, ht, tsc, tscinvbit, bmi1, bmi2, adx

Memory: 4k page, physical 8284708k(946224k free), swap 10236452k(4760k free)

vm_info: Java HotSpot(TM) 64-Bit Server VM (25.152-b16) for windows-amd64 JRE (1.8.0_152-b16), built on Sep 14 2017 02:29:36 by "java_re" with MS VC++ 10.0 (VS2010)

time: Mon Apr 09 13:15:15 2018
elapsed time: 9 seconds (0d 0h 0m 9s)

