#
# There is insufficient memory for the Java Runtime Environment to continue.
# Native memory allocation (malloc) failed to allocate 1065296 bytes for Chunk::new
# Possible reasons:
#   The system is out of physical RAM or swap space
#   In 32 bit mode, the process size limit was hit
# Possible solutions:
#   Reduce memory load on the system
#   Increase physical memory or swap space
#   Check if swap backing store is full
#   Use 64 bit Java on a 64 bit OS
#   Decrease Java heap size (-Xmx/-Xms)
#   Decrease number of Java threads
#   Decrease Java thread stack sizes (-Xss)
#   Set larger code cache with -XX:ReservedCodeCacheSize=
# This output file may be truncated or incomplete.
#
#  Out of Memory Error (allocation.cpp:390), pid=8984, tid=0x00000000000033b0
#
# JRE version: Java(TM) SE Runtime Environment (8.0_152-b16) (build 1.8.0_152-b16)
# Java VM: Java HotSpot(TM) 64-Bit Server VM (25.152-b16 mixed mode windows-amd64 compressed oops)
# Failed to write core dump. Minidumps are not enabled by default on client versions of Windows
#

---------------  T H R E A D  ---------------

Current thread (0x000000001955f000):  JavaThread "C2 CompilerThread1" daemon [_thread_in_native, id=13232, stack(0x0000000019f30000,0x000000001a030000)]

Stack: [0x0000000019f30000,0x000000001a030000]
[error occurred during error reporting (printing stack bounds), id 0xc0000005]

Native frames: (J=compiled Java code, j=interpreted, Vv=VM code, C=native code)


Current CompileTask:
C2: 170178 8479       4       io.spring.gradle.dependencymanagement.org.apache.maven.model.io.xpp3.MavenXpp3Reader::parseModel (1547 bytes)


---------------  P R O C E S S  ---------------

Java Threads: ( => current thread )
  0x000000001bab3000 JavaThread "Cache worker for file content cache (D:\Work\Java\Kodilla\Codes\Module 14\tasks\.gradle\3.5.1\fileContent)" [_thread_blocked, id=14256, stack(0x0000000026180000,0x0000000026280000)]
  0x000000001bab4000 JavaThread "Cache worker for task history cache (D:\Work\Java\Kodilla\Codes\Module 14\tasks\.gradle\3.5.1\taskHistory)" [_thread_blocked, id=9832, stack(0x0000000026080000,0x0000000026180000)]
  0x000000001bab1800 JavaThread "Stdin handler" [_thread_blocked, id=12148, stack(0x0000000025f80000,0x0000000026080000)]
  0x000000001bab7000 JavaThread "Asynchronous log dispatcher for DefaultDaemonConnection: socket connection from /127.0.0.1:56982 to /127.0.0.1:57059" [_thread_blocked, id=12760, stack(0x0000000025e80000,0x0000000025f80000)]
  0x000000001bab2800 JavaThread "Daemon worker Thread 2" [_thread_in_native, id=2352, stack(0x0000000025d80000,0x0000000025e80000)]
  0x000000001b55c000 JavaThread "Cancel handler" [_thread_blocked, id=1704, stack(0x0000000025c80000,0x0000000025d80000)]
  0x000000001b55b000 JavaThread "Handler for socket connection from /127.0.0.1:56982 to /127.0.0.1:57059" [_thread_in_native, id=8148, stack(0x0000000025b80000,0x0000000025c80000)]
  0x000000001b559000 JavaThread "Daemon Thread 2" [_thread_blocked, id=10296, stack(0x0000000025a80000,0x0000000025b80000)]
  0x000000001b55c800 JavaThread "Memory manager" [_thread_blocked, id=992, stack(0x0000000020d40000,0x0000000020e40000)]
  0x000000001b558000 JavaThread "Cache worker for Artifact transforms cache (C:\Users\kondm\.gradle\caches\transforms-1)" [_thread_blocked, id=8144, stack(0x0000000020a40000,0x0000000020b40000)]
  0x000000001b559800 JavaThread "File lock request listener" [_thread_in_native, id=13920, stack(0x000000001e220000,0x000000001e320000)]
  0x000000001b55d800 JavaThread "Cache worker for file hash cache (C:\Users\kondm\.gradle\caches\3.5.1\fileHashes)" [_thread_blocked, id=13592, stack(0x000000001e120000,0x000000001e220000)]
  0x000000001b2c5800 JavaThread "Daemon periodic checks" [_thread_blocked, id=2424, stack(0x000000001d720000,0x000000001d820000)]
  0x000000001b57e000 JavaThread "Incoming local TCP Connector on port 56982" [_thread_in_native, id=13056, stack(0x000000001d230000,0x000000001d330000)]
  0x000000001b9a7800 JavaThread "Daemon health stats" [_thread_blocked, id=9232, stack(0x000000001cbd0000,0x000000001ccd0000)]
  0x00000000195f6800 JavaThread "Service Thread" daemon [_thread_blocked, id=3900, stack(0x000000001a230000,0x000000001a330000)]
  0x0000000019566800 JavaThread "C1 CompilerThread3" daemon [_thread_blocked, id=8156, stack(0x000000001a130000,0x000000001a230000)]
  0x0000000019562000 JavaThread "C2 CompilerThread2" daemon [_thread_blocked, id=12388, stack(0x000000001a030000,0x000000001a130000)]
=>0x000000001955f000 JavaThread "C2 CompilerThread1" daemon [_thread_in_native, id=13232, stack(0x0000000019f30000,0x000000001a030000)]
  0x000000001955d000 JavaThread "C2 CompilerThread0" daemon [_thread_in_native, id=6756, stack(0x0000000019e30000,0x0000000019f30000)]
  0x0000000019559000 JavaThread "Attach Listener" daemon [_thread_blocked, id=12756, stack(0x0000000019d30000,0x0000000019e30000)]
  0x0000000019558000 JavaThread "Signal Dispatcher" daemon [_thread_blocked, id=6860, stack(0x0000000019c30000,0x0000000019d30000)]
  0x0000000019550800 JavaThread "Finalizer" daemon [_thread_blocked, id=7956, stack(0x0000000019930000,0x0000000019a30000)]
  0x0000000004b06000 JavaThread "Reference Handler" daemon [_thread_blocked, id=14028, stack(0x0000000019430000,0x0000000019530000)]
  0x0000000004a13000 JavaThread "main" [_thread_blocked, id=13196, stack(0x0000000004910000,0x0000000004a10000)]

Other Threads:
  0x0000000017629800 VMThread [stack: 0x0000000019330000,0x0000000019430000] [id=9936]
  0x0000000019610000 WatcherThread [stack: 0x000000001a330000,0x000000001a430000] [id=13372]

VM state:not at safepoint (normal execution)

VM Mutex/Monitor currently owned by a thread: None

Heap:
 PSYoungGen      total 183296K, used 26833K [0x00000000eab00000, 0x00000000f9b00000, 0x0000000100000000)
  eden space 156672K, 2% used [0x00000000eab00000,0x00000000eae883c8,0x00000000f4400000)
  from space 26624K, 87% used [0x00000000f8100000,0x00000000f97ac318,0x00000000f9b00000)
  to   space 23552K, 0% used [0x00000000f4400000,0x00000000f4400000,0x00000000f5b00000)
 ParOldGen       total 99328K, used 21423K [0x00000000c0000000, 0x00000000c6100000, 0x00000000eab00000)
  object space 99328K, 21% used [0x00000000c0000000,0x00000000c14ebc88,0x00000000c6100000)
 Metaspace       used 46140K, capacity 47218K, committed 47488K, reserved 1089536K
  class space    used 6222K, capacity 6471K, committed 6528K, reserved 1048576K

Card table byte_map: [0x0000000013ed0000,0x00000000140e0000] byte_map_base: 0x00000000138d0000

Marking Bits: (ParMarkBitMap*) 0x000000005cc50860
 Begin Bits: [0x0000000014a40000, 0x0000000015a40000)
 End Bits:   [0x0000000015a40000, 0x0000000016a40000)

Polling page: 0x0000000002fd0000

CodeCache: size=245760Kb used=26247Kb max_used=26247Kb free=219513Kb
 bounds [0x0000000004b10000, 0x00000000064e0000, 0x0000000013b10000]
 total_blobs=8044 nmethods=7317 adapters=638
 compilation: enabled

Compilation events (10 events):
Event: 170.080 Thread 0x0000000019566800 8521       3       io.spring.gradle.dependencymanagement.org.apache.maven.model.ActivationProperty::<init> (5 bytes)
Event: 170.080 Thread 0x0000000019566800 nmethod 8521 0x00000000064a5250 code [0x00000000064a53a0, 0x00000000064a5550]
Event: 170.080 Thread 0x0000000019566800 8523       3       org.gradle.api.internal.artifacts.ivyservice.resolutionstrategy.DefaultComponentSelectionRules::<init> (9 bytes)
Event: 170.081 Thread 0x0000000019566800 nmethod 8523 0x00000000064bb310 code [0x00000000064bb480, 0x00000000064bb658]
Event: 170.115 Thread 0x0000000019566800 8524       3       io.spring.gradle.dependencymanagement.org.apache.maven.model.building.DefaultModelBuildingRequest::<init> (11 bytes)
Event: 170.115 Thread 0x0000000019566800 nmethod 8524 0x00000000064baf50 code [0x00000000064bb0a0, 0x00000000064bb250]
Event: 170.115 Thread 0x0000000019566800 8525       3       org.gradle.internal.classloader.FilteringClassLoader::allowed (59 bytes)
Event: 170.116 Thread 0x0000000019566800 nmethod 8525 0x00000000064ba2d0 code [0x00000000064ba4a0, 0x00000000064bace8]
Event: 170.116 Thread 0x0000000019566800 8526       3       io.spring.gradle.dependencymanagement.org.apache.maven.model.Reporting::setOutputDirectory (6 bytes)
Event: 170.116 Thread 0x0000000019566800 nmethod 8526 0x00000000064b9f90 code [0x00000000064ba0e0, 0x00000000064ba250]

GC Heap History (10 events):
Event: 7.321 GC heap after
Heap after GC invocations=13 (full 2):
 PSYoungGen      total 107520K, used 0K [0x00000000eab00000, 0x00000000f4b00000, 0x0000000100000000)
  eden space 92160K, 0% used [0x00000000eab00000,0x00000000eab00000,0x00000000f0500000)
  from space 15360K, 0% used [0x00000000f0500000,0x00000000f0500000,0x00000000f1400000)
  to   space 16896K, 0% used [0x00000000f3a80000,0x00000000f3a80000,0x00000000f4b00000)
 ParOldGen       total 99328K, used 20911K [0x00000000c0000000, 0x00000000c6100000, 0x00000000eab00000)
  object space 99328K, 21% used [0x00000000c0000000,0x00000000c146bc30,0x00000000c6100000)
 Metaspace       used 34806K, capacity 35362K, committed 35416K, reserved 1079296K
  class space    used 4926K, capacity 5073K, committed 5120K, reserved 1048576K
}
Event: 8.303 GC heap before
{Heap before GC invocations=14 (full 2):
 PSYoungGen      total 107520K, used 92160K [0x00000000eab00000, 0x00000000f4b00000, 0x0000000100000000)
  eden space 92160K, 100% used [0x00000000eab00000,0x00000000f0500000,0x00000000f0500000)
  from space 15360K, 0% used [0x00000000f0500000,0x00000000f0500000,0x00000000f1400000)
  to   space 16896K, 0% used [0x00000000f3a80000,0x00000000f3a80000,0x00000000f4b00000)
 ParOldGen       total 99328K, used 20911K [0x00000000c0000000, 0x00000000c6100000, 0x00000000eab00000)
  object space 99328K, 21% used [0x00000000c0000000,0x00000000c146bc30,0x00000000c6100000)
 Metaspace       used 39340K, capacity 39968K, committed 40064K, reserved 1083392K
  class space    used 5503K, capacity 5688K, committed 5760K, reserved 1048576K
Event: 8.315 GC heap after
Heap after GC invocations=14 (full 2):
 PSYoungGen      total 138752K, used 15825K [0x00000000eab00000, 0x00000000f4a00000, 0x0000000100000000)
  eden space 122880K, 0% used [0x00000000eab00000,0x00000000eab00000,0x00000000f2300000)
  from space 15872K, 99% used [0x00000000f3a80000,0x00000000f49f46a0,0x00000000f4a00000)
  to   space 18944K, 0% used [0x00000000f2500000,0x00000000f2500000,0x00000000f3780000)
 ParOldGen       total 99328K, used 20919K [0x00000000c0000000, 0x00000000c6100000, 0x00000000eab00000)
  object space 99328K, 21% used [0x00000000c0000000,0x00000000c146dc30,0x00000000c6100000)
 Metaspace       used 39340K, capacity 39968K, committed 40064K, reserved 1083392K
  class space    used 5503K, capacity 5688K, committed 5760K, reserved 1048576K
}
Event: 10.333 GC heap before
{Heap before GC invocations=15 (full 2):
 PSYoungGen      total 138752K, used 138705K [0x00000000eab00000, 0x00000000f4a00000, 0x0000000100000000)
  eden space 122880K, 100% used [0x00000000eab00000,0x00000000f2300000,0x00000000f2300000)
  from space 15872K, 99% used [0x00000000f3a80000,0x00000000f49f46a0,0x00000000f4a00000)
  to   space 18944K, 0% used [0x00000000f2500000,0x00000000f2500000,0x00000000f3780000)
 ParOldGen       total 99328K, used 20919K [0x00000000c0000000, 0x00000000c6100000, 0x00000000eab00000)
  object space 99328K, 21% used [0x00000000c0000000,0x00000000c146dc30,0x00000000c6100000)
 Metaspace       used 43287K, capacity 44164K, committed 44416K, reserved 1087488K
  class space    used 5949K, capacity 6196K, committed 6272K, reserved 1048576K
Event: 10.344 GC heap after
Heap after GC invocations=15 (full 2):
 PSYoungGen      total 143872K, used 15966K [0x00000000eab00000, 0x00000000f6f00000, 0x0000000100000000)
  eden space 124928K, 0% used [0x00000000eab00000,0x00000000eab00000,0x00000000f2500000)
  from space 18944K, 84% used [0x00000000f2500000,0x00000000f3497bd0,0x00000000f3780000)
  to   space 20480K, 0% used [0x00000000f5b00000,0x00000000f5b00000,0x00000000f6f00000)
 ParOldGen       total 99328K, used 20927K [0x00000000c0000000, 0x00000000c6100000, 0x00000000eab00000)
  object space 99328K, 21% used [0x00000000c0000000,0x00000000c146fc30,0x00000000c6100000)
 Metaspace       used 43287K, capacity 44164K, committed 44416K, reserved 1087488K
  class space    used 5949K, capacity 6196K, committed 6272K, reserved 1048576K
}
Event: 14.112 GC heap before
{Heap before GC invocations=16 (full 2):
 PSYoungGen      total 143872K, used 140894K [0x00000000eab00000, 0x00000000f6f00000, 0x0000000100000000)
  eden space 124928K, 100% used [0x00000000eab00000,0x00000000f2500000,0x00000000f2500000)
  from space 18944K, 84% used [0x00000000f2500000,0x00000000f3497bd0,0x00000000f3780000)
  to   space 20480K, 0% used [0x00000000f5b00000,0x00000000f5b00000,0x00000000f6f00000)
 ParOldGen       total 99328K, used 20927K [0x00000000c0000000, 0x00000000c6100000, 0x00000000eab00000)
  object space 99328K, 21% used [0x00000000c0000000,0x00000000c146fc30,0x00000000c6100000)
 Metaspace       used 44569K, capacity 45434K, committed 45568K, reserved 1089536K
  class space    used 6088K, capacity 6339K, committed 6400K, reserved 1048576K
Event: 14.127 GC heap after
Heap after GC invocations=16 (full 2):
 PSYoungGen      total 177152K, used 20448K [0x00000000eab00000, 0x00000000f7400000, 0x0000000100000000)
  eden space 156672K, 0% used [0x00000000eab00000,0x00000000eab00000,0x00000000f4400000)
  from space 20480K, 99% used [0x00000000f5b00000,0x00000000f6ef81a8,0x00000000f6f00000)
  to   space 23552K, 0% used [0x00000000f4400000,0x00000000f4400000,0x00000000f5b00000)
 ParOldGen       total 99328K, used 21407K [0x00000000c0000000, 0x00000000c6100000, 0x00000000eab00000)
  object space 99328K, 21% used [0x00000000c0000000,0x00000000c14e7c88,0x00000000c6100000)
 Metaspace       used 44569K, capacity 45434K, committed 45568K, reserved 1089536K
  class space    used 6088K, capacity 6339K, committed 6400K, reserved 1048576K
}
Event: 168.980 GC heap before
{Heap before GC invocations=17 (full 2):
 PSYoungGen      total 177152K, used 177120K [0x00000000eab00000, 0x00000000f7400000, 0x0000000100000000)
  eden space 156672K, 100% used [0x00000000eab00000,0x00000000f4400000,0x00000000f4400000)
  from space 20480K, 99% used [0x00000000f5b00000,0x00000000f6ef81a8,0x00000000f6f00000)
  to   space 23552K, 0% used [0x00000000f4400000,0x00000000f4400000,0x00000000f5b00000)
 ParOldGen       total 99328K, used 21407K [0x00000000c0000000, 0x00000000c6100000, 0x00000000eab00000)
  object space 99328K, 21% used [0x00000000c0000000,0x00000000c14e7c88,0x00000000c6100000)
 Metaspace       used 45888K, capacity 46862K, committed 46976K, reserved 1089536K
  class space    used 6219K, capacity 6465K, committed 6528K, reserved 1048576K
Event: 168.996 GC heap after
Heap after GC invocations=17 (full 2):
 PSYoungGen      total 180224K, used 22454K [0x00000000eab00000, 0x00000000f9b00000, 0x0000000100000000)
  eden space 156672K, 0% used [0x00000000eab00000,0x00000000eab00000,0x00000000f4400000)
  from space 23552K, 95% used [0x00000000f4400000,0x00000000f59ed968,0x00000000f5b00000)
  to   space 26624K, 0% used [0x00000000f8100000,0x00000000f8100000,0x00000000f9b00000)
 ParOldGen       total 99328K, used 21415K [0x00000000c0000000, 0x00000000c6100000, 0x00000000eab00000)
  object space 99328K, 21% used [0x00000000c0000000,0x00000000c14e9c88,0x00000000c6100000)
 Metaspace       used 45888K, capacity 46862K, committed 46976K, reserved 1089536K
  class space    used 6219K, capacity 6465K, committed 6528K, reserved 1048576K
}
Event: 170.125 GC heap before
{Heap before GC invocations=18 (full 2):
 PSYoungGen      total 180224K, used 179126K [0x00000000eab00000, 0x00000000f9b00000, 0x0000000100000000)
  eden space 156672K, 100% used [0x00000000eab00000,0x00000000f4400000,0x00000000f4400000)
  from space 23552K, 95% used [0x00000000f4400000,0x00000000f59ed968,0x00000000f5b00000)
  to   space 26624K, 0% used [0x00000000f8100000,0x00000000f8100000,0x00000000f9b00000)
 ParOldGen       total 99328K, used 21415K [0x00000000c0000000, 0x00000000c6100000, 0x00000000eab00000)
  object space 99328K, 21% used [0x00000000c0000000,0x00000000c14e9c88,0x00000000c6100000)
 Metaspace       used 46138K, capacity 47154K, committed 47232K, reserved 1089536K
  class space    used 6222K, capacity 6471K, committed 6528K, reserved 1048576K

Deoptimization events (10 events):
Event: 14.829 Thread 0x000000001c006000 Uncommon trap: reason=unstable_if action=reinterpret pc=0x0000000004e7b918 method=org.gradle.internal.logging.text.AbstractLineChoppingStyledTextOutput$2.execute(Lorg/gradle/internal/logging/text/AbstractLineChoppingStyledTextOutput$StateContext;)V @ 30
Event: 15.033 Thread 0x000000001b7d3800 Uncommon trap: reason=unstable_if action=reinterpret pc=0x0000000005857334 method=com.esotericsoftware.kryo.io.Input.require(I)I @ 117
Event: 51.377 Thread 0x000000001b2c5800 Uncommon trap: reason=bimorphic action=maybe_recompile pc=0x0000000006066328 method=java.util.HashMap.removeNode(ILjava/lang/Object;Ljava/lang/Object;ZZ)Ljava/util/HashMap$Node; @ 283
Event: 168.451 Thread 0x000000001bab2800 Uncommon trap: reason=class_check action=maybe_recompile pc=0x0000000004ff1080 method=java.lang.reflect.Method.equals(Ljava/lang/Object;)Z @ 5
Event: 168.451 Thread 0x000000001bab2800 Uncommon trap: reason=class_check action=maybe_recompile pc=0x0000000004ff1080 method=java.lang.reflect.Method.equals(Ljava/lang/Object;)Z @ 5
Event: 168.541 Thread 0x000000001bab2800 Uncommon trap: reason=unstable_if action=reinterpret pc=0x000000000630808c method=io.spring.gradle.dependencymanagement.internal.DependencyManagement.resolveIfNecessary()V @ 16
Event: 169.329 Thread 0x000000001bab2800 Uncommon trap: reason=class_check action=maybe_recompile pc=0x0000000005966720 method=io.spring.gradle.dependencymanagement.org.codehaus.plexus.interpolation.MapBasedValueSource.getValue(Ljava/lang/String;)Ljava/lang/Object; @ 16
Event: 169.329 Thread 0x000000001bab2800 Uncommon trap: reason=class_check action=maybe_recompile pc=0x0000000005966720 method=io.spring.gradle.dependencymanagement.org.codehaus.plexus.interpolation.MapBasedValueSource.getValue(Ljava/lang/String;)Ljava/lang/Object; @ 16
Event: 169.462 Thread 0x000000001bab2800 Uncommon trap: reason=class_check action=maybe_recompile pc=0x00000000052e9c24 method=java.util.concurrent.ConcurrentHashMap.putVal(Ljava/lang/Object;Ljava/lang/Object;Z)Ljava/lang/Object; @ 192
Event: 169.939 Thread 0x000000001bab2800 Uncommon trap: reason=unstable_if action=reinterpret pc=0x00000000058704a8 method=com.esotericsoftware.kryo.io.Input.readUtf8(I)V @ 48

Classes redefined (0 events):
No events

Internal exceptions (10 events):
Event: 14.832 Thread 0x000000001c005000 Exception <a 'java/io/IOException'> (0x00000000ee7cdd00) thrown at [C:\re\workspace\8-2-build-windows-amd64-cygwin\jdk8u152\9742\hotspot\src\share\vm\prims\jni.cpp, line 709]
Event: 14.900 Thread 0x000000001c003800 Exception <a 'java/io/IOException'> (0x00000000ee6459d8) thrown at [C:\re\workspace\8-2-build-windows-amd64-cygwin\jdk8u152\9742\hotspot\src\share\vm\prims\jni.cpp, line 709]
Event: 14.900 Thread 0x000000001c006800 Exception <a 'java/lang/reflect/InvocationTargetException'> (0x00000000ee60eac0) thrown at [C:\re\workspace\8-2-build-windows-amd64-cygwin\jdk8u152\9742\hotspot\src\share\vm\runtime\reflection.cpp, line 1092]
Event: 14.905 Thread 0x000000001b4b1000 Exception <a 'java/lang/NoSuchMethodError': <clinit>> (0x00000000ee9edb88) thrown at [C:\re\workspace\8-2-build-windows-amd64-cygwin\jdk8u152\9742\hotspot\src\share\vm\prims\jni.cpp, line 1613]
Event: 14.906 Thread 0x000000001b4b1000 Exception <a 'java/lang/NoSuchMethodError': <clinit>> (0x00000000ee9ef458) thrown at [C:\re\workspace\8-2-build-windows-amd64-cygwin\jdk8u152\9742\hotspot\src\share\vm\prims\jni.cpp, line 1613]
Event: 14.964 Thread 0x000000001c006000 Exception <a 'java/io/IOException'> (0x00000000eed0aef0) thrown at [C:\re\workspace\8-2-build-windows-amd64-cygwin\jdk8u152\9742\hotspot\src\share\vm\prims\jni.cpp, line 709]
Event: 14.966 Thread 0x000000001c003800 Exception <a 'java/io/IOException'> (0x00000000eeb002b8) thrown at [C:\re\workspace\8-2-build-windows-amd64-cygwin\jdk8u152\9742\hotspot\src\share\vm\prims\jni.cpp, line 709]
Event: 14.966 Thread 0x000000001c006800 Exception <a 'java/lang/reflect/InvocationTargetException'> (0x00000000eeb89d30) thrown at [C:\re\workspace\8-2-build-windows-amd64-cygwin\jdk8u152\9742\hotspot\src\share\vm\runtime\reflection.cpp, line 1092]
Event: 14.975 Thread 0x000000001b6c8000 Exception <a 'java/lang/reflect/InvocationTargetException'> (0x00000000edb3d978) thrown at [C:\re\workspace\8-2-build-windows-amd64-cygwin\jdk8u152\9742\hotspot\src\share\vm\runtime\reflection.cpp, line 1092]
Event: 15.032 Thread 0x000000001b7d3800 Exception <a 'java/lang/NoSuchMethodError': <clinit>> (0x00000000ef3eefd8) thrown at [C:\re\workspace\8-2-build-windows-amd64-cygwin\jdk8u152\9742\hotspot\src\share\vm\prims\jni.cpp, line 1613]

Events (10 events):
Event: 169.830 Executing VM operation: RevokeBias
Event: 169.830 Executing VM operation: RevokeBias done
Event: 169.830 Executing VM operation: RevokeBias
Event: 169.830 Executing VM operation: RevokeBias done
Event: 169.939 Thread 0x000000001bab2800 Uncommon trap: trap_request=0xffffff65 fr.pc=0x00000000058704a8
Event: 169.939 Thread 0x000000001bab2800 DEOPT PACKING pc=0x00000000058704a8 sp=0x0000000025e79ea0
Event: 169.939 Thread 0x000000001bab2800 DEOPT UNPACKING pc=0x0000000004b5582a sp=0x0000000025e79e48 mode 2
Event: 170.050 Executing VM operation: RevokeBias
Event: 170.051 Executing VM operation: RevokeBias done
Event: 170.125 Executing VM operation: ParallelGCFailedAllocation


Dynamic libraries:
0x00007ff75b890000 - 0x00007ff75b8c7000 	C:\Program Files\Java\jdk1.8.0_152\bin\java.exe
0x00007ffa30890000 - 0x00007ffa30a70000 	C:\WINDOWS\SYSTEM32\ntdll.dll
0x00007ffa2de00000 - 0x00007ffa2deae000 	C:\WINDOWS\System32\KERNEL32.DLL
0x00007ffa2d590000 - 0x00007ffa2d7f6000 	C:\WINDOWS\System32\KERNELBASE.dll
0x00007ffa2e230000 - 0x00007ffa2e2d1000 	C:\WINDOWS\System32\ADVAPI32.dll
0x00007ffa2fd60000 - 0x00007ffa2fdfd000 	C:\WINDOWS\System32\msvcrt.dll
0x00007ffa30800000 - 0x00007ffa3085b000 	C:\WINDOWS\System32\sechost.dll
0x00007ffa304f0000 - 0x00007ffa3060f000 	C:\WINDOWS\System32\RPCRT4.dll
0x00007ffa2df80000 - 0x00007ffa2e10f000 	C:\WINDOWS\System32\USER32.dll
0x00007ffa2d860000 - 0x00007ffa2d880000 	C:\WINDOWS\System32\win32u.dll
0x00007ffa2dd70000 - 0x00007ffa2dd98000 	C:\WINDOWS\System32\GDI32.dll
0x00007ffa2d950000 - 0x00007ffa2dae3000 	C:\WINDOWS\System32\gdi32full.dll
0x00007ffa2dcc0000 - 0x00007ffa2dd5b000 	C:\WINDOWS\System32\msvcp_win.dll
0x00007ffa2cc90000 - 0x00007ffa2cd86000 	C:\WINDOWS\System32\ucrtbase.dll
0x00007ffa254b0000 - 0x00007ffa25719000 	C:\WINDOWS\WinSxS\amd64_microsoft.windows.common-controls_6595b64144ccf1df_6.0.16299.371_none_15c7d1789365a290\COMCTL32.dll
0x00007ffa2e3c0000 - 0x00007ffa2e6c8000 	C:\WINDOWS\System32\combase.dll
0x00007ffa2d880000 - 0x00007ffa2d8f2000 	C:\WINDOWS\System32\bcryptPrimitives.dll
0x00007ffa2fed0000 - 0x00007ffa2fefd000 	C:\WINDOWS\System32\IMM32.DLL
0x000000005e170000 - 0x000000005e242000 	C:\Program Files\Java\jdk1.8.0_152\jre\bin\msvcr100.dll
0x000000005c430000 - 0x000000005ccd0000 	C:\Program Files\Java\jdk1.8.0_152\jre\bin\server\jvm.dll
0x00007ffa2e110000 - 0x00007ffa2e118000 	C:\WINDOWS\System32\PSAPI.DLL
0x00007ffa2bbb0000 - 0x00007ffa2bbb9000 	C:\WINDOWS\SYSTEM32\WSOCK32.dll
0x00007ffa2ac00000 - 0x00007ffa2ac23000 	C:\WINDOWS\SYSTEM32\WINMM.dll
0x00007ffa289f0000 - 0x00007ffa289fa000 	C:\WINDOWS\SYSTEM32\VERSION.dll
0x00007ffa2fe60000 - 0x00007ffa2fecc000 	C:\WINDOWS\System32\WS2_32.dll
0x00007ffa2a980000 - 0x00007ffa2a9aa000 	C:\WINDOWS\SYSTEM32\WINMMBASE.dll
0x00007ffa2d900000 - 0x00007ffa2d94a000 	C:\WINDOWS\System32\cfgmgr32.dll
0x000000005e160000 - 0x000000005e16f000 	C:\Program Files\Java\jdk1.8.0_152\jre\bin\verify.dll
0x000000005e130000 - 0x000000005e159000 	C:\Program Files\Java\jdk1.8.0_152\jre\bin\java.dll
0x000000005e110000 - 0x000000005e126000 	C:\Program Files\Java\jdk1.8.0_152\jre\bin\zip.dll
0x00007ffa2e920000 - 0x00007ffa2fd56000 	C:\WINDOWS\System32\SHELL32.dll
0x00007ffa2ded0000 - 0x00007ffa2df76000 	C:\WINDOWS\System32\shcore.dll
0x00007ffa2cd90000 - 0x00007ffa2d4d7000 	C:\WINDOWS\System32\windows.storage.dll
0x00007ffa2fe00000 - 0x00007ffa2fe51000 	C:\WINDOWS\System32\shlwapi.dll
0x00007ffa2cc50000 - 0x00007ffa2cc61000 	C:\WINDOWS\System32\kernel.appcore.dll
0x00007ffa2cc00000 - 0x00007ffa2cc4c000 	C:\WINDOWS\System32\powrprof.dll
0x00007ffa2cbe0000 - 0x00007ffa2cbfb000 	C:\WINDOWS\System32\profapi.dll
0x000000005e0a0000 - 0x000000005e0ba000 	C:\Program Files\Java\jdk1.8.0_152\jre\bin\net.dll
0x00007ffa2c470000 - 0x00007ffa2c4d6000 	C:\WINDOWS\system32\mswsock.dll
0x000000005dfc0000 - 0x000000005dfd1000 	C:\Program Files\Java\jdk1.8.0_152\jre\bin\nio.dll
0x00007ffa28fb0000 - 0x00007ffa28fce000 	C:\Users\kondm\.gradle\native\25\windows-amd64\native-platform.dll
0x00007ffa2c630000 - 0x00007ffa2c647000 	C:\WINDOWS\SYSTEM32\CRYPTSP.dll
0x00007ffa2c070000 - 0x00007ffa2c0a3000 	C:\WINDOWS\system32\rsaenh.dll
0x00007ffa2c740000 - 0x00007ffa2c765000 	C:\WINDOWS\SYSTEM32\bcrypt.dll
0x00007ffa2cb10000 - 0x00007ffa2cb39000 	C:\WINDOWS\SYSTEM32\USERENV.dll
0x00007ffa2c650000 - 0x00007ffa2c65b000 	C:\WINDOWS\SYSTEM32\CRYPTBASE.dll
0x00007ffa2c200000 - 0x00007ffa2c239000 	C:\WINDOWS\SYSTEM32\IPHLPAPI.DLL
0x00007ffa2dd60000 - 0x00007ffa2dd68000 	C:\WINDOWS\System32\NSI.dll
0x00007ffa252d0000 - 0x00007ffa252e6000 	C:\WINDOWS\SYSTEM32\dhcpcsvc6.DLL
0x00007ffa24f00000 - 0x00007ffa24f1a000 	C:\WINDOWS\SYSTEM32\dhcpcsvc.DLL
0x000000005e0e0000 - 0x000000005e0ed000 	C:\Program Files\Java\jdk1.8.0_152\jre\bin\management.dll

VM Arguments:
jvm_args: -XX:MaxPermSize=256m -XX:+HeapDumpOnOutOfMemoryError -Xmx1024m -Dfile.encoding=windows-1250 -Duser.country=PL -Duser.language=pl -Duser.variant 
java_command: org.gradle.launcher.daemon.bootstrap.GradleDaemon 3.5.1
java_class_path (initial): C:\Users\kondm\.gradle\wrapper\dists\gradle-3.5.1-bin\5aglzaqc99i3lll5iwkbm96su\gradle-3.5.1\lib\gradle-launcher-3.5.1.jar
Launcher Type: SUN_STANDARD

Environment Variables:
JAVA_HOME=C:\Program Files\Java\jdk1.8.0_152
CLASSPATH=D:\Work\Java\Kodilla\Codes\Module 14\tasks\\gradle\wrapper\gradle-wrapper.jar
PATH=C:\Program Files (x86)\Common Files\Oracle\Java\javapath;C:\ProgramData\Oracle\Java\javapath;C:\Program Files\Intel\WiFi\bin\;C:\Program Files\Common Files\Intel\WirelessCommon\;C:\Program Files (x86)\Skype\Phone\;C:\FPC\3.0.2\bin\i386-Win32;C:\WINDOWS\system32;C:\WINDOWS;C:\WINDOWS\System32\Wbem;C:\WINDOWS\System32\WindowsPowerShell\v1.0\;C:\Program Files (x86)\NVIDIA Corporation\PhysX\Common;C:\Program Files (x86)\QuickTime\QTSystem\;C:\WINDOWS\system32;C:\WINDOWS;C:\WINDOWS\System32\Wbem;C:\WINDOWS\System32\WindowsPowerShell\v1.0\;C:\Program Files\MySQL\MySQL Utilities 1.6\;C:\Program Files (x86)\Windows Kits\10\Windows Performance Toolkit\;C:\Program Files\Git\cmd;C:\Program Files (x86)\Smart Projects\IsoBuster;C:\Program Files\Java\jdk1.8.0_152\bin;C:\Program Files\Java\jre1.8.0_152;C:\MinGW\bin;C:\Qt\Qt5.9.1\5.9.1\mingw53_32\bin;C:\Users\kondm\AppData\Local\Programs\MiKTeX 2.9\miktex\bin\x64\;C:\Users\kondm\AppData\Local\GitHubDesktop\bin;C:\gradle-4.6\bin;C:\Program Files\Heroku\bin
USERNAME=kondm
OS=Windows_NT
PROCESSOR_IDENTIFIER=Intel64 Family 6 Model 94 Stepping 3, GenuineIntel



---------------  S Y S T E M  ---------------

OS: Windows 10.0 , 64 bit Build 16299 (10.0.16299.15)

CPU:total 8 (initial active 8) (4 cores per cpu, 2 threads per core) family 6 model 94 stepping 3, cmov, cx8, fxsr, mmx, sse, sse2, sse3, ssse3, sse4.1, sse4.2, popcnt, avx, avx2, aes, clmul, erms, rtm, 3dnowpref, lzcnt, ht, tsc, tscinvbit, bmi1, bmi2, adx

Memory: 4k page, physical 8284708k(1073452k free), swap 10236452k(5820k free)

vm_info: Java HotSpot(TM) 64-Bit Server VM (25.152-b16) for windows-amd64 JRE (1.8.0_152-b16), built on Sep 14 2017 02:29:36 by "java_re" with MS VC++ 10.0 (VS2010)

time: Mon Apr 30 17:23:51 2018
elapsed time: 170 seconds (0d 0h 2m 50s)

