#
# There is insufficient memory for the Java Runtime Environment to continue.
# Native memory allocation (malloc) failed to allocate 32744 bytes for ChunkPool::allocate
# Possible reasons:
#   The system is out of physical RAM or swap space
#   In 32 bit mode, the process size limit was hit
# Possible solutions:
#   Reduce memory load on the system
#   Increase physical memory or swap space
#   Check if swap backing store is full
#   Use 64 bit Java on a 64 bit OS
#   Decrease Java heap size (-Xmx/-Xms)
#   Decrease number of Java threads
#   Decrease Java thread stack sizes (-Xss)
#   Set larger code cache with -XX:ReservedCodeCacheSize=
# This output file may be truncated or incomplete.
#
#  Out of Memory Error (allocation.cpp:273), pid=10740, tid=0x0000000000003658
#
# JRE version: Java(TM) SE Runtime Environment (8.0_152-b16) (build 1.8.0_152-b16)
# Java VM: Java HotSpot(TM) 64-Bit Server VM (25.152-b16 mixed mode windows-amd64 compressed oops)
# Failed to write core dump. Minidumps are not enabled by default on client versions of Windows
#

---------------  T H R E A D  ---------------

Current thread (0x000000001bab3800):  JavaThread "C1 CompilerThread3" daemon [_thread_in_native, id=13912, stack(0x000000001c440000,0x000000001c540000)]

Stack: [0x000000001c440000,0x000000001c540000]
[error occurred during error reporting (printing stack bounds), id 0xc0000005]

Native frames: (J=compiled Java code, j=interpreted, Vv=VM code, C=native code)


Current CompileTask:
C1:   1352 1409       1       org.springframework.asm.ClassReader::readCode (3619 bytes)


---------------  P R O C E S S  ---------------

Java Threads: ( => current thread )
  0x000000001cb23800 JavaThread "RMI TCP Connection(2)-127.0.0.1" daemon [_thread_in_native, id=2728, stack(0x000000001e070000,0x000000001e170000)]
  0x000000001ca4c800 JavaThread "RMI Scheduler(0)" daemon [_thread_blocked, id=2344, stack(0x000000001df70000,0x000000001e070000)]
  0x000000001ca51800 JavaThread "RMI TCP Connection(1)-127.0.0.1" daemon [_thread_in_native, id=15320, stack(0x000000001de70000,0x000000001df70000)]
  0x000000001c9e5800 JavaThread "background-preinit" [_thread_in_native, id=3780, stack(0x000000001db70000,0x000000001dc70000)]
  0x000000001c796800 JavaThread "RMI TCP Accept-0" daemon [_thread_in_native, id=5724, stack(0x000000001d380000,0x000000001d480000)]
  0x000000001c786000 JavaThread "RMI TCP Accept-54255" daemon [_thread_in_native, id=10780, stack(0x000000001d280000,0x000000001d380000)]
  0x000000001c782800 JavaThread "RMI TCP Accept-0" daemon [_thread_in_native, id=13744, stack(0x000000001d180000,0x000000001d280000)]
  0x000000001c558800 JavaThread "Service Thread" daemon [_thread_blocked, id=2196, stack(0x000000001cd40000,0x000000001ce40000)]
=>0x000000001bab3800 JavaThread "C1 CompilerThread3" daemon [_thread_in_native, id=13912, stack(0x000000001c440000,0x000000001c540000)]
  0x000000001bab2800 JavaThread "C2 CompilerThread2" daemon [_thread_blocked, id=9136, stack(0x000000001c340000,0x000000001c440000)]
  0x000000001baae000 JavaThread "C2 CompilerThread1" daemon [_thread_blocked, id=14504, stack(0x000000001c240000,0x000000001c340000)]
  0x000000001baac000 JavaThread "C2 CompilerThread0" daemon [_thread_blocked, id=3300, stack(0x000000001c140000,0x000000001c240000)]
  0x000000001b9c0800 JavaThread "Monitor Ctrl-Break" daemon [_thread_in_native, id=16088, stack(0x000000001c040000,0x000000001c140000)]
  0x000000001b77e800 JavaThread "Attach Listener" daemon [_thread_blocked, id=8308, stack(0x000000001bf40000,0x000000001c040000)]
  0x000000001b77d000 JavaThread "Signal Dispatcher" daemon [_thread_blocked, id=9440, stack(0x000000001be40000,0x000000001bf40000)]
  0x000000001b760800 JavaThread "Finalizer" daemon [_thread_blocked, id=8408, stack(0x000000001bb40000,0x000000001bc40000)]
  0x000000001986f800 JavaThread "Reference Handler" daemon [_thread_blocked, id=2992, stack(0x000000001b640000,0x000000001b740000)]
  0x0000000004648000 JavaThread "main" [_thread_in_native, id=10008, stack(0x00000000044e0000,0x00000000045e0000)]

Other Threads:
  0x0000000019869800 VMThread [stack: 0x000000001b540000,0x000000001b640000] [id=13928]
  0x000000001c797800 WatcherThread [stack: 0x000000001d480000,0x000000001d580000] [id=9484]

VM state:not at safepoint (normal execution)

VM Mutex/Monitor currently owned by a thread: None

Heap:
 PSYoungGen      total 38400K, used 17428K [0x00000000d5d80000, 0x00000000d8800000, 0x0000000100000000)
  eden space 33280K, 37% used [0x00000000d5d80000,0x00000000d698b630,0x00000000d7e00000)
  from space 5120K, 99% used [0x00000000d7e00000,0x00000000d82f9c38,0x00000000d8300000)
  to   space 5120K, 0% used [0x00000000d8300000,0x00000000d8300000,0x00000000d8800000)
 ParOldGen       total 87552K, used 2873K [0x0000000081800000, 0x0000000086d80000, 0x00000000d5d80000)
  object space 87552K, 3% used [0x0000000081800000,0x0000000081ace718,0x0000000086d80000)
 Metaspace       used 18153K, capacity 18486K, committed 18560K, reserved 1064960K
  class space    used 2295K, capacity 2380K, committed 2432K, reserved 1048576K

Card table byte_map: [0x0000000013c90000,0x0000000014090000] byte_map_base: 0x0000000013884000

Marking Bits: (ParMarkBitMap*) 0x000000006e8e0860
 Begin Bits: [0x0000000014b40000, 0x0000000016ae0000)
 End Bits:   [0x0000000016ae0000, 0x0000000018a80000)

Polling page: 0x00000000026e0000

CodeCache: size=245760Kb used=3452Kb max_used=3452Kb free=242307Kb
 bounds [0x00000000048d0000, 0x0000000004c30000, 0x00000000138d0000]
 total_blobs=1793 nmethods=1407 adapters=298
 compilation: enabled

Compilation events (10 events):
Event: 1.345 Thread 0x000000001bab3800 nmethod 1403 0x0000000004c2b750 code [0x0000000004c2b960, 0x0000000004c2c1f8]
Event: 1.345 Thread 0x000000001bab3800 1405       1       java.lang.invoke.LambdaForm::internArgument (84 bytes)
Event: 1.345 Thread 0x000000001bab3800 nmethod 1405 0x0000000004c2cb10 code [0x0000000004c2cc80, 0x0000000004c2cea8]
Event: 1.345 Thread 0x000000001bab3800 1404       1       java.lang.invoke.MemberName::getName (25 bytes)
Event: 1.346 Thread 0x000000001bab3800 nmethod 1404 0x0000000004c2d0d0 code [0x0000000004c2d240, 0x0000000004c2d3e8]
Event: 1.346 Thread 0x000000001bab3800 1406       1       java.lang.invoke.InvokerBytecodeGenerator::emitImplicitConversion (159 bytes)
Event: 1.346 Thread 0x000000001bab3800 nmethod 1406 0x0000000004c2d490 code [0x0000000004c2d6a0, 0x0000000004c2dc78]
Event: 1.346 Thread 0x000000001bab3800 1407       1       sun.invoke.util.VerifyType::isNullConversion (157 bytes)
Event: 1.347 Thread 0x000000001bab3800 nmethod 1407 0x0000000004c2e110 code [0x0000000004c2e2e0, 0x0000000004c2e8f8]
Event: 1.347 Thread 0x000000001bab3800 1409       1       org.springframework.asm.ClassReader::readCode (3619 bytes)

GC Heap History (6 events):
Event: 0.845 GC heap before
{Heap before GC invocations=1 (full 0):
 PSYoungGen      total 38400K, used 33280K [0x00000000d5d80000, 0x00000000d8800000, 0x0000000100000000)
  eden space 33280K, 100% used [0x00000000d5d80000,0x00000000d7e00000,0x00000000d7e00000)
  from space 5120K, 0% used [0x00000000d8300000,0x00000000d8300000,0x00000000d8800000)
  to   space 5120K, 0% used [0x00000000d7e00000,0x00000000d7e00000,0x00000000d8300000)
 ParOldGen       total 87552K, used 0K [0x0000000081800000, 0x0000000086d80000, 0x00000000d5d80000)
  object space 87552K, 0% used [0x0000000081800000,0x0000000081800000,0x0000000086d80000)
 Metaspace       used 10442K, capacity 10596K, committed 10880K, reserved 1058816K
  class space    used 1304K, capacity 1354K, committed 1408K, reserved 1048576K
Event: 0.850 GC heap after
Heap after GC invocations=1 (full 0):
 PSYoungGen      total 38400K, used 4436K [0x00000000d5d80000, 0x00000000d8800000, 0x0000000100000000)
  eden space 33280K, 0% used [0x00000000d5d80000,0x00000000d5d80000,0x00000000d7e00000)
  from space 5120K, 86% used [0x00000000d7e00000,0x00000000d8255028,0x00000000d8300000)
  to   space 5120K, 0% used [0x00000000d8300000,0x00000000d8300000,0x00000000d8800000)
 ParOldGen       total 87552K, used 16K [0x0000000081800000, 0x0000000086d80000, 0x00000000d5d80000)
  object space 87552K, 0% used [0x0000000081800000,0x0000000081804000,0x0000000086d80000)
 Metaspace       used 10442K, capacity 10596K, committed 10880K, reserved 1058816K
  class space    used 1304K, capacity 1354K, committed 1408K, reserved 1048576K
}
Event: 1.054 GC heap before
{Heap before GC invocations=2 (full 0):
 PSYoungGen      total 38400K, used 37716K [0x00000000d5d80000, 0x00000000d8800000, 0x0000000100000000)
  eden space 33280K, 100% used [0x00000000d5d80000,0x00000000d7e00000,0x00000000d7e00000)
  from space 5120K, 86% used [0x00000000d7e00000,0x00000000d8255028,0x00000000d8300000)
  to   space 5120K, 0% used [0x00000000d8300000,0x00000000d8300000,0x00000000d8800000)
 ParOldGen       total 87552K, used 19K [0x0000000081800000, 0x0000000086d80000, 0x00000000d5d80000)
  object space 87552K, 0% used [0x0000000081800000,0x0000000081804c10,0x0000000086d80000)
 Metaspace       used 13993K, capacity 14198K, committed 14464K, reserved 1062912K
  class space    used 1776K, capacity 1845K, committed 1920K, reserved 1048576K
Event: 1.064 GC heap after
Heap after GC invocations=2 (full 0):
 PSYoungGen      total 38400K, used 5116K [0x00000000d5d80000, 0x00000000d8800000, 0x0000000100000000)
  eden space 33280K, 0% used [0x00000000d5d80000,0x00000000d5d80000,0x00000000d7e00000)
  from space 5120K, 99% used [0x00000000d8300000,0x00000000d87ff258,0x00000000d8800000)
  to   space 5120K, 0% used [0x00000000d7e00000,0x00000000d7e00000,0x00000000d8300000)
 ParOldGen       total 87552K, used 1057K [0x0000000081800000, 0x0000000086d80000, 0x00000000d5d80000)
  object space 87552K, 1% used [0x0000000081800000,0x00000000819086b0,0x0000000086d80000)
 Metaspace       used 13993K, capacity 14198K, committed 14464K, reserved 1062912K
  class space    used 1776K, capacity 1845K, committed 1920K, reserved 1048576K
}
Event: 1.286 GC heap before
{Heap before GC invocations=3 (full 0):
 PSYoungGen      total 38400K, used 38396K [0x00000000d5d80000, 0x00000000d8800000, 0x0000000100000000)
  eden space 33280K, 100% used [0x00000000d5d80000,0x00000000d7e00000,0x00000000d7e00000)
  from space 5120K, 99% used [0x00000000d8300000,0x00000000d87ff258,0x00000000d8800000)
  to   space 5120K, 0% used [0x00000000d7e00000,0x00000000d7e00000,0x00000000d8300000)
 ParOldGen       total 87552K, used 1066K [0x0000000081800000, 0x0000000086d80000, 0x00000000d5d80000)
  object space 87552K, 1% used [0x0000000081800000,0x000000008190a9d8,0x0000000086d80000)
 Metaspace       used 17326K, capacity 17624K, committed 17920K, reserved 1064960K
  class space    used 2173K, capacity 2266K, committed 2304K, reserved 1048576K
Event: 1.294 GC heap after
Heap after GC invocations=3 (full 0):
 PSYoungGen      total 38400K, used 5095K [0x00000000d5d80000, 0x00000000d8800000, 0x0000000100000000)
  eden space 33280K, 0% used [0x00000000d5d80000,0x00000000d5d80000,0x00000000d7e00000)
  from space 5120K, 99% used [0x00000000d7e00000,0x00000000d82f9c38,0x00000000d8300000)
  to   space 5120K, 0% used [0x00000000d8300000,0x00000000d8300000,0x00000000d8800000)
 ParOldGen       total 87552K, used 2873K [0x0000000081800000, 0x0000000086d80000, 0x00000000d5d80000)
  object space 87552K, 3% used [0x0000000081800000,0x0000000081ace718,0x0000000086d80000)
 Metaspace       used 17326K, capacity 17624K, committed 17920K, reserved 1064960K
  class space    used 2173K, capacity 2266K, committed 2304K, reserved 1048576K
}

Deoptimization events (0 events):
No events

Classes redefined (0 events):
No events

Internal exceptions (10 events):
Event: 1.331 Thread 0x000000001c9e5800 Exception <a 'java/lang/ArrayIndexOutOfBoundsException'> (0x00000000d665ee80) thrown at [C:\re\workspace\8-2-build-windows-amd64-cygwin\jdk8u152\9742\hotspot\src\share\vm\runtime\sharedRuntime.cpp, line 605]
Event: 1.331 Thread 0x000000001c9e5800 Exception <a 'java/lang/ArrayIndexOutOfBoundsException'> (0x00000000d666c070) thrown at [C:\re\workspace\8-2-build-windows-amd64-cygwin\jdk8u152\9742\hotspot\src\share\vm\runtime\sharedRuntime.cpp, line 605]
Event: 1.332 Thread 0x000000001c9e5800 Exception <a 'java/lang/ArrayIndexOutOfBoundsException'> (0x00000000d6678e98) thrown at [C:\re\workspace\8-2-build-windows-amd64-cygwin\jdk8u152\9742\hotspot\src\share\vm\runtime\sharedRuntime.cpp, line 605]
Event: 1.332 Thread 0x000000001c9e5800 Exception <a 'java/lang/ArrayIndexOutOfBoundsException'> (0x00000000d6685ed8) thrown at [C:\re\workspace\8-2-build-windows-amd64-cygwin\jdk8u152\9742\hotspot\src\share\vm\runtime\sharedRuntime.cpp, line 605]
Event: 1.332 Thread 0x000000001c9e5800 Exception <a 'java/lang/ArrayIndexOutOfBoundsException'> (0x00000000d66929a8) thrown at [C:\re\workspace\8-2-build-windows-amd64-cygwin\jdk8u152\9742\hotspot\src\share\vm\runtime\sharedRuntime.cpp, line 605]
Event: 1.333 Thread 0x000000001c9e5800 Exception <a 'java/lang/ArrayIndexOutOfBoundsException'> (0x00000000d669f5c0) thrown at [C:\re\workspace\8-2-build-windows-amd64-cygwin\jdk8u152\9742\hotspot\src\share\vm\runtime\sharedRuntime.cpp, line 605]
Event: 1.333 Thread 0x000000001c9e5800 Exception <a 'java/lang/ArrayIndexOutOfBoundsException'> (0x00000000d66ac578) thrown at [C:\re\workspace\8-2-build-windows-amd64-cygwin\jdk8u152\9742\hotspot\src\share\vm\runtime\sharedRuntime.cpp, line 605]
Event: 1.333 Thread 0x000000001c9e5800 Exception <a 'java/lang/ArrayIndexOutOfBoundsException'> (0x00000000d66b8c98) thrown at [C:\re\workspace\8-2-build-windows-amd64-cygwin\jdk8u152\9742\hotspot\src\share\vm\runtime\sharedRuntime.cpp, line 605]
Event: 1.334 Thread 0x000000001c9e5800 Exception <a 'java/lang/ArrayIndexOutOfBoundsException'> (0x00000000d66c4f78) thrown at [C:\re\workspace\8-2-build-windows-amd64-cygwin\jdk8u152\9742\hotspot\src\share\vm\runtime\sharedRuntime.cpp, line 605]
Event: 1.334 Thread 0x000000001c9e5800 Exception <a 'java/lang/ArrayIndexOutOfBoundsException'> (0x00000000d674db38) thrown at [C:\re\workspace\8-2-build-windows-amd64-cygwin\jdk8u152\9742\hotspot\src\share\vm\runtime\sharedRuntime.cpp, line 605]

Events (10 events):
Event: 1.349 loading class java/time/format/DateTimeTextProvider$1 done
Event: 1.349 loading class java/time/format/DateTimeFormatterBuilder$1
Event: 1.349 loading class org/springframework/core/type/filter/AssignableTypeFilter
Event: 1.349 loading class org/springframework/core/type/filter/AssignableTypeFilter done
Event: 1.349 loading class java/time/format/DateTimeFormatterBuilder$1 done
Event: 1.349 loading class java/time/format/DateTimeFormatterBuilder$TextPrinterParser
Event: 1.350 loading class java/time/format/DateTimeFormatterBuilder$TextPrinterParser done
Event: 1.350 loading class java/time/Period
Event: 1.350 loading class java/time/chrono/ChronoPeriod
Event: 1.350 loading class org/springframework/boot/autoconfigure/context/MessageSourceAutoConfiguration$ResourceBundleCondition


Dynamic libraries:
0x00007ff7b6750000 - 0x00007ff7b6787000 	C:\Program Files\Java\jdk1.8.0_152\bin\java.exe
0x00007ffa4ce00000 - 0x00007ffa4cfe0000 	C:\WINDOWS\SYSTEM32\ntdll.dll
0x00007ffa4ac50000 - 0x00007ffa4acfe000 	C:\WINDOWS\System32\KERNEL32.DLL
0x00007ffa49200000 - 0x00007ffa49466000 	C:\WINDOWS\System32\KERNELBASE.dll
0x00007ffa4a5c0000 - 0x00007ffa4a661000 	C:\WINDOWS\System32\ADVAPI32.dll
0x00007ffa4aea0000 - 0x00007ffa4af3d000 	C:\WINDOWS\System32\msvcrt.dll
0x00007ffa4b590000 - 0x00007ffa4b5eb000 	C:\WINDOWS\System32\sechost.dll
0x00007ffa4b810000 - 0x00007ffa4b92f000 	C:\WINDOWS\System32\RPCRT4.dll
0x00007ffa4aac0000 - 0x00007ffa4ac4f000 	C:\WINDOWS\System32\USER32.dll
0x00007ffa4a110000 - 0x00007ffa4a130000 	C:\WINDOWS\System32\win32u.dll
0x00007ffa4b620000 - 0x00007ffa4b648000 	C:\WINDOWS\System32\GDI32.dll
0x00007ffa4a130000 - 0x00007ffa4a2c3000 	C:\WINDOWS\System32\gdi32full.dll
0x00007ffa496c0000 - 0x00007ffa4975b000 	C:\WINDOWS\System32\msvcp_win.dll
0x00007ffa49fc0000 - 0x00007ffa4a0b6000 	C:\WINDOWS\System32\ucrtbase.dll
0x00007ffa3dad0000 - 0x00007ffa3dd39000 	C:\WINDOWS\WinSxS\amd64_microsoft.windows.common-controls_6595b64144ccf1df_6.0.16299.371_none_15c7d1789365a290\COMCTL32.dll
0x00007ffa4b1d0000 - 0x00007ffa4b4d8000 	C:\WINDOWS\System32\combase.dll
0x00007ffa49470000 - 0x00007ffa494e2000 	C:\WINDOWS\System32\bcryptPrimitives.dll
0x00007ffa4b5f0000 - 0x00007ffa4b61d000 	C:\WINDOWS\System32\IMM32.DLL
0x000000006f800000 - 0x000000006f8d2000 	C:\Program Files\Java\jdk1.8.0_152\jre\bin\msvcr100.dll
0x000000006e0c0000 - 0x000000006e960000 	C:\Program Files\Java\jdk1.8.0_152\jre\bin\server\jvm.dll
0x00007ffa4a460000 - 0x00007ffa4a468000 	C:\WINDOWS\System32\PSAPI.DLL
0x00007ffa45ce0000 - 0x00007ffa45d03000 	C:\WINDOWS\SYSTEM32\WINMM.dll
0x00007ffa47e50000 - 0x00007ffa47e59000 	C:\WINDOWS\SYSTEM32\WSOCK32.dll
0x00007ffa41240000 - 0x00007ffa4124a000 	C:\WINDOWS\SYSTEM32\VERSION.dll
0x00007ffa4a550000 - 0x00007ffa4a5bc000 	C:\WINDOWS\System32\WS2_32.dll
0x00007ffa45c80000 - 0x00007ffa45caa000 	C:\WINDOWS\SYSTEM32\winmmbase.dll
0x00007ffa4a0c0000 - 0x00007ffa4a10a000 	C:\WINDOWS\System32\cfgmgr32.dll
0x000000006fb10000 - 0x000000006fb1f000 	C:\Program Files\Java\jdk1.8.0_152\jre\bin\verify.dll
0x000000006f7d0000 - 0x000000006f7f9000 	C:\Program Files\Java\jdk1.8.0_152\jre\bin\java.dll
0x000000006f360000 - 0x000000006f383000 	C:\Program Files\Java\jdk1.8.0_152\jre\bin\instrument.dll
0x000000006f7b0000 - 0x000000006f7c6000 	C:\Program Files\Java\jdk1.8.0_152\jre\bin\zip.dll
0x00007ffa4b930000 - 0x00007ffa4cd66000 	C:\WINDOWS\System32\SHELL32.dll
0x00007ffa4b4e0000 - 0x00007ffa4b586000 	C:\WINDOWS\System32\shcore.dll
0x00007ffa49870000 - 0x00007ffa49fb7000 	C:\WINDOWS\System32\windows.storage.dll
0x00007ffa4b7a0000 - 0x00007ffa4b7f1000 	C:\WINDOWS\System32\shlwapi.dll
0x00007ffa491e0000 - 0x00007ffa491f1000 	C:\WINDOWS\System32\kernel.appcore.dll
0x00007ffa49170000 - 0x00007ffa491bc000 	C:\WINDOWS\System32\powrprof.dll
0x00007ffa491c0000 - 0x00007ffa491db000 	C:\WINDOWS\System32\profapi.dll
0x00007ffa2fef0000 - 0x00007ffa2ff0a000 	C:\Program Files\JetBrains\IntelliJ IDEA 2018.1\bin\breakgen64.dll
0x000000006f790000 - 0x000000006f7aa000 	C:\Program Files\Java\jdk1.8.0_152\jre\bin\net.dll
0x00007ffa489e0000 - 0x00007ffa48a46000 	C:\WINDOWS\system32\mswsock.dll
0x000000006fb00000 - 0x000000006fb0d000 	C:\Program Files\Java\jdk1.8.0_152\jre\bin\management.dll
0x000000006f770000 - 0x000000006f781000 	C:\Program Files\Java\jdk1.8.0_152\jre\bin\nio.dll
0x00007ffa375e0000 - 0x00007ffa375f6000 	C:\WINDOWS\system32\napinsp.dll
0x00007ffa37430000 - 0x00007ffa3744a000 	C:\WINDOWS\system32\pnrpnsp.dll
0x00007ffa44a80000 - 0x00007ffa44a98000 	C:\WINDOWS\system32\NLAapi.dll
0x00007ffa487b0000 - 0x00007ffa48866000 	C:\WINDOWS\SYSTEM32\DNSAPI.dll
0x00007ffa4b800000 - 0x00007ffa4b808000 	C:\WINDOWS\System32\NSI.dll
0x00007ffa48770000 - 0x00007ffa487a9000 	C:\WINDOWS\SYSTEM32\IPHLPAPI.DLL
0x00007ffa36890000 - 0x00007ffa3689e000 	C:\WINDOWS\System32\winrnr.dll
0x00007ffa3e7f0000 - 0x00007ffa3e7fa000 	C:\Windows\System32\rasadhlp.dll
0x00007ffa3d110000 - 0x00007ffa3d180000 	C:\WINDOWS\System32\fwpuclnt.dll
0x00007ffa48cb0000 - 0x00007ffa48cd5000 	C:\WINDOWS\SYSTEM32\bcrypt.dll
0x00007ffa48bb0000 - 0x00007ffa48bc7000 	C:\WINDOWS\SYSTEM32\CRYPTSP.dll
0x00007ffa485e0000 - 0x00007ffa48613000 	C:\WINDOWS\system32\rsaenh.dll
0x00007ffa49080000 - 0x00007ffa490a9000 	C:\WINDOWS\SYSTEM32\USERENV.dll
0x00007ffa48ba0000 - 0x00007ffa48bab000 	C:\WINDOWS\SYSTEM32\CRYPTBASE.dll
0x00007ffa3e530000 - 0x00007ffa3e546000 	C:\WINDOWS\SYSTEM32\dhcpcsvc6.DLL
0x00007ffa3e440000 - 0x00007ffa3e45a000 	C:\WINDOWS\SYSTEM32\dhcpcsvc.DLL

VM Arguments:
jvm_args: -XX:TieredStopAtLevel=1 -Xverify:none -Dspring.output.ansi.enabled=always -Dcom.sun.management.jmxremote -Dcom.sun.management.jmxremote.port=54255 -Dcom.sun.management.jmxremote.authenticate=false -Dcom.sun.management.jmxremote.ssl=false -Djava.rmi.server.hostname=localhost -Dspring.liveBeansView.mbeanDomain -Dspring.application.admin.enabled=true -javaagent:C:\Program Files\JetBrains\IntelliJ IDEA 2018.1\lib\idea_rt.jar=54256:C:\Program Files\JetBrains\IntelliJ IDEA 2018.1\bin -Dfile.encoding=UTF-8 
java_command: com.crud.tasks.TasksApplication
java_class_path (initial): C:\Program Files\Java\jdk1.8.0_152\jre\lib\charsets.jar;C:\Program Files\Java\jdk1.8.0_152\jre\lib\deploy.jar;C:\Program Files\Java\jdk1.8.0_152\jre\lib\ext\access-bridge-64.jar;C:\Program Files\Java\jdk1.8.0_152\jre\lib\ext\cldrdata.jar;C:\Program Files\Java\jdk1.8.0_152\jre\lib\ext\dnsns.jar;C:\Program Files\Java\jdk1.8.0_152\jre\lib\ext\jaccess.jar;C:\Program Files\Java\jdk1.8.0_152\jre\lib\ext\jfxrt.jar;C:\Program Files\Java\jdk1.8.0_152\jre\lib\ext\localedata.jar;C:\Program Files\Java\jdk1.8.0_152\jre\lib\ext\nashorn.jar;C:\Program Files\Java\jdk1.8.0_152\jre\lib\ext\sunec.jar;C:\Program Files\Java\jdk1.8.0_152\jre\lib\ext\sunjce_provider.jar;C:\Program Files\Java\jdk1.8.0_152\jre\lib\ext\sunmscapi.jar;C:\Program Files\Java\jdk1.8.0_152\jre\lib\ext\sunpkcs11.jar;C:\Program Files\Java\jdk1.8.0_152\jre\lib\ext\zipfs.jar;C:\Program Files\Java\jdk1.8.0_152\jre\lib\javaws.jar;C:\Program Files\Java\jdk1.8.0_152\jre\lib\jce.jar;C:\Program Files\Java\jdk1.8.0_152\jre\lib\jfr.jar;C:\Program Files\Java\jdk1.8.0_152\jre\lib\jfxswt.jar;C:\Program Files\Java\jdk1.8.0_152\jre\lib\jsse.jar;C:\Program Files\Java\jdk1.8.0_152\jre\lib\management-agent.jar;C:\Program Files\Java\jdk1.8.0_152\jre\lib\plugin.jar;C:\Program Files\Java\jdk1.8.0_152\jre\lib\resources.jar;C:\Program Files\Java\jdk1.8.0_152\jre\lib\rt.jar;D:\Work\Java\Kodilla\Codes\Module 14\tasks\out\production\classes;C:\Users\kondm\.gradle\caches\modules-2\files-2.1\org.springframework.boot\spring-boot-starter-web\1.5.11.RELEASE\b3d6236a297ae236fbc3fef0cf0301b8e0eef658\spring-boot-starter-web-1.5.11.RELEASE.jar;C:\Users\kondm\.gradle\caches\modules-2\files-2.1\org.projectlombok\lombok\1.16.20\ac76d9b956045631d1561a09289cbf472e077c01\lombok-1.16.20.jar;C:\Users\kondm\.gradle\caches\modules-2\files-2.1\org.springframework.boot\spring-boot-starter-data-jpa\1.5.11.RELEASE\8fccb61592035e3df36c4a2575bc61f72d1f0736\spring-boot-starter-data-jpa-1.5.11.RELEASE.jar;C:\Users\kondm\.gradle\caches\modu
Launcher Type: SUN_STANDARD

Environment Variables:
JAVA_HOME=C:\Program Files\Java\jdk1.8.0_152
CLASSPATH=.;C:\Program Files (x86)\QuickTime\QTSystem\QTJava.zip
PATH=C:\ProgramData\Oracle\Java\javapath;C:\Program Files\Intel\WiFi\bin\;C:\Program Files\Common Files\Intel\WirelessCommon\;C:\Program Files (x86)\Skype\Phone\;C:\FPC\3.0.2\bin\i386-Win32;C:\WINDOWS\system32;C:\WINDOWS;C:\WINDOWS\System32\Wbem;C:\WINDOWS\System32\WindowsPowerShell\v1.0\;C:\Program Files (x86)\NVIDIA Corporation\PhysX\Common;C:\Program Files (x86)\QuickTime\QTSystem\;C:\WINDOWS\system32;C:\WINDOWS;C:\WINDOWS\System32\Wbem;C:\WINDOWS\System32\WindowsPowerShell\v1.0\;C:\Program Files\MySQL\MySQL Utilities 1.6\;C:\Program Files (x86)\Windows Kits\10\Windows Performance Toolkit\;C:\Program Files\Git\cmd;C:\Program Files\Java\jdk1.8.0_152\bin;C:\Program Files\Java\jre1.8.0_152;C:\MinGW\bin;C:\Qt\Qt5.9.1\5.9.1\mingw53_32\bin;C:\Users\kondm\AppData\Local\Programs\MiKTeX 2.9\miktex\bin\x64\;C:\Users\kondm\AppData\Local\GitHubDesktop\bin;C:\gradle-4.6\bin;C:\Program Files\Heroku\bin
USERNAME=kondm
OS=Windows_NT
PROCESSOR_IDENTIFIER=Intel64 Family 6 Model 94 Stepping 3, GenuineIntel



---------------  S Y S T E M  ---------------

OS: Windows 10.0 , 64 bit Build 16299 (10.0.16299.15)

CPU:total 8 (initial active 8) (4 cores per cpu, 2 threads per core) family 6 model 94 stepping 3, cmov, cx8, fxsr, mmx, sse, sse2, sse3, ssse3, sse4.1, sse4.2, popcnt, avx, avx2, aes, clmul, erms, rtm, 3dnowpref, lzcnt, ht, tsc, tscinvbit, bmi1, bmi2, adx

Memory: 4k page, physical 8284708k(1440532k free), swap 10236452k(4124k free)

vm_info: Java HotSpot(TM) 64-Bit Server VM (25.152-b16) for windows-amd64 JRE (1.8.0_152-b16), built on Sep 14 2017 02:29:36 by "java_re" with MS VC++ 10.0 (VS2010)

time: Fri Apr 20 17:19:13 2018
elapsed time: 1 seconds (0d 0h 0m 1s)

