#
# There is insufficient memory for the Java Runtime Environment to continue.
# Native memory allocation (malloc) failed to allocate 65552 bytes for Chunk::new
# Possible reasons:
#   The system is out of physical RAM or swap space
#   In 32 bit mode, the process size limit was hit
# Possible solutions:
#   Reduce memory load on the system
#   Increase physical memory or swap space
#   Check if swap backing store is full
#   Use 64 bit Java on a 64 bit OS
#   Decrease Java heap size (-Xmx/-Xms)
#   Decrease number of Java threads
#   Decrease Java thread stack sizes (-Xss)
#   Set larger code cache with -XX:ReservedCodeCacheSize=
# This output file may be truncated or incomplete.
#
#  Out of Memory Error (allocation.cpp:390), pid=4424, tid=0x0000000000003370
#
# JRE version: Java(TM) SE Runtime Environment (8.0_152-b16) (build 1.8.0_152-b16)
# Java VM: Java HotSpot(TM) 64-Bit Server VM (25.152-b16 mixed mode windows-amd64 compressed oops)
# Failed to write core dump. Minidumps are not enabled by default on client versions of Windows
#

---------------  T H R E A D  ---------------

Current thread (0x000000001bee7000):  JavaThread "C2 CompilerThread1" daemon [_thread_in_native, id=13168, stack(0x000000001cc40000,0x000000001cd40000)]

Stack: [0x000000001cc40000,0x000000001cd40000]
[error occurred during error reporting (printing stack bounds), id 0xc0000005]

Native frames: (J=compiled Java code, j=interpreted, Vv=VM code, C=native code)


Current CompileTask:
C2:   2383 1723       4       org.springframework.asm.Frame::execute (2252 bytes)


---------------  P R O C E S S  ---------------

Java Threads: ( => current thread )
  0x000000001df1c800 JavaThread "/127.0.0.1:53900 to /127.0.0.1:53899 workers Thread 3" [_thread_in_native, id=12052, stack(0x000000001ef50000,0x000000001f050000)]
  0x000000001df1b800 JavaThread "/127.0.0.1:53900 to /127.0.0.1:53899 workers Thread 2" [_thread_blocked, id=14180, stack(0x000000001ee50000,0x000000001ef50000)]
  0x000000001d915800 JavaThread "Test worker" [_thread_in_Java, id=14560, stack(0x000000001ea10000,0x000000001eb10000)]
  0x000000001bf1c000 JavaThread "Service Thread" daemon [_thread_blocked, id=10080, stack(0x000000001cf40000,0x000000001d040000)]
  0x000000001beee000 JavaThread "C1 CompilerThread3" daemon [_thread_in_native, id=704, stack(0x000000001ce40000,0x000000001cf40000)]
  0x000000001beea000 JavaThread "C2 CompilerThread2" daemon [_thread_in_native, id=13400, stack(0x000000001cd40000,0x000000001ce40000)]
=>0x000000001bee7000 JavaThread "C2 CompilerThread1" daemon [_thread_in_native, id=13168, stack(0x000000001cc40000,0x000000001cd40000)]
  0x000000001bee6000 JavaThread "C2 CompilerThread0" daemon [_thread_in_native, id=9832, stack(0x000000001cb40000,0x000000001cc40000)]
  0x000000001bee3800 JavaThread "Attach Listener" daemon [_thread_blocked, id=5348, stack(0x000000001ca40000,0x000000001cb40000)]
  0x000000001bedb800 JavaThread "Signal Dispatcher" daemon [_thread_blocked, id=11904, stack(0x000000001c940000,0x000000001ca40000)]
  0x0000000004fd9800 JavaThread "Finalizer" daemon [_thread_blocked, id=7896, stack(0x000000001c250000,0x000000001c350000)]
  0x0000000004fd6000 JavaThread "Reference Handler" daemon [_thread_blocked, id=12908, stack(0x000000001bd50000,0x000000001be50000)]
  0x00000000034be000 JavaThread "main" [_thread_blocked, id=11080, stack(0x0000000004d00000,0x0000000004e00000)]

Other Threads:
  0x0000000019f79000 VMThread [stack: 0x000000001bc50000,0x000000001bd50000] [id=1600]
  0x000000001bf1c800 WatcherThread [stack: 0x000000001d040000,0x000000001d140000] [id=8116]

VM state:not at safepoint (normal execution)

VM Mutex/Monitor currently owned by a thread: None

Heap:
 PSYoungGen      total 38400K, used 8177K [0x00000000d5d80000, 0x00000000d9e80000, 0x0000000100000000)
  eden space 29696K, 13% used [0x00000000d5d80000,0x00000000d614b330,0x00000000d7a80000)
  from space 8704K, 49% used [0x00000000d7a80000,0x00000000d7eb12c8,0x00000000d8300000)
  to   space 8704K, 0% used [0x00000000d9600000,0x00000000d9600000,0x00000000d9e80000)
 ParOldGen       total 52736K, used 6339K [0x0000000081800000, 0x0000000084b80000, 0x00000000d5d80000)
  object space 52736K, 12% used [0x0000000081800000,0x0000000081e30c00,0x0000000084b80000)
 Metaspace       used 25848K, capacity 26232K, committed 26368K, reserved 1073152K
  class space    used 3326K, capacity 3469K, committed 3584K, reserved 1048576K

Card table byte_map: [0x00000000143a0000,0x00000000147a0000] byte_map_base: 0x0000000013f94000

Marking Bits: (ParMarkBitMap*) 0x0000000061cb0860
 Begin Bits: [0x0000000015250000, 0x00000000171f0000)
 End Bits:   [0x00000000171f0000, 0x0000000019190000)

Polling page: 0x0000000002f80000

CodeCache: size=245760Kb used=6320Kb max_used=6320Kb free=239439Kb
 bounds [0x0000000004fe0000, 0x0000000005620000, 0x0000000013fe0000]
 total_blobs=2221 nmethods=1816 adapters=316
 compilation: enabled

Compilation events (10 events):
Event: 2.362 Thread 0x000000001beee000 nmethod 1808 0x00000000055d7990 code [0x00000000055d7ae0, 0x00000000055d7c10]
Event: 2.362 Thread 0x000000001beee000 1812       3       sun.misc.ProxyGenerator::addProxyMethod (234 bytes)
Event: 2.363 Thread 0x000000001beee000 nmethod 1812 0x00000000055d7c90 code [0x00000000055d7fc0, 0x00000000055d9d28]
Event: 2.363 Thread 0x000000001beee000 1813       3       java.lang.Class::privateGetPublicMethods (267 bytes)
Event: 2.364 Thread 0x000000001bee6000 nmethod 1733 0x00000000055def50 code [0x00000000055df120, 0x00000000055e08f8]
Event: 2.364 Thread 0x000000001bee6000 1797   !   4       java.lang.ref.ReferenceQueue::enqueue (119 bytes)
Event: 2.365 Thread 0x000000001beee000 nmethod 1813 0x00000000055dbbd0 code [0x00000000055dbfa0, 0x00000000055ddc28]
Event: 2.365 Thread 0x000000001beee000 1816       3       org.springframework.cglib.core.CodeEmitter::skipArgs (32 bytes)
Event: 2.365 Thread 0x000000001beee000 nmethod 1816 0x00000000055db590 code [0x00000000055db700, 0x00000000055dba10]
Event: 2.365 Thread 0x000000001beee000 1817       3       org.springframework.asm.MethodWriter::visitJumpInsn (494 bytes)

GC Heap History (10 events):
Event: 1.837 GC heap before
{Heap before GC invocations=4 (full 0):
 PSYoungGen      total 38400K, used 38380K [0x00000000d5d80000, 0x00000000d8800000, 0x0000000100000000)
  eden space 33280K, 100% used [0x00000000d5d80000,0x00000000d7e00000,0x00000000d7e00000)
  from space 5120K, 99% used [0x00000000d7e00000,0x00000000d82fb2a8,0x00000000d8300000)
  to   space 5120K, 0% used [0x00000000d8300000,0x00000000d8300000,0x00000000d8800000)
 ParOldGen       total 87552K, used 3709K [0x0000000081800000, 0x0000000086d80000, 0x00000000d5d80000)
  object space 87552K, 4% used [0x0000000081800000,0x0000000081b9f6b0,0x0000000086d80000)
 Metaspace       used 20437K, capacity 20658K, committed 20992K, reserved 1067008K
  class space    used 2623K, capacity 2725K, committed 2816K, reserved 1048576K
Event: 1.842 GC heap after
Heap after GC invocations=4 (full 0):
 PSYoungGen      total 38400K, used 5104K [0x00000000d5d80000, 0x00000000d8800000, 0x0000000100000000)
  eden space 33280K, 0% used [0x00000000d5d80000,0x00000000d5d80000,0x00000000d7e00000)
  from space 5120K, 99% used [0x00000000d8300000,0x00000000d87fc040,0x00000000d8800000)
  to   space 5120K, 0% used [0x00000000d7e00000,0x00000000d7e00000,0x00000000d8300000)
 ParOldGen       total 87552K, used 6160K [0x0000000081800000, 0x0000000086d80000, 0x00000000d5d80000)
  object space 87552K, 7% used [0x0000000081800000,0x0000000081e04268,0x0000000086d80000)
 Metaspace       used 20437K, capacity 20658K, committed 20992K, reserved 1067008K
  class space    used 2623K, capacity 2725K, committed 2816K, reserved 1048576K
}
Event: 1.921 GC heap before
{Heap before GC invocations=5 (full 0):
 PSYoungGen      total 38400K, used 17784K [0x00000000d5d80000, 0x00000000d8800000, 0x0000000100000000)
  eden space 33280K, 38% used [0x00000000d5d80000,0x00000000d69e21e0,0x00000000d7e00000)
  from space 5120K, 99% used [0x00000000d8300000,0x00000000d87fc040,0x00000000d8800000)
  to   space 5120K, 0% used [0x00000000d7e00000,0x00000000d7e00000,0x00000000d8300000)
 ParOldGen       total 87552K, used 6160K [0x0000000081800000, 0x0000000086d80000, 0x00000000d5d80000)
  object space 87552K, 7% used [0x0000000081800000,0x0000000081e04268,0x0000000086d80000)
 Metaspace       used 20942K, capacity 21230K, committed 21248K, reserved 1067008K
  class space    used 2668K, capacity 2799K, committed 2816K, reserved 1048576K
Event: 1.939 GC heap after
Heap after GC invocations=5 (full 0):
 PSYoungGen      total 38400K, used 5099K [0x00000000d5d80000, 0x00000000d8800000, 0x0000000100000000)
  eden space 33280K, 0% used [0x00000000d5d80000,0x00000000d5d80000,0x00000000d7e00000)
  from space 5120K, 99% used [0x00000000d7e00000,0x00000000d82fad98,0x00000000d8300000)
  to   space 5120K, 0% used [0x00000000d8300000,0x00000000d8300000,0x00000000d8800000)
 ParOldGen       total 87552K, used 7468K [0x0000000081800000, 0x0000000086d80000, 0x00000000d5d80000)
  object space 87552K, 8% used [0x0000000081800000,0x0000000081f4b3e8,0x0000000086d80000)
 Metaspace       used 20942K, capacity 21230K, committed 21248K, reserved 1067008K
  class space    used 2668K, capacity 2799K, committed 2816K, reserved 1048576K
}
Event: 1.939 GC heap before
{Heap before GC invocations=6 (full 1):
 PSYoungGen      total 38400K, used 5099K [0x00000000d5d80000, 0x00000000d8800000, 0x0000000100000000)
  eden space 33280K, 0% used [0x00000000d5d80000,0x00000000d5d80000,0x00000000d7e00000)
  from space 5120K, 99% used [0x00000000d7e00000,0x00000000d82fad98,0x00000000d8300000)
  to   space 5120K, 0% used [0x00000000d8300000,0x00000000d8300000,0x00000000d8800000)
 ParOldGen       total 87552K, used 7468K [0x0000000081800000, 0x0000000086d80000, 0x00000000d5d80000)
  object space 87552K, 8% used [0x0000000081800000,0x0000000081f4b3e8,0x0000000086d80000)
 Metaspace       used 20942K, capacity 21230K, committed 21248K, reserved 1067008K
  class space    used 2668K, capacity 2799K, committed 2816K, reserved 1048576K
Event: 1.962 GC heap after
Heap after GC invocations=6 (full 1):
 PSYoungGen      total 38400K, used 0K [0x00000000d5d80000, 0x00000000d8800000, 0x0000000100000000)
  eden space 33280K, 0% used [0x00000000d5d80000,0x00000000d5d80000,0x00000000d7e00000)
  from space 5120K, 0% used [0x00000000d7e00000,0x00000000d7e00000,0x00000000d8300000)
  to   space 5120K, 0% used [0x00000000d8300000,0x00000000d8300000,0x00000000d8800000)
 ParOldGen       total 52736K, used 6331K [0x0000000081800000, 0x0000000084b80000, 0x00000000d5d80000)
  object space 52736K, 12% used [0x0000000081800000,0x0000000081e2ec00,0x0000000084b80000)
 Metaspace       used 20942K, capacity 21230K, committed 21248K, reserved 1067008K
  class space    used 2668K, capacity 2799K, committed 2816K, reserved 1048576K
}
Event: 2.111 GC heap before
{Heap before GC invocations=7 (full 1):
 PSYoungGen      total 38400K, used 33280K [0x00000000d5d80000, 0x00000000d8800000, 0x0000000100000000)
  eden space 33280K, 100% used [0x00000000d5d80000,0x00000000d7e00000,0x00000000d7e00000)
  from space 5120K, 0% used [0x00000000d7e00000,0x00000000d7e00000,0x00000000d8300000)
  to   space 5120K, 0% used [0x00000000d8300000,0x00000000d8300000,0x00000000d8800000)
 ParOldGen       total 52736K, used 6331K [0x0000000081800000, 0x0000000084b80000, 0x00000000d5d80000)
  object space 52736K, 12% used [0x0000000081800000,0x0000000081e2ec00,0x0000000084b80000)
 Metaspace       used 23754K, capacity 24066K, committed 24192K, reserved 1071104K
  class space    used 3046K, capacity 3140K, committed 3200K, reserved 1048576K
Event: 2.114 GC heap after
Heap after GC invocations=7 (full 1):
 PSYoungGen      total 34816K, used 3412K [0x00000000d5d80000, 0x00000000da500000, 0x0000000100000000)
  eden space 29696K, 0% used [0x00000000d5d80000,0x00000000d5d80000,0x00000000d7a80000)
  from space 5120K, 66% used [0x00000000d8300000,0x00000000d8655058,0x00000000d8800000)
  to   space 8704K, 0% used [0x00000000d7a80000,0x00000000d7a80000,0x00000000d8300000)
 ParOldGen       total 52736K, used 6331K [0x0000000081800000, 0x0000000084b80000, 0x00000000d5d80000)
  object space 52736K, 12% used [0x0000000081800000,0x0000000081e2ec00,0x0000000084b80000)
 Metaspace       used 23754K, capacity 24066K, committed 24192K, reserved 1071104K
  class space    used 3046K, capacity 3140K, committed 3200K, reserved 1048576K
}
Event: 2.354 GC heap before
{Heap before GC invocations=8 (full 1):
 PSYoungGen      total 34816K, used 33108K [0x00000000d5d80000, 0x00000000da500000, 0x0000000100000000)
  eden space 29696K, 100% used [0x00000000d5d80000,0x00000000d7a80000,0x00000000d7a80000)
  from space 5120K, 66% used [0x00000000d8300000,0x00000000d8655058,0x00000000d8800000)
  to   space 8704K, 0% used [0x00000000d7a80000,0x00000000d7a80000,0x00000000d8300000)
 ParOldGen       total 52736K, used 6331K [0x0000000081800000, 0x0000000084b80000, 0x00000000d5d80000)
  object space 52736K, 12% used [0x0000000081800000,0x0000000081e2ec00,0x0000000084b80000)
 Metaspace       used 25728K, capacity 26072K, committed 26240K, reserved 1073152K
  class space    used 3315K, capacity 3437K, committed 3456K, reserved 1048576K
Event: 2.358 GC heap after
Heap after GC invocations=8 (full 1):
 PSYoungGen      total 38400K, used 4292K [0x00000000d5d80000, 0x00000000d9e80000, 0x0000000100000000)
  eden space 29696K, 0% used [0x00000000d5d80000,0x00000000d5d80000,0x00000000d7a80000)
  from space 8704K, 49% used [0x00000000d7a80000,0x00000000d7eb12c8,0x00000000d8300000)
  to   space 8704K, 0% used [0x00000000d9600000,0x00000000d9600000,0x00000000d9e80000)
 ParOldGen       total 52736K, used 6339K [0x0000000081800000, 0x0000000084b80000, 0x00000000d5d80000)
  object space 52736K, 12% used [0x0000000081800000,0x0000000081e30c00,0x0000000084b80000)
 Metaspace       used 25728K, capacity 26072K, committed 26240K, reserved 1073152K
  class space    used 3315K, capacity 3437K, committed 3456K, reserved 1048576K
}

Deoptimization events (10 events):
Event: 1.894 Thread 0x000000001d915800 Uncommon trap: reason=bimorphic action=maybe_recompile pc=0x00000000053aa2c4 method=java.util.HashMap.putVal(ILjava/lang/Object;Ljava/lang/Object;ZZ)Ljava/lang/Object; @ 203
Event: 1.895 Thread 0x000000001e2c6800 Uncommon trap: reason=unstable_if action=reinterpret pc=0x000000000555baa0 method=com.sun.org.apache.xerces.internal.impl.XMLEntityScanner.skipSpaces()Z @ 125
Event: 1.910 Thread 0x000000001e2c6800 Uncommon trap: reason=unstable_if action=reinterpret pc=0x0000000005567d40 method=com.sun.org.apache.xerces.internal.util.SymbolTable.addSymbol([CII)Ljava/lang/String; @ 38
Event: 1.911 Thread 0x000000001e2c6800 Uncommon trap: reason=unstable_if action=reinterpret pc=0x0000000005531010 method=com.sun.org.apache.xerces.internal.impl.XMLEntityScanner.scanLiteral(ILcom/sun/org/apache/xerces/internal/xni/XMLString;Z)I @ 44
Event: 1.916 Thread 0x000000001d915800 Uncommon trap: reason=bimorphic action=maybe_recompile pc=0x00000000053aa2c4 method=java.util.HashMap.putVal(ILjava/lang/Object;Ljava/lang/Object;ZZ)Ljava/lang/Object; @ 203
Event: 1.987 Thread 0x000000001d915800 Uncommon trap: reason=bimorphic action=maybe_recompile pc=0x00000000053aa2c4 method=java.util.HashMap.putVal(ILjava/lang/Object;Ljava/lang/Object;ZZ)Ljava/lang/Object; @ 203
Event: 1.987 Thread 0x000000001d915800 Uncommon trap: reason=bimorphic action=maybe_recompile pc=0x00000000053aa2c4 method=java.util.HashMap.putVal(ILjava/lang/Object;Ljava/lang/Object;ZZ)Ljava/lang/Object; @ 203
Event: 2.017 Thread 0x000000001e2c6800 Uncommon trap: reason=class_check action=maybe_recompile pc=0x00000000053fa4dc method=java.util.regex.Matcher.search(I)Z @ 86
Event: 2.017 Thread 0x000000001e2c6800 Uncommon trap: reason=unstable_if action=reinterpret pc=0x00000000053e341c method=java.util.regex.Pattern$BmpCharProperty.match(Ljava/util/regex/Matcher;ILjava/lang/CharSequence;)Z @ 5
Event: 2.045 Thread 0x000000001d915800 Uncommon trap: reason=bimorphic action=maybe_recompile pc=0x00000000053b65d8 method=java.util.HashMap.putVal(ILjava/lang/Object;Ljava/lang/Object;ZZ)Ljava/lang/Object; @ 203

Classes redefined (0 events):
No events

Internal exceptions (10 events):
Event: 1.286 Thread 0x000000001d915800 Exception <a 'java/lang/ClassNotFoundException': org/springframework/boot/SpringApplicationCustomizer> (0x00000000d5fab918) thrown at [C:\re\workspace\8-2-build-windows-amd64-cygwin\jdk8u152\9742\hotspot\src\share\vm\classfile\systemDictionary.cpp, line 2
Event: 1.626 Thread 0x000000001d915800 Implicit null exception at 0x00000000052558d5 to 0x0000000005255ad1
Event: 1.694 Thread 0x000000001d915800 Exception <a 'java/lang/ClassNotFoundException': java/lang/ObjectCustomizer> (0x00000000d5da4760) thrown at [C:\re\workspace\8-2-build-windows-amd64-cygwin\jdk8u152\9742\hotspot\src\share\vm\classfile\systemDictionary.cpp, line 210]
Event: 1.694 Thread 0x000000001d915800 Exception <a 'java/lang/ClassNotFoundException': org/springframework/context/annotation/ConfigurationClassPostProcessorCustomizer> (0x00000000d5dc5d10) thrown at [C:\re\workspace\8-2-build-windows-amd64-cygwin\jdk8u152\9742\hotspot\src\share\vm\classfile\
Event: 1.695 Thread 0x000000001d915800 Exception <a 'java/lang/ClassNotFoundException': org/springframework/beans/factory/support/BeanDefinitionRegistryPostProcessorCustomizer> (0x00000000d5df6cd8) thrown at [C:\re\workspace\8-2-build-windows-amd64-cygwin\jdk8u152\9742\hotspot\src\share\vm\cla
Event: 1.696 Thread 0x000000001d915800 Exception <a 'java/lang/ClassNotFoundException': org/springframework/core/PriorityOrderedCustomizer> (0x00000000d5e77058) thrown at [C:\re\workspace\8-2-build-windows-amd64-cygwin\jdk8u152\9742\hotspot\src\share\vm\classfile\systemDictionary.cpp, line 210
Event: 1.696 Thread 0x000000001d915800 Exception <a 'java/lang/ClassNotFoundException': org/springframework/context/ResourceLoaderAwareCustomizer> (0x00000000d5e8e268) thrown at [C:\re\workspace\8-2-build-windows-amd64-cygwin\jdk8u152\9742\hotspot\src\share\vm\classfile\systemDictionary.cpp, l
Event: 1.696 Thread 0x000000001d915800 Exception <a 'java/lang/ClassNotFoundException': org/springframework/beans/factory/BeanClassLoaderAwareCustomizer> (0x00000000d5ea88c0) thrown at [C:\re\workspace\8-2-build-windows-amd64-cygwin\jdk8u152\9742\hotspot\src\share\vm\classfile\systemDictionary
Event: 1.697 Thread 0x000000001d915800 Exception <a 'java/lang/ClassNotFoundException': org/springframework/context/EnvironmentAwareCustomizer> (0x00000000d5ec01e8) thrown at [C:\re\workspace\8-2-build-windows-amd64-cygwin\jdk8u152\9742\hotspot\src\share\vm\classfile\systemDictionary.cpp, line
Event: 1.984 Thread 0x000000001d915800 Exception <a 'java/io/FileNotFoundException'> (0x00000000d614b768) thrown at [C:\re\workspace\8-2-build-windows-amd64-cygwin\jdk8u152\9742\hotspot\src\share\vm\prims\jni.cpp, line 709]

Events (10 events):
Event: 2.350 loading class org/springframework/boot/info/GitProperties
Event: 2.351 loading class org/springframework/boot/info/GitProperties done
Event: 2.352 Thread 0x000000001d915800 DEOPT PACKING pc=0x00000000050f6672 sp=0x000000001eb0bff0
Event: 2.352 Thread 0x000000001d915800 DEOPT UNPACKING pc=0x000000000502787f sp=0x000000001eb0bd50 mode 0
Event: 2.353 loading class org/springframework/jdbc/datasource/DataSourceTransactionManager
Event: 2.353 loading class org/springframework/jdbc/datasource/DataSourceTransactionManager done
Event: 2.354 loading class org/springframework/transaction/support/ResourceTransactionManager
Event: 2.354 loading class org/springframework/transaction/support/ResourceTransactionManager done
Event: 2.354 Executing VM operation: ParallelGCFailedAllocation
Event: 2.358 Executing VM operation: ParallelGCFailedAllocation done


Dynamic libraries:
0x00007ff73a870000 - 0x00007ff73a8a7000 	C:\Program Files\Java\jdk1.8.0_152\bin\java.exe
0x00007ffb2ebe0000 - 0x00007ffb2edc0000 	C:\WINDOWS\SYSTEM32\ntdll.dll
0x00007ffb2c0b0000 - 0x00007ffb2c15e000 	C:\WINDOWS\System32\KERNEL32.DLL
0x00007ffb2b260000 - 0x00007ffb2b4c6000 	C:\WINDOWS\System32\KERNELBASE.dll
0x00007ffb2e690000 - 0x00007ffb2e731000 	C:\WINDOWS\System32\ADVAPI32.dll
0x00007ffb2c9d0000 - 0x00007ffb2ca6d000 	C:\WINDOWS\System32\msvcrt.dll
0x00007ffb2e630000 - 0x00007ffb2e68b000 	C:\WINDOWS\System32\sechost.dll
0x00007ffb2e020000 - 0x00007ffb2e13f000 	C:\WINDOWS\System32\RPCRT4.dll
0x00007ffb2e3f0000 - 0x00007ffb2e57f000 	C:\WINDOWS\System32\USER32.dll
0x00007ffb2c090000 - 0x00007ffb2c0b0000 	C:\WINDOWS\System32\win32u.dll
0x00007ffb2c620000 - 0x00007ffb2c648000 	C:\WINDOWS\System32\GDI32.dll
0x00007ffb2b4d0000 - 0x00007ffb2b663000 	C:\WINDOWS\System32\gdi32full.dll
0x00007ffb2bff0000 - 0x00007ffb2c08b000 	C:\WINDOWS\System32\msvcp_win.dll
0x00007ffb2be40000 - 0x00007ffb2bf36000 	C:\WINDOWS\System32\ucrtbase.dll
0x00007ffb261a0000 - 0x00007ffb26409000 	C:\WINDOWS\WinSxS\amd64_microsoft.windows.common-controls_6595b64144ccf1df_6.0.16299.371_none_15c7d1789365a290\COMCTL32.dll
0x00007ffb2c6c0000 - 0x00007ffb2c9c8000 	C:\WINDOWS\System32\combase.dll
0x00007ffb2bdc0000 - 0x00007ffb2be32000 	C:\WINDOWS\System32\bcryptPrimitives.dll
0x00007ffb2c400000 - 0x00007ffb2c42d000 	C:\WINDOWS\System32\IMM32.DLL
0x0000000061d30000 - 0x0000000061e02000 	C:\Program Files\Java\jdk1.8.0_152\jre\bin\msvcr100.dll
0x0000000061490000 - 0x0000000061d30000 	C:\Program Files\Java\jdk1.8.0_152\jre\bin\server\jvm.dll
0x00007ffb2eba0000 - 0x00007ffb2eba8000 	C:\WINDOWS\System32\PSAPI.DLL
0x00007ffb26c90000 - 0x00007ffb26c9a000 	C:\WINDOWS\SYSTEM32\VERSION.dll
0x00007ffb29be0000 - 0x00007ffb29be9000 	C:\WINDOWS\SYSTEM32\WSOCK32.dll
0x00007ffb26eb0000 - 0x00007ffb26ed3000 	C:\WINDOWS\SYSTEM32\WINMM.dll
0x00007ffb2c650000 - 0x00007ffb2c6bc000 	C:\WINDOWS\System32\WS2_32.dll
0x00007ffb26e40000 - 0x00007ffb26e6a000 	C:\WINDOWS\SYSTEM32\WINMMBASE.dll
0x00007ffb2b210000 - 0x00007ffb2b25a000 	C:\WINDOWS\System32\cfgmgr32.dll
0x0000000062940000 - 0x000000006294f000 	C:\Program Files\Java\jdk1.8.0_152\jre\bin\verify.dll
0x0000000062910000 - 0x0000000062939000 	C:\Program Files\Java\jdk1.8.0_152\jre\bin\java.dll
0x00000000628f0000 - 0x0000000062906000 	C:\Program Files\Java\jdk1.8.0_152\jre\bin\zip.dll
0x00007ffb2cbe0000 - 0x00007ffb2e016000 	C:\WINDOWS\System32\SHELL32.dll
0x00007ffb2e140000 - 0x00007ffb2e1e6000 	C:\WINDOWS\System32\shcore.dll
0x00007ffb2b670000 - 0x00007ffb2bdb7000 	C:\WINDOWS\System32\windows.storage.dll
0x00007ffb2c430000 - 0x00007ffb2c481000 	C:\WINDOWS\System32\shlwapi.dll
0x00007ffb2af30000 - 0x00007ffb2af41000 	C:\WINDOWS\System32\kernel.appcore.dll
0x00007ffb2af90000 - 0x00007ffb2afdc000 	C:\WINDOWS\System32\powrprof.dll
0x00007ffb2af50000 - 0x00007ffb2af6b000 	C:\WINDOWS\System32\profapi.dll
0x00000000628d0000 - 0x00000000628ea000 	C:\Program Files\Java\jdk1.8.0_152\jre\bin\net.dll
0x00007ffb2a7c0000 - 0x00007ffb2a826000 	C:\WINDOWS\system32\mswsock.dll
0x00000000628b0000 - 0x00000000628c1000 	C:\Program Files\Java\jdk1.8.0_152\jre\bin\nio.dll
0x00007ffb27be0000 - 0x00007ffb27bfe000 	C:\Users\kondm\.gradle\native\25\windows-amd64\native-platform.dll
0x00007ffb2a980000 - 0x00007ffb2a997000 	C:\WINDOWS\SYSTEM32\CRYPTSP.dll
0x00007ffb2a3c0000 - 0x00007ffb2a3f3000 	C:\WINDOWS\system32\rsaenh.dll
0x00007ffb2aa90000 - 0x00007ffb2aab5000 	C:\WINDOWS\SYSTEM32\bcrypt.dll
0x00007ffb2ae30000 - 0x00007ffb2ae59000 	C:\WINDOWS\SYSTEM32\USERENV.dll
0x00007ffb2a9a0000 - 0x00007ffb2a9ab000 	C:\WINDOWS\SYSTEM32\CRYPTBASE.dll
0x00007ffb2a550000 - 0x00007ffb2a589000 	C:\WINDOWS\SYSTEM32\IPHLPAPI.DLL
0x00007ffb2e740000 - 0x00007ffb2e748000 	C:\WINDOWS\System32\NSI.dll
0x00007ffb22b70000 - 0x00007ffb22b86000 	C:\WINDOWS\SYSTEM32\dhcpcsvc6.DLL
0x00007ffb22b50000 - 0x00007ffb22b6a000 	C:\WINDOWS\SYSTEM32\dhcpcsvc.DLL
0x00000000628a0000 - 0x00000000628ad000 	C:\Program Files\Java\jdk1.8.0_152\jre\bin\management.dll
0x00007ffb1d600000 - 0x00007ffb1d616000 	C:\WINDOWS\system32\napinsp.dll
0x00007ffb1d5e0000 - 0x00007ffb1d5fa000 	C:\WINDOWS\system32\pnrpnsp.dll
0x00007ffb27b80000 - 0x00007ffb27b98000 	C:\WINDOWS\system32\NLAapi.dll
0x00007ffb2a590000 - 0x00007ffb2a646000 	C:\WINDOWS\SYSTEM32\DNSAPI.dll
0x00007ffb1d5d0000 - 0x00007ffb1d5de000 	C:\WINDOWS\System32\winrnr.dll
0x00007ffb22920000 - 0x00007ffb2292a000 	C:\Windows\System32\rasadhlp.dll
0x00007ffb22bf0000 - 0x00007ffb22c60000 	C:\WINDOWS\System32\fwpuclnt.dll

VM Arguments:
jvm_args: -Djava.security.manager=worker.org.gradle.process.internal.worker.child.BootstrapSecurityManager -Dfile.encoding=windows-1250 -Duser.country=PL -Duser.language=pl -Duser.variant -ea 
java_command: worker.org.gradle.process.internal.worker.GradleWorkerMain 'Gradle Test Executor 1'
java_class_path (initial): C:\Users\kondm\.gradle\caches\3.5.1\workerMain\gradle-worker.jar
Launcher Type: SUN_STANDARD

Environment Variables:
JAVA_HOME=C:\Program Files\Java\jdk1.8.0_152
CLASSPATH=D:\Work\Java\Kodilla\Codes\Module 14\tasks\\gradle\wrapper\gradle-wrapper.jar
PATH=C:\ProgramData\Oracle\Java\javapath;C:\Program Files\Intel\WiFi\bin\;C:\Program Files\Common Files\Intel\WirelessCommon\;C:\Program Files (x86)\Skype\Phone\;C:\FPC\3.0.2\bin\i386-Win32;C:\WINDOWS\system32;C:\WINDOWS;C:\WINDOWS\System32\Wbem;C:\WINDOWS\System32\WindowsPowerShell\v1.0\;C:\Program Files (x86)\NVIDIA Corporation\PhysX\Common;C:\Program Files (x86)\QuickTime\QTSystem\;C:\WINDOWS\system32;C:\WINDOWS;C:\WINDOWS\System32\Wbem;C:\WINDOWS\System32\WindowsPowerShell\v1.0\;C:\Program Files\MySQL\MySQL Utilities 1.6\;C:\Program Files (x86)\Windows Kits\10\Windows Performance Toolkit\;C:\Program Files\Git\cmd;C:\Program Files\Java\jdk1.8.0_152\bin;C:\Program Files\Java\jre1.8.0_152;C:\MinGW\bin;C:\Qt\Qt5.9.1\5.9.1\mingw53_32\bin;C:\Users\kondm\AppData\Local\Programs\MiKTeX 2.9\miktex\bin\x64\;C:\Users\kondm\AppData\Local\GitHubDesktop\bin;C:\gradle-4.6\bin;
USERNAME=kondm
OS=Windows_NT
PROCESSOR_IDENTIFIER=Intel64 Family 6 Model 94 Stepping 3, GenuineIntel



---------------  S Y S T E M  ---------------

OS: Windows 10.0 , 64 bit Build 16299 (10.0.16299.15)

CPU:total 8 (initial active 8) (4 cores per cpu, 2 threads per core) family 6 model 94 stepping 3, cmov, cx8, fxsr, mmx, sse, sse2, sse3, ssse3, sse4.1, sse4.2, popcnt, avx, avx2, aes, clmul, erms, rtm, 3dnowpref, lzcnt, ht, tsc, tscinvbit, bmi1, bmi2, adx

Memory: 4k page, physical 8284708k(1578092k free), swap 10236452k(4172k free)

vm_info: Java HotSpot(TM) 64-Bit Server VM (25.152-b16) for windows-amd64 JRE (1.8.0_152-b16), built on Sep 14 2017 02:29:36 by "java_re" with MS VC++ 10.0 (VS2010)

time: Mon Apr 16 16:31:59 2018
elapsed time: 2 seconds (0d 0h 0m 2s)

