#
# There is insufficient memory for the Java Runtime Environment to continue.
# Native memory allocation (malloc) failed to allocate 32744 bytes for ChunkPool::allocate
# Possible reasons:
#   The system is out of physical RAM or swap space
#   In 32 bit mode, the process size limit was hit
# Possible solutions:
#   Reduce memory load on the system
#   Increase physical memory or swap space
#   Check if swap backing store is full
#   Use 64 bit Java on a 64 bit OS
#   Decrease Java heap size (-Xmx/-Xms)
#   Decrease number of Java threads
#   Decrease Java thread stack sizes (-Xss)
#   Set larger code cache with -XX:ReservedCodeCacheSize=
# This output file may be truncated or incomplete.
#
#  Out of Memory Error (allocation.cpp:273), pid=5624, tid=0x0000000000002ab4
#
# JRE version: Java(TM) SE Runtime Environment (8.0_152-b16) (build 1.8.0_152-b16)
# Java VM: Java HotSpot(TM) 64-Bit Server VM (25.152-b16 mixed mode windows-amd64 compressed oops)
# Failed to write core dump. Minidumps are not enabled by default on client versions of Windows
#

---------------  T H R E A D  ---------------

Current thread (0x000000001bbd5800):  JavaThread "C2 CompilerThread0" daemon [_thread_in_native, id=10932, stack(0x000000001c830000,0x000000001c930000)]

Stack: [0x000000001c830000,0x000000001c930000]
[error occurred during error reporting (printing stack bounds), id 0xc0000005]

Native frames: (J=compiled Java code, j=interpreted, Vv=VM code, C=native code)


Current CompileTask:
C2:   2140 2322       4       org.springframework.asm.ClassWriter::newUTF8 (70 bytes)


---------------  P R O C E S S  ---------------

Java Threads: ( => current thread )
  0x000000001d5f4000 JavaThread "/127.0.0.1:52916 to /127.0.0.1:52914 workers Thread 3" [_thread_in_native, id=13628, stack(0x000000001ec40000,0x000000001ed40000)]
  0x000000001d5f5800 JavaThread "/127.0.0.1:52916 to /127.0.0.1:52914 workers Thread 2" [_thread_blocked, id=1288, stack(0x000000001eb40000,0x000000001ec40000)]
  0x000000001d5f2800 JavaThread "Test worker" [_thread_in_vm, id=7900, stack(0x000000001e700000,0x000000001e800000)]
  0x000000001bc9a800 JavaThread "Service Thread" daemon [_thread_blocked, id=12660, stack(0x000000001cc30000,0x000000001cd30000)]
  0x000000001bbdd800 JavaThread "C1 CompilerThread3" daemon [_thread_blocked, id=7216, stack(0x000000001cb30000,0x000000001cc30000)]
  0x000000001bbd9800 JavaThread "C2 CompilerThread2" daemon [_thread_in_native, id=11596, stack(0x000000001ca30000,0x000000001cb30000)]
  0x000000001bbd6800 JavaThread "C2 CompilerThread1" daemon [_thread_in_native, id=14060, stack(0x000000001c930000,0x000000001ca30000)]
=>0x000000001bbd5800 JavaThread "C2 CompilerThread0" daemon [_thread_in_native, id=10932, stack(0x000000001c830000,0x000000001c930000)]
  0x000000001bbd2800 JavaThread "Attach Listener" daemon [_thread_blocked, id=12584, stack(0x000000001c730000,0x000000001c830000)]
  0x000000001bbcb000 JavaThread "Signal Dispatcher" daemon [_thread_blocked, id=14884, stack(0x000000001c630000,0x000000001c730000)]
  0x0000000004c19800 JavaThread "Finalizer" daemon [_thread_blocked, id=11676, stack(0x000000001bf40000,0x000000001c040000)]
  0x0000000004c16000 JavaThread "Reference Handler" daemon [_thread_blocked, id=224, stack(0x000000001ba40000,0x000000001bb40000)]
  0x0000000004cbe000 JavaThread "main" [_thread_blocked, id=4400, stack(0x00000000049f0000,0x0000000004af0000)]

Other Threads:
  0x0000000019c59000 VMThread [stack: 0x000000001b940000,0x000000001ba40000] [id=8984]
  0x000000001bcc4800 WatcherThread [stack: 0x000000001cd30000,0x000000001ce30000] [id=14832]

VM state:not at safepoint (normal execution)

VM Mutex/Monitor currently owned by a thread: None

Heap:
 PSYoungGen      total 69120K, used 8999K [0x00000000d5d80000, 0x00000000dd900000, 0x0000000100000000)
  eden space 64000K, 6% used [0x00000000d5d80000,0x00000000d61501b8,0x00000000d9c00000)
  from space 5120K, 99% used [0x00000000da380000,0x00000000da879b00,0x00000000da880000)
  to   space 7680K, 0% used [0x00000000d9c00000,0x00000000d9c00000,0x00000000da380000)
 ParOldGen       total 52736K, used 7374K [0x0000000081800000, 0x0000000084b80000, 0x00000000d5d80000)
  object space 52736K, 13% used [0x0000000081800000,0x0000000081f33a90,0x0000000084b80000)
 Metaspace       used 26040K, capacity 26428K, committed 26880K, reserved 1073152K
  class space    used 3330K, capacity 3469K, committed 3584K, reserved 1048576K

Card table byte_map: [0x0000000014080000,0x0000000014480000] byte_map_base: 0x0000000013c74000

Marking Bits: (ParMarkBitMap*) 0x00000000606c0860
 Begin Bits: [0x0000000014f30000, 0x0000000016ed0000)
 End Bits:   [0x0000000016ed0000, 0x0000000018e70000)

Polling page: 0x0000000004af0000

CodeCache: size=245760Kb used=8602Kb max_used=8602Kb free=237157Kb
 bounds [0x0000000004cc0000, 0x0000000005530000, 0x0000000013cc0000]
 total_blobs=2783 nmethods=2379 adapters=316
 compilation: enabled

Compilation events (10 events):
Event: 2.099 Thread 0x000000001bbdd800 2382       3       org.springframework.cglib.core.CodeEmitter::ifnonnull (12 bytes)
Event: 2.099 Thread 0x000000001bbdd800 nmethod 2382 0x000000000552aed0 code [0x000000000552b040, 0x000000000552b268]
Event: 2.099 Thread 0x000000001bbdd800 2383       3       org.springframework.cglib.proxy.MethodInterceptorGenerator::superHelper (55 bytes)
Event: 2.101 Thread 0x000000001bbdd800 nmethod 2383 0x000000000552b350 code [0x000000000552b6a0, 0x000000000552d418]
Event: 2.101 Thread 0x000000001bbdd800 2384       1       org.springframework.cglib.core.AbstractClassGenerator::getNamingPolicy (5 bytes)
Event: 2.101 Thread 0x000000001bbdd800 nmethod 2384 0x000000000552e250 code [0x000000000552e3a0, 0x000000000552e4b0]
Event: 2.101 Thread 0x000000001bbdd800 2385       1       org.springframework.cglib.core.AbstractClassGenerator::getStrategy (5 bytes)
Event: 2.101 Thread 0x000000001bbdd800 nmethod 2385 0x000000000552e510 code [0x000000000552e660, 0x000000000552e770]
Event: 2.101 Thread 0x000000001bbdd800 2386       1       org.springframework.cglib.core.AbstractClassGenerator::getAttemptLoad (5 bytes)
Event: 2.101 Thread 0x000000001bbdd800 nmethod 2386 0x000000000552e7d0 code [0x000000000552e920, 0x000000000552ea30]

GC Heap History (10 events):
Event: 1.306 GC heap before
{Heap before GC invocations=3 (full 0):
 PSYoungGen      total 38400K, used 38388K [0x00000000d5d80000, 0x00000000d8800000, 0x0000000100000000)
  eden space 33280K, 100% used [0x00000000d5d80000,0x00000000d7e00000,0x00000000d7e00000)
  from space 5120K, 99% used [0x00000000d8300000,0x00000000d87fd210,0x00000000d8800000)
  to   space 5120K, 0% used [0x00000000d7e00000,0x00000000d7e00000,0x00000000d8300000)
 ParOldGen       total 87552K, used 1404K [0x0000000081800000, 0x0000000086d80000, 0x00000000d5d80000)
  object space 87552K, 1% used [0x0000000081800000,0x000000008195f060,0x0000000086d80000)
 Metaspace       used 17200K, capacity 17430K, committed 17792K, reserved 1064960K
  class space    used 2219K, capacity 2325K, committed 2432K, reserved 1048576K
Event: 1.311 GC heap after
Heap after GC invocations=3 (full 0):
 PSYoungGen      total 38400K, used 5114K [0x00000000d5d80000, 0x00000000da880000, 0x0000000100000000)
  eden space 33280K, 0% used [0x00000000d5d80000,0x00000000d5d80000,0x00000000d7e00000)
  from space 5120K, 99% used [0x00000000d7e00000,0x00000000d82feba8,0x00000000d8300000)
  to   space 5120K, 0% used [0x00000000da380000,0x00000000da380000,0x00000000da880000)
 ParOldGen       total 87552K, used 3468K [0x0000000081800000, 0x0000000086d80000, 0x00000000d5d80000)
  object space 87552K, 3% used [0x0000000081800000,0x0000000081b63388,0x0000000086d80000)
 Metaspace       used 17200K, capacity 17430K, committed 17792K, reserved 1064960K
  class space    used 2219K, capacity 2325K, committed 2432K, reserved 1048576K
}
Event: 1.466 GC heap before
{Heap before GC invocations=4 (full 0):
 PSYoungGen      total 38400K, used 38394K [0x00000000d5d80000, 0x00000000da880000, 0x0000000100000000)
  eden space 33280K, 100% used [0x00000000d5d80000,0x00000000d7e00000,0x00000000d7e00000)
  from space 5120K, 99% used [0x00000000d7e00000,0x00000000d82feba8,0x00000000d8300000)
  to   space 5120K, 0% used [0x00000000da380000,0x00000000da380000,0x00000000da880000)
 ParOldGen       total 87552K, used 3468K [0x0000000081800000, 0x0000000086d80000, 0x00000000d5d80000)
  object space 87552K, 3% used [0x0000000081800000,0x0000000081b63388,0x0000000086d80000)
 Metaspace       used 20462K, capacity 20790K, committed 20992K, reserved 1067008K
  class space    used 2622K, capacity 2725K, committed 2816K, reserved 1048576K
Event: 1.472 GC heap after
Heap after GC invocations=4 (full 0):
 PSYoungGen      total 71680K, used 5099K [0x00000000d5d80000, 0x00000000da880000, 0x0000000100000000)
  eden space 66560K, 0% used [0x00000000d5d80000,0x00000000d5d80000,0x00000000d9e80000)
  from space 5120K, 99% used [0x00000000da380000,0x00000000da87ad98,0x00000000da880000)
  to   space 5120K, 0% used [0x00000000d9e80000,0x00000000d9e80000,0x00000000da380000)
 ParOldGen       total 87552K, used 5824K [0x0000000081800000, 0x0000000086d80000, 0x00000000d5d80000)
  object space 87552K, 6% used [0x0000000081800000,0x0000000081db0270,0x0000000086d80000)
 Metaspace       used 20462K, capacity 20790K, committed 20992K, reserved 1067008K
  class space    used 2622K, capacity 2725K, committed 2816K, reserved 1048576K
}
Event: 1.540 GC heap before
{Heap before GC invocations=5 (full 0):
 PSYoungGen      total 71680K, used 16387K [0x00000000d5d80000, 0x00000000da880000, 0x0000000100000000)
  eden space 66560K, 16% used [0x00000000d5d80000,0x00000000d6886180,0x00000000d9e80000)
  from space 5120K, 99% used [0x00000000da380000,0x00000000da87ad98,0x00000000da880000)
  to   space 5120K, 0% used [0x00000000d9e80000,0x00000000d9e80000,0x00000000da380000)
 ParOldGen       total 87552K, used 5824K [0x0000000081800000, 0x0000000086d80000, 0x00000000d5d80000)
  object space 87552K, 6% used [0x0000000081800000,0x0000000081db0270,0x0000000086d80000)
 Metaspace       used 20895K, capacity 21170K, committed 21248K, reserved 1067008K
  class space    used 2662K, capacity 2799K, committed 2816K, reserved 1048576K
Event: 1.548 GC heap after
Heap after GC invocations=5 (full 0):
 PSYoungGen      total 71680K, used 5111K [0x00000000d5d80000, 0x00000000da880000, 0x0000000100000000)
  eden space 66560K, 0% used [0x00000000d5d80000,0x00000000d5d80000,0x00000000d9e80000)
  from space 5120K, 99% used [0x00000000d9e80000,0x00000000da37dd08,0x00000000da380000)
  to   space 5120K, 0% used [0x00000000da380000,0x00000000da380000,0x00000000da880000)
 ParOldGen       total 87552K, used 6868K [0x0000000081800000, 0x0000000086d80000, 0x00000000d5d80000)
  object space 87552K, 7% used [0x0000000081800000,0x0000000081eb5358,0x0000000086d80000)
 Metaspace       used 20895K, capacity 21170K, committed 21248K, reserved 1067008K
  class space    used 2662K, capacity 2799K, committed 2816K, reserved 1048576K
}
Event: 1.548 GC heap before
{Heap before GC invocations=6 (full 1):
 PSYoungGen      total 71680K, used 5111K [0x00000000d5d80000, 0x00000000da880000, 0x0000000100000000)
  eden space 66560K, 0% used [0x00000000d5d80000,0x00000000d5d80000,0x00000000d9e80000)
  from space 5120K, 99% used [0x00000000d9e80000,0x00000000da37dd08,0x00000000da380000)
  to   space 5120K, 0% used [0x00000000da380000,0x00000000da380000,0x00000000da880000)
 ParOldGen       total 87552K, used 6868K [0x0000000081800000, 0x0000000086d80000, 0x00000000d5d80000)
  object space 87552K, 7% used [0x0000000081800000,0x0000000081eb5358,0x0000000086d80000)
 Metaspace       used 20895K, capacity 21170K, committed 21248K, reserved 1067008K
  class space    used 2662K, capacity 2799K, committed 2816K, reserved 1048576K
Event: 1.574 GC heap after
Heap after GC invocations=6 (full 1):
 PSYoungGen      total 71680K, used 0K [0x00000000d5d80000, 0x00000000da880000, 0x0000000100000000)
  eden space 66560K, 0% used [0x00000000d5d80000,0x00000000d5d80000,0x00000000d9e80000)
  from space 5120K, 0% used [0x00000000d9e80000,0x00000000d9e80000,0x00000000da380000)
  to   space 5120K, 0% used [0x00000000da380000,0x00000000da380000,0x00000000da880000)
 ParOldGen       total 52736K, used 6110K [0x0000000081800000, 0x0000000084b80000, 0x00000000d5d80000)
  object space 52736K, 11% used [0x0000000081800000,0x0000000081df79d0,0x0000000084b80000)
 Metaspace       used 20895K, capacity 21170K, committed 21248K, reserved 1067008K
  class space    used 2662K, capacity 2799K, committed 2816K, reserved 1048576K
}
Event: 2.060 GC heap before
{Heap before GC invocations=7 (full 1):
 PSYoungGen      total 71680K, used 66560K [0x00000000d5d80000, 0x00000000da880000, 0x0000000100000000)
  eden space 66560K, 100% used [0x00000000d5d80000,0x00000000d9e80000,0x00000000d9e80000)
  from space 5120K, 0% used [0x00000000d9e80000,0x00000000d9e80000,0x00000000da380000)
  to   space 5120K, 0% used [0x00000000da380000,0x00000000da380000,0x00000000da880000)
 ParOldGen       total 52736K, used 6110K [0x0000000081800000, 0x0000000084b80000, 0x00000000d5d80000)
  object space 52736K, 11% used [0x0000000081800000,0x0000000081df79d0,0x0000000084b80000)
 Metaspace       used 25902K, capacity 26268K, committed 26496K, reserved 1073152K
  class space    used 3315K, capacity 3437K, committed 3456K, reserved 1048576K
Event: 2.068 GC heap after
Heap after GC invocations=7 (full 1):
 PSYoungGen      total 69120K, used 5094K [0x00000000d5d80000, 0x00000000dd900000, 0x0000000100000000)
  eden space 64000K, 0% used [0x00000000d5d80000,0x00000000d5d80000,0x00000000d9c00000)
  from space 5120K, 99% used [0x00000000da380000,0x00000000da879b00,0x00000000da880000)
  to   space 7680K, 0% used [0x00000000d9c00000,0x00000000d9c00000,0x00000000da380000)
 ParOldGen       total 52736K, used 7374K [0x0000000081800000, 0x0000000084b80000, 0x00000000d5d80000)
  object space 52736K, 13% used [0x0000000081800000,0x0000000081f33a90,0x0000000084b80000)
 Metaspace       used 25902K, capacity 26268K, committed 26496K, reserved 1073152K
  class space    used 3315K, capacity 3437K, committed 3456K, reserved 1048576K
}

Deoptimization events (10 events):
Event: 1.702 Thread 0x000000001d5f9800 Uncommon trap: reason=unstable_if action=reinterpret pc=0x0000000005098804 method=java.util.HashMap.hash(Ljava/lang/Object;)I @ 1
Event: 1.707 Thread 0x000000001d5f2800 Uncommon trap: reason=bimorphic action=maybe_recompile pc=0x00000000050998e4 method=java.util.HashMap.putVal(ILjava/lang/Object;Ljava/lang/Object;ZZ)Ljava/lang/Object; @ 203
Event: 1.727 Thread 0x000000001d5f2800 Uncommon trap: reason=predicate action=maybe_recompile pc=0x00000000053bd638 method=java.util.AbstractCollection.toArray([Ljava/lang/Object;)[Ljava/lang/Object; @ 49
Event: 1.745 Thread 0x000000001d5f2800 Uncommon trap: reason=class_check action=maybe_recompile pc=0x00000000050971b4 method=java.util.concurrent.ConcurrentHashMap.putVal(Ljava/lang/Object;Ljava/lang/Object;Z)Ljava/lang/Object; @ 192
Event: 1.747 Thread 0x000000001d5f2800 Uncommon trap: reason=array_check action=maybe_recompile pc=0x00000000053c8d6c method=java.util.AbstractCollection.toArray([Ljava/lang/Object;)[Ljava/lang/Object; @ 119
Event: 1.749 Thread 0x000000001d5f2800 Uncommon trap: reason=array_check action=maybe_recompile pc=0x00000000053c8d6c method=java.util.AbstractCollection.toArray([Ljava/lang/Object;)[Ljava/lang/Object; @ 119
Event: 1.752 Thread 0x000000001d5f2800 Uncommon trap: reason=array_check action=maybe_recompile pc=0x00000000053c8d6c method=java.util.AbstractCollection.toArray([Ljava/lang/Object;)[Ljava/lang/Object; @ 119
Event: 1.752 Thread 0x000000001d5f2800 Uncommon trap: reason=array_check action=maybe_recompile pc=0x00000000053c8d6c method=java.util.AbstractCollection.toArray([Ljava/lang/Object;)[Ljava/lang/Object; @ 119
Event: 1.858 Thread 0x000000001d5f2800 Uncommon trap: reason=unstable_if action=reinterpret pc=0x00000000052fc444 method=java.lang.String$CaseInsensitiveComparator.compare(Ljava/lang/String;Ljava/lang/String;)I @ 70
Event: 2.019 Thread 0x000000001d5f2800 Uncommon trap: reason=unstable_if action=reinterpret pc=0x000000000535761c method=java.util.LinkedList.node(I)Ljava/util/LinkedList$Node; @ 49

Classes redefined (0 events):
No events

Internal exceptions (10 events):
Event: 1.246 Thread 0x000000001d5f2800 Implicit null exception at 0x0000000004f42495 to 0x0000000004f42691
Event: 1.317 Thread 0x000000001d5f2800 Exception <a 'java/lang/ClassNotFoundException': java/lang/ObjectCustomizer> (0x00000000d5e9e540) thrown at [C:\re\workspace\8-2-build-windows-amd64-cygwin\jdk8u152\9742\hotspot\src\share\vm\classfile\systemDictionary.cpp, line 210]
Event: 1.317 Thread 0x000000001d5f2800 Exception <a 'java/lang/ClassNotFoundException': org/springframework/context/annotation/ConfigurationClassPostProcessorCustomizer> (0x00000000d5ebfeb8) thrown at [C:\re\workspace\8-2-build-windows-amd64-cygwin\jdk8u152\9742\hotspot\src\share\vm\classfile\
Event: 1.318 Thread 0x000000001d5f2800 Exception <a 'java/lang/ClassNotFoundException': org/springframework/beans/factory/support/BeanDefinitionRegistryPostProcessorCustomizer> (0x00000000d5ef0e80) thrown at [C:\re\workspace\8-2-build-windows-amd64-cygwin\jdk8u152\9742\hotspot\src\share\vm\cla
Event: 1.318 Thread 0x000000001d5f2800 Exception <a 'java/lang/ClassNotFoundException': org/springframework/core/PriorityOrderedCustomizer> (0x00000000d5f07238) thrown at [C:\re\workspace\8-2-build-windows-amd64-cygwin\jdk8u152\9742\hotspot\src\share\vm\classfile\systemDictionary.cpp, line 210
Event: 1.319 Thread 0x000000001d5f2800 Exception <a 'java/lang/ClassNotFoundException': org/springframework/context/ResourceLoaderAwareCustomizer> (0x00000000d5f89828) thrown at [C:\re\workspace\8-2-build-windows-amd64-cygwin\jdk8u152\9742\hotspot\src\share\vm\classfile\systemDictionary.cpp, l
Event: 1.319 Thread 0x000000001d5f2800 Exception <a 'java/lang/ClassNotFoundException': org/springframework/beans/factory/BeanClassLoaderAwareCustomizer> (0x00000000d5fa3ab8) thrown at [C:\re\workspace\8-2-build-windows-amd64-cygwin\jdk8u152\9742\hotspot\src\share\vm\classfile\systemDictionary
Event: 1.319 Thread 0x000000001d5f2800 Exception <a 'java/lang/ClassNotFoundException': org/springframework/context/EnvironmentAwareCustomizer> (0x00000000d5fbb3e0) thrown at [C:\re\workspace\8-2-build-windows-amd64-cygwin\jdk8u152\9742\hotspot\src\share\vm\classfile\systemDictionary.cpp, line
Event: 1.641 Thread 0x000000001d5f2800 Exception <a 'java/io/FileNotFoundException'> (0x00000000d66af3d8) thrown at [C:\re\workspace\8-2-build-windows-amd64-cygwin\jdk8u152\9742\hotspot\src\share\vm\prims\jni.cpp, line 709]
Event: 1.702 Thread 0x000000001d5f9800 Implicit null exception at 0x00000000050980fb to 0x00000000050987e9

Events (10 events):
Event: 2.071 loading class org/springframework/boot/info/InfoProperties
Event: 2.071 loading class org/springframework/boot/info/InfoProperties done
Event: 2.072 loading class org/springframework/boot/info/GitProperties
Event: 2.072 loading class org/springframework/boot/info/GitProperties done
Event: 2.075 loading class org/springframework/jdbc/datasource/DataSourceTransactionManager
Event: 2.076 loading class org/springframework/jdbc/datasource/DataSourceTransactionManager done
Event: 2.076 loading class org/springframework/transaction/support/ResourceTransactionManager
Event: 2.077 loading class org/springframework/transaction/support/ResourceTransactionManager done
Event: 2.100 loading class org/springframework/context/annotation/ConfigurationClassPostProcessor$ImportAwareBeanPostProcessor
Event: 2.100 loading class org/springframework/context/annotation/ConfigurationClassPostProcessor$ImportAwareBeanPostProcessor done


Dynamic libraries:
0x00007ff689a50000 - 0x00007ff689a87000 	C:\Program Files\Java\jdk1.8.0_152\bin\java.exe
0x00007ffc3a3d0000 - 0x00007ffc3a5b0000 	C:\WINDOWS\SYSTEM32\ntdll.dll
0x00007ffc39e10000 - 0x00007ffc39ebe000 	C:\WINDOWS\System32\KERNEL32.DLL
0x00007ffc36880000 - 0x00007ffc36ae6000 	C:\WINDOWS\System32\KERNELBASE.dll
0x00007ffc39fe0000 - 0x00007ffc3a081000 	C:\WINDOWS\System32\ADVAPI32.dll
0x00007ffc39ca0000 - 0x00007ffc39d3d000 	C:\WINDOWS\System32\msvcrt.dll
0x00007ffc37fc0000 - 0x00007ffc3801b000 	C:\WINDOWS\System32\sechost.dll
0x00007ffc37980000 - 0x00007ffc37a9f000 	C:\WINDOWS\System32\RPCRT4.dll
0x00007ffc38020000 - 0x00007ffc381af000 	C:\WINDOWS\System32\USER32.dll
0x00007ffc37650000 - 0x00007ffc37670000 	C:\WINDOWS\System32\win32u.dll
0x00007ffc37950000 - 0x00007ffc37978000 	C:\WINDOWS\System32\GDI32.dll
0x00007ffc374b0000 - 0x00007ffc37643000 	C:\WINDOWS\System32\gdi32full.dll
0x00007ffc37240000 - 0x00007ffc372db000 	C:\WINDOWS\System32\msvcp_win.dll
0x00007ffc37330000 - 0x00007ffc37426000 	C:\WINDOWS\System32\ucrtbase.dll
0x00007ffc30ad0000 - 0x00007ffc30d39000 	C:\WINDOWS\WinSxS\amd64_microsoft.windows.common-controls_6595b64144ccf1df_6.0.16299.371_none_15c7d1789365a290\COMCTL32.dll
0x00007ffc3a090000 - 0x00007ffc3a398000 	C:\WINDOWS\System32\combase.dll
0x00007ffc37430000 - 0x00007ffc374a2000 	C:\WINDOWS\System32\bcryptPrimitives.dll
0x00007ffc39c70000 - 0x00007ffc39c9d000 	C:\WINDOWS\System32\IMM32.DLL
0x0000000060740000 - 0x0000000060812000 	C:\Program Files\Java\jdk1.8.0_152\jre\bin\msvcr100.dll
0x000000005fea0000 - 0x0000000060740000 	C:\Program Files\Java\jdk1.8.0_152\jre\bin\server\jvm.dll
0x00007ffc39ec0000 - 0x00007ffc39ec8000 	C:\WINDOWS\System32\PSAPI.DLL
0x00007ffc353d0000 - 0x00007ffc353d9000 	C:\WINDOWS\SYSTEM32\WSOCK32.dll
0x00007ffc32370000 - 0x00007ffc32393000 	C:\WINDOWS\SYSTEM32\WINMM.dll
0x00007ffc32140000 - 0x00007ffc3214a000 	C:\WINDOWS\SYSTEM32\VERSION.dll
0x00007ffc39690000 - 0x00007ffc396fc000 	C:\WINDOWS\System32\WS2_32.dll
0x00007ffc32340000 - 0x00007ffc3236a000 	C:\WINDOWS\SYSTEM32\winmmbase.dll
0x00007ffc372e0000 - 0x00007ffc3732a000 	C:\WINDOWS\System32\cfgmgr32.dll
0x0000000061860000 - 0x000000006186f000 	C:\Program Files\Java\jdk1.8.0_152\jre\bin\verify.dll
0x000000005fe70000 - 0x000000005fe99000 	C:\Program Files\Java\jdk1.8.0_152\jre\bin\java.dll
0x0000000061840000 - 0x0000000061856000 	C:\Program Files\Java\jdk1.8.0_152\jre\bin\zip.dll
0x00007ffc38250000 - 0x00007ffc39686000 	C:\WINDOWS\System32\SHELL32.dll
0x00007ffc378a0000 - 0x00007ffc37946000 	C:\WINDOWS\System32\shcore.dll
0x00007ffc36af0000 - 0x00007ffc37237000 	C:\WINDOWS\System32\windows.storage.dll
0x00007ffc397c0000 - 0x00007ffc39811000 	C:\WINDOWS\System32\shlwapi.dll
0x00007ffc367b0000 - 0x00007ffc367c1000 	C:\WINDOWS\System32\kernel.appcore.dll
0x00007ffc36740000 - 0x00007ffc3678c000 	C:\WINDOWS\System32\powrprof.dll
0x00007ffc36720000 - 0x00007ffc3673b000 	C:\WINDOWS\System32\profapi.dll
0x000000005fe50000 - 0x000000005fe6a000 	C:\Program Files\Java\jdk1.8.0_152\jre\bin\net.dll
0x00007ffc35fb0000 - 0x00007ffc36016000 	C:\WINDOWS\system32\mswsock.dll
0x000000005fe30000 - 0x000000005fe41000 	C:\Program Files\Java\jdk1.8.0_152\jre\bin\nio.dll
0x00007ffc30e70000 - 0x00007ffc30e8e000 	C:\Users\kondm\.gradle\native\25\windows-amd64\native-platform.dll
0x00007ffc36170000 - 0x00007ffc36187000 	C:\WINDOWS\SYSTEM32\CRYPTSP.dll
0x00007ffc35bb0000 - 0x00007ffc35be3000 	C:\WINDOWS\system32\rsaenh.dll
0x00007ffc36280000 - 0x00007ffc362a5000 	C:\WINDOWS\SYSTEM32\bcrypt.dll
0x00007ffc36650000 - 0x00007ffc36679000 	C:\WINDOWS\SYSTEM32\USERENV.dll
0x00007ffc36190000 - 0x00007ffc3619b000 	C:\WINDOWS\SYSTEM32\CRYPTBASE.dll
0x00007ffc35d40000 - 0x00007ffc35d79000 	C:\WINDOWS\SYSTEM32\IPHLPAPI.DLL
0x00007ffc37c10000 - 0x00007ffc37c18000 	C:\WINDOWS\System32\NSI.dll
0x00007ffc2ce10000 - 0x00007ffc2ce26000 	C:\WINDOWS\SYSTEM32\dhcpcsvc6.DLL
0x00007ffc2cdf0000 - 0x00007ffc2ce0a000 	C:\WINDOWS\SYSTEM32\dhcpcsvc.DLL
0x000000005fd40000 - 0x000000005fd4d000 	C:\Program Files\Java\jdk1.8.0_152\jre\bin\management.dll
0x00007ffc27b30000 - 0x00007ffc27b46000 	C:\WINDOWS\system32\napinsp.dll
0x00007ffc270d0000 - 0x00007ffc270ea000 	C:\WINDOWS\system32\pnrpnsp.dll
0x00007ffc32b20000 - 0x00007ffc32b38000 	C:\WINDOWS\system32\NLAapi.dll
0x00007ffc35d90000 - 0x00007ffc35e46000 	C:\WINDOWS\SYSTEM32\DNSAPI.dll
0x00007ffc270c0000 - 0x00007ffc270ce000 	C:\WINDOWS\System32\winrnr.dll
0x00007ffc2b320000 - 0x00007ffc2b32a000 	C:\Windows\System32\rasadhlp.dll
0x00007ffc2c260000 - 0x00007ffc2c2d0000 	C:\WINDOWS\System32\fwpuclnt.dll

VM Arguments:
jvm_args: -Djava.security.manager=worker.org.gradle.process.internal.worker.child.BootstrapSecurityManager -Dfile.encoding=windows-1250 -Duser.country=PL -Duser.language=pl -Duser.variant -ea 
java_command: worker.org.gradle.process.internal.worker.GradleWorkerMain 'Gradle Test Executor 1'
java_class_path (initial): C:\Users\kondm\.gradle\caches\3.5.1\workerMain\gradle-worker.jar
Launcher Type: SUN_STANDARD

Environment Variables:
JAVA_HOME=C:\Program Files\Java\jdk1.8.0_152
CLASSPATH=D:\Work\Java\Kodilla\Codes\Module 14\tasks\\gradle\wrapper\gradle-wrapper.jar
PATH=C:\Program Files (x86)\Common Files\Oracle\Java\javapath;C:\ProgramData\Oracle\Java\javapath;C:\Program Files\Intel\WiFi\bin\;C:\Program Files\Common Files\Intel\WirelessCommon\;C:\Program Files (x86)\Skype\Phone\;C:\FPC\3.0.2\bin\i386-Win32;C:\WINDOWS\system32;C:\WINDOWS;C:\WINDOWS\System32\Wbem;C:\WINDOWS\System32\WindowsPowerShell\v1.0\;C:\Program Files (x86)\NVIDIA Corporation\PhysX\Common;C:\Program Files (x86)\QuickTime\QTSystem\;C:\WINDOWS\system32;C:\WINDOWS;C:\WINDOWS\System32\Wbem;C:\WINDOWS\System32\WindowsPowerShell\v1.0\;C:\Program Files\MySQL\MySQL Utilities 1.6\;C:\Program Files (x86)\Windows Kits\10\Windows Performance Toolkit\;C:\Program Files\Git\cmd;C:\Program Files (x86)\Smart Projects\IsoBuster;C:\Program Files\Java\jdk1.8.0_152\bin;C:\Program Files\Java\jre1.8.0_152;C:\MinGW\bin;C:\Qt\Qt5.9.1\5.9.1\mingw53_32\bin;C:\Users\kondm\AppData\Local\Programs\MiKTeX 2.9\miktex\bin\x64\;C:\Users\kondm\AppData\Local\GitHubDesktop\bin;C:\gradle-4.6\bin;C:\Program Files\Heroku\bin
USERNAME=kondm
OS=Windows_NT
PROCESSOR_IDENTIFIER=Intel64 Family 6 Model 94 Stepping 3, GenuineIntel



---------------  S Y S T E M  ---------------

OS: Windows 10.0 , 64 bit Build 16299 (10.0.16299.15)

CPU:total 8 (initial active 8) (4 cores per cpu, 2 threads per core) family 6 model 94 stepping 3, cmov, cx8, fxsr, mmx, sse, sse2, sse3, ssse3, sse4.1, sse4.2, popcnt, avx, avx2, aes, clmul, erms, rtm, 3dnowpref, lzcnt, ht, tsc, tscinvbit, bmi1, bmi2, adx

Memory: 4k page, physical 8284708k(972236k free), swap 10236452k(6500k free)

vm_info: Java HotSpot(TM) 64-Bit Server VM (25.152-b16) for windows-amd64 JRE (1.8.0_152-b16), built on Sep 14 2017 02:29:36 by "java_re" with MS VC++ 10.0 (VS2010)

time: Wed Apr 25 14:47:27 2018
elapsed time: 2 seconds (0d 0h 0m 2s)

