#
# There is insufficient memory for the Java Runtime Environment to continue.
# Native memory allocation (malloc) failed to allocate 32744 bytes for ChunkPool::allocate
# Possible reasons:
#   The system is out of physical RAM or swap space
#   In 32 bit mode, the process size limit was hit
# Possible solutions:
#   Reduce memory load on the system
#   Increase physical memory or swap space
#   Check if swap backing store is full
#   Use 64 bit Java on a 64 bit OS
#   Decrease Java heap size (-Xmx/-Xms)
#   Decrease number of Java threads
#   Decrease Java thread stack sizes (-Xss)
#   Set larger code cache with -XX:ReservedCodeCacheSize=
# This output file may be truncated or incomplete.
#
#  Out of Memory Error (allocation.cpp:273), pid=13460, tid=0x0000000000003b0c
#
# JRE version: Java(TM) SE Runtime Environment (8.0_152-b16) (build 1.8.0_152-b16)
# Java VM: Java HotSpot(TM) 64-Bit Server VM (25.152-b16 mixed mode windows-amd64 compressed oops)
# Failed to write core dump. Minidumps are not enabled by default on client versions of Windows
#

---------------  T H R E A D  ---------------

Current thread (0x000000001bb72800):  JavaThread "C1 CompilerThread3" daemon [_thread_in_native, id=15116, stack(0x000000001cac0000,0x000000001cbc0000)]

Stack: [0x000000001cac0000,0x000000001cbc0000]
[error occurred during error reporting (printing stack bounds), id 0xc0000005]

Native frames: (J=compiled Java code, j=interpreted, Vv=VM code, C=native code)


Current CompileTask:
C1:   4253 2122   !   3       org.springframework.beans.factory.support.AbstractBeanFactory::doGetBean (781 bytes)


---------------  P R O C E S S  ---------------

Java Threads: ( => current thread )
  0x000000001d380800 JavaThread "/127.0.0.1:52659 to /127.0.0.1:52657 workers Thread 3" [_thread_in_native, id=7848, stack(0x000000001ebd0000,0x000000001ecd0000)]
  0x000000001d380000 JavaThread "/127.0.0.1:52659 to /127.0.0.1:52657 workers Thread 2" [_thread_blocked, id=9260, stack(0x000000001ead0000,0x000000001ebd0000)]
  0x000000001d36a000 JavaThread "Test worker" [_thread_in_vm, id=11520, stack(0x000000001e690000,0x000000001e790000)]
  0x000000001bc2a800 JavaThread "Service Thread" daemon [_thread_blocked, id=32, stack(0x000000001cbc0000,0x000000001ccc0000)]
=>0x000000001bb72800 JavaThread "C1 CompilerThread3" daemon [_thread_in_native, id=15116, stack(0x000000001cac0000,0x000000001cbc0000)]
  0x000000001bb6c800 JavaThread "C2 CompilerThread2" daemon [_thread_blocked, id=4080, stack(0x000000001c9c0000,0x000000001cac0000)]
  0x000000001bb6b800 JavaThread "C2 CompilerThread1" daemon [_thread_in_native, id=6340, stack(0x000000001c8c0000,0x000000001c9c0000)]
  0x000000001bb69000 JavaThread "C2 CompilerThread0" daemon [_thread_in_native, id=14672, stack(0x000000001c7c0000,0x000000001c8c0000)]
  0x000000001bb66800 JavaThread "Attach Listener" daemon [_thread_blocked, id=4916, stack(0x000000001c6c0000,0x000000001c7c0000)]
  0x000000001bb64800 JavaThread "Signal Dispatcher" daemon [_thread_blocked, id=11772, stack(0x000000001c5c0000,0x000000001c6c0000)]
  0x000000001baf0800 JavaThread "Finalizer" daemon [_thread_blocked, id=14164, stack(0x000000001bed0000,0x000000001bfd0000)]
  0x0000000004c47000 JavaThread "Reference Handler" daemon [_thread_blocked, id=7104, stack(0x000000001b9d0000,0x000000001bad0000)]
  0x0000000004b4e000 JavaThread "main" [_thread_blocked, id=11756, stack(0x0000000004950000,0x0000000004a50000)]

Other Threads:
  0x0000000019be9000 VMThread [stack: 0x000000001b8d0000,0x000000001b9d0000] [id=12580]
  0x000000001bc75000 WatcherThread [stack: 0x000000001ccc0000,0x000000001cdc0000] [id=13024]

VM state:not at safepoint (normal execution)

VM Mutex/Monitor currently owned by a thread: None

Heap:
 PSYoungGen      total 71680K, used 47648K [0x00000000d5d80000, 0x00000000da880000, 0x0000000100000000)
  eden space 66560K, 71% used [0x00000000d5d80000,0x00000000d8c082d8,0x00000000d9e80000)
  from space 5120K, 0% used [0x00000000d9e80000,0x00000000d9e80000,0x00000000da380000)
  to   space 5120K, 0% used [0x00000000da380000,0x00000000da380000,0x00000000da880000)
 ParOldGen       total 53760K, used 6016K [0x0000000081800000, 0x0000000084c80000, 0x00000000d5d80000)
  object space 53760K, 11% used [0x0000000081800000,0x0000000081de0240,0x0000000084c80000)
 Metaspace       used 24630K, capacity 24940K, committed 25344K, reserved 1071104K
  class space    used 3146K, capacity 3237K, committed 3328K, reserved 1048576K

Card table byte_map: [0x0000000014010000,0x0000000014410000] byte_map_base: 0x0000000013c04000

Marking Bits: (ParMarkBitMap*) 0x0000000061cb0860
 Begin Bits: [0x0000000014ec0000, 0x0000000016e60000)
 End Bits:   [0x0000000016e60000, 0x0000000018e00000)

Polling page: 0x00000000030f0000

CodeCache: size=245760Kb used=7785Kb max_used=7790Kb free=237974Kb
 bounds [0x0000000004c50000, 0x0000000005400000, 0x0000000013c50000]
 total_blobs=2520 nmethods=2118 adapters=314
 compilation: enabled

Compilation events (10 events):
Event: 4.222 Thread 0x000000001bb72800 2118       3       org.springframework.beans.BeanMetadataAttributeAccessor::<init> (5 bytes)
Event: 4.222 Thread 0x000000001bb72800 nmethod 2118 0x00000000053e7250 code [0x00000000053e7400, 0x00000000053e77a8]
Event: 4.222 Thread 0x000000001bb6c800 nmethod 2116 0x00000000053e6e90 code [0x00000000053e6fe0, 0x00000000053e7118]
Event: 4.222 Thread 0x000000001bb72800 2119       1       java.util.HashMap::afterNodeAccess (1 bytes)
Event: 4.222 Thread 0x000000001bb72800 nmethod 2119 0x00000000053e6bd0 code [0x00000000053e6d20, 0x00000000053e6e30]
Event: 4.223 Thread 0x000000001bb72800 2120   !   3       java.util.concurrent.CopyOnWriteArrayList::add (59 bytes)
Event: 4.224 Thread 0x000000001bb72800 nmethod 2120 0x00000000053f1e50 code [0x00000000053f2020, 0x00000000053f2af8]
Event: 4.225 Thread 0x000000001bb72800 2121       1       ch.qos.logback.classic.selector.DefaultContextSelector::getDefaultLoggerContext (5 bytes)
Event: 4.225 Thread 0x000000001bb72800 nmethod 2121 0x00000000053f1b90 code [0x00000000053f1ce0, 0x00000000053f1df0]
Event: 4.227 Thread 0x000000001bb72800 2122   !   3       org.springframework.beans.factory.support.AbstractBeanFactory::doGetBean (781 bytes)

GC Heap History (10 events):
Event: 2.315 GC heap before
{Heap before GC invocations=2 (full 0):
 PSYoungGen      total 38400K, used 38373K [0x00000000d5d80000, 0x00000000d8800000, 0x0000000100000000)
  eden space 33280K, 100% used [0x00000000d5d80000,0x00000000d7e00000,0x00000000d7e00000)
  from space 5120K, 99% used [0x00000000d7e00000,0x00000000d82f9568,0x00000000d8300000)
  to   space 5120K, 0% used [0x00000000d8300000,0x00000000d8300000,0x00000000d8800000)
 ParOldGen       total 87552K, used 834K [0x0000000081800000, 0x0000000086d80000, 0x00000000d5d80000)
  object space 87552K, 0% used [0x0000000081800000,0x00000000818d08e8,0x0000000086d80000)
 Metaspace       used 13441K, capacity 13718K, committed 13952K, reserved 1060864K
  class space    used 1755K, capacity 1877K, committed 1920K, reserved 1048576K
Event: 2.319 GC heap after
Heap after GC invocations=2 (full 0):
 PSYoungGen      total 38400K, used 5096K [0x00000000d5d80000, 0x00000000d8800000, 0x0000000100000000)
  eden space 33280K, 0% used [0x00000000d5d80000,0x00000000d5d80000,0x00000000d7e00000)
  from space 5120K, 99% used [0x00000000d8300000,0x00000000d87fa248,0x00000000d8800000)
  to   space 5120K, 0% used [0x00000000d7e00000,0x00000000d7e00000,0x00000000d8300000)
 ParOldGen       total 87552K, used 1499K [0x0000000081800000, 0x0000000086d80000, 0x00000000d5d80000)
  object space 87552K, 1% used [0x0000000081800000,0x0000000081976f98,0x0000000086d80000)
 Metaspace       used 13441K, capacity 13718K, committed 13952K, reserved 1060864K
  class space    used 1755K, capacity 1877K, committed 1920K, reserved 1048576K
}
Event: 2.813 GC heap before
{Heap before GC invocations=3 (full 0):
 PSYoungGen      total 38400K, used 38376K [0x00000000d5d80000, 0x00000000d8800000, 0x0000000100000000)
  eden space 33280K, 100% used [0x00000000d5d80000,0x00000000d7e00000,0x00000000d7e00000)
  from space 5120K, 99% used [0x00000000d8300000,0x00000000d87fa248,0x00000000d8800000)
  to   space 5120K, 0% used [0x00000000d7e00000,0x00000000d7e00000,0x00000000d8300000)
 ParOldGen       total 87552K, used 1499K [0x0000000081800000, 0x0000000086d80000, 0x00000000d5d80000)
  object space 87552K, 1% used [0x0000000081800000,0x0000000081976f98,0x0000000086d80000)
 Metaspace       used 17244K, capacity 17494K, committed 17792K, reserved 1064960K
  class space    used 2225K, capacity 2325K, committed 2432K, reserved 1048576K
Event: 2.829 GC heap after
Heap after GC invocations=3 (full 0):
 PSYoungGen      total 38400K, used 5106K [0x00000000d5d80000, 0x00000000da880000, 0x0000000100000000)
  eden space 33280K, 0% used [0x00000000d5d80000,0x00000000d5d80000,0x00000000d7e00000)
  from space 5120K, 99% used [0x00000000d7e00000,0x00000000d82fcb88,0x00000000d8300000)
  to   space 5120K, 0% used [0x00000000da380000,0x00000000da380000,0x00000000da880000)
 ParOldGen       total 87552K, used 3579K [0x0000000081800000, 0x0000000086d80000, 0x00000000d5d80000)
  object space 87552K, 4% used [0x0000000081800000,0x0000000081b7ed00,0x0000000086d80000)
 Metaspace       used 17244K, capacity 17494K, committed 17792K, reserved 1064960K
  class space    used 2225K, capacity 2325K, committed 2432K, reserved 1048576K
}
Event: 3.418 GC heap before
{Heap before GC invocations=4 (full 0):
 PSYoungGen      total 38400K, used 38386K [0x00000000d5d80000, 0x00000000da880000, 0x0000000100000000)
  eden space 33280K, 100% used [0x00000000d5d80000,0x00000000d7e00000,0x00000000d7e00000)
  from space 5120K, 99% used [0x00000000d7e00000,0x00000000d82fcb88,0x00000000d8300000)
  to   space 5120K, 0% used [0x00000000da380000,0x00000000da380000,0x00000000da880000)
 ParOldGen       total 87552K, used 3579K [0x0000000081800000, 0x0000000086d80000, 0x00000000d5d80000)
  object space 87552K, 4% used [0x0000000081800000,0x0000000081b7ed00,0x0000000086d80000)
 Metaspace       used 20498K, capacity 20732K, committed 20992K, reserved 1067008K
  class space    used 2622K, capacity 2726K, committed 2816K, reserved 1048576K
Event: 3.426 GC heap after
Heap after GC invocations=4 (full 0):
 PSYoungGen      total 71680K, used 5108K [0x00000000d5d80000, 0x00000000da880000, 0x0000000100000000)
  eden space 66560K, 0% used [0x00000000d5d80000,0x00000000d5d80000,0x00000000d9e80000)
  from space 5120K, 99% used [0x00000000da380000,0x00000000da87d0f0,0x00000000da880000)
  to   space 5120K, 0% used [0x00000000d9e80000,0x00000000d9e80000,0x00000000da380000)
 ParOldGen       total 87552K, used 5960K [0x0000000081800000, 0x0000000086d80000, 0x00000000d5d80000)
  object space 87552K, 6% used [0x0000000081800000,0x0000000081dd2230,0x0000000086d80000)
 Metaspace       used 20498K, capacity 20732K, committed 20992K, reserved 1067008K
  class space    used 2622K, capacity 2726K, committed 2816K, reserved 1048576K
}
Event: 3.547 GC heap before
{Heap before GC invocations=5 (full 0):
 PSYoungGen      total 71680K, used 14705K [0x00000000d5d80000, 0x00000000da880000, 0x0000000100000000)
  eden space 66560K, 14% used [0x00000000d5d80000,0x00000000d66df688,0x00000000d9e80000)
  from space 5120K, 99% used [0x00000000da380000,0x00000000da87d0f0,0x00000000da880000)
  to   space 5120K, 0% used [0x00000000d9e80000,0x00000000d9e80000,0x00000000da380000)
 ParOldGen       total 87552K, used 5960K [0x0000000081800000, 0x0000000086d80000, 0x00000000d5d80000)
  object space 87552K, 6% used [0x0000000081800000,0x0000000081dd2230,0x0000000086d80000)
 Metaspace       used 20884K, capacity 21138K, committed 21248K, reserved 1067008K
  class space    used 2655K, capacity 2767K, committed 2816K, reserved 1048576K
Event: 3.556 GC heap after
Heap after GC invocations=5 (full 0):
 PSYoungGen      total 71680K, used 5092K [0x00000000d5d80000, 0x00000000da880000, 0x0000000100000000)
  eden space 66560K, 0% used [0x00000000d5d80000,0x00000000d5d80000,0x00000000d9e80000)
  from space 5120K, 99% used [0x00000000d9e80000,0x00000000da3790d0,0x00000000da380000)
  to   space 5120K, 0% used [0x00000000da380000,0x00000000da380000,0x00000000da880000)
 ParOldGen       total 87552K, used 6949K [0x0000000081800000, 0x0000000086d80000, 0x00000000d5d80000)
  object space 87552K, 7% used [0x0000000081800000,0x0000000081ec9618,0x0000000086d80000)
 Metaspace       used 20884K, capacity 21138K, committed 21248K, reserved 1067008K
  class space    used 2655K, capacity 2767K, committed 2816K, reserved 1048576K
}
Event: 3.556 GC heap before
{Heap before GC invocations=6 (full 1):
 PSYoungGen      total 71680K, used 5092K [0x00000000d5d80000, 0x00000000da880000, 0x0000000100000000)
  eden space 66560K, 0% used [0x00000000d5d80000,0x00000000d5d80000,0x00000000d9e80000)
  from space 5120K, 99% used [0x00000000d9e80000,0x00000000da3790d0,0x00000000da380000)
  to   space 5120K, 0% used [0x00000000da380000,0x00000000da380000,0x00000000da880000)
 ParOldGen       total 87552K, used 6949K [0x0000000081800000, 0x0000000086d80000, 0x00000000d5d80000)
  object space 87552K, 7% used [0x0000000081800000,0x0000000081ec9618,0x0000000086d80000)
 Metaspace       used 20884K, capacity 21138K, committed 21248K, reserved 1067008K
  class space    used 2655K, capacity 2767K, committed 2816K, reserved 1048576K
Event: 3.603 GC heap after
Heap after GC invocations=6 (full 1):
 PSYoungGen      total 71680K, used 0K [0x00000000d5d80000, 0x00000000da880000, 0x0000000100000000)
  eden space 66560K, 0% used [0x00000000d5d80000,0x00000000d5d80000,0x00000000d9e80000)
  from space 5120K, 0% used [0x00000000d9e80000,0x00000000d9e80000,0x00000000da380000)
  to   space 5120K, 0% used [0x00000000da380000,0x00000000da380000,0x00000000da880000)
 ParOldGen       total 53760K, used 6016K [0x0000000081800000, 0x0000000084c80000, 0x00000000d5d80000)
  object space 53760K, 11% used [0x0000000081800000,0x0000000081de0240,0x0000000084c80000)
 Metaspace       used 20884K, capacity 21138K, committed 21248K, reserved 1067008K
  class space    used 2655K, capacity 2767K, committed 2816K, reserved 1048576K
}

Deoptimization events (10 events):
Event: 3.752 Thread 0x000000001d36a000 Uncommon trap: reason=bimorphic action=maybe_recompile pc=0x0000000005033c94 method=java.util.HashMap.putVal(ILjava/lang/Object;Ljava/lang/Object;ZZ)Ljava/lang/Object; @ 203
Event: 3.752 Thread 0x000000001d36a000 Uncommon trap: reason=bimorphic action=maybe_recompile pc=0x0000000005033c94 method=java.util.HashMap.putVal(ILjava/lang/Object;Ljava/lang/Object;ZZ)Ljava/lang/Object; @ 203
Event: 3.753 Thread 0x000000001d037000 Uncommon trap: reason=class_check action=maybe_recompile pc=0x0000000005069adc method=java.util.regex.Matcher.search(I)Z @ 86
Event: 3.753 Thread 0x000000001d037000 Uncommon trap: reason=unstable_if action=reinterpret pc=0x000000000505ba9c method=java.util.regex.Pattern$BmpCharProperty.match(Ljava/util/regex/Matcher;ILjava/lang/CharSequence;)Z @ 5
Event: 3.943 Thread 0x000000001d36a000 Uncommon trap: reason=predicate action=maybe_recompile pc=0x0000000005389078 method=java.util.AbstractCollection.toArray([Ljava/lang/Object;)[Ljava/lang/Object; @ 49
Event: 4.000 Thread 0x000000001d36a000 Uncommon trap: reason=class_check action=maybe_recompile pc=0x000000000502b3ec method=java.util.concurrent.ConcurrentHashMap.putVal(Ljava/lang/Object;Ljava/lang/Object;Z)Ljava/lang/Object; @ 192
Event: 4.009 Thread 0x000000001d36a000 Uncommon trap: reason=array_check action=maybe_recompile pc=0x00000000053903ac method=java.util.AbstractCollection.toArray([Ljava/lang/Object;)[Ljava/lang/Object; @ 119
Event: 4.014 Thread 0x000000001d36a000 Uncommon trap: reason=array_check action=maybe_recompile pc=0x00000000053903ac method=java.util.AbstractCollection.toArray([Ljava/lang/Object;)[Ljava/lang/Object; @ 119
Event: 4.020 Thread 0x000000001d36a000 Uncommon trap: reason=array_check action=maybe_recompile pc=0x00000000053903ac method=java.util.AbstractCollection.toArray([Ljava/lang/Object;)[Ljava/lang/Object; @ 119
Event: 4.022 Thread 0x000000001d36a000 Uncommon trap: reason=array_check action=maybe_recompile pc=0x00000000053903ac method=java.util.AbstractCollection.toArray([Ljava/lang/Object;)[Ljava/lang/Object; @ 119

Classes redefined (0 events):
No events

Internal exceptions (10 events):
Event: 2.339 Thread 0x000000001d36a000 Exception <a 'java/lang/ClassNotFoundException': org/springframework/boot/SpringApplicationCustomizer> (0x00000000d5fbe270) thrown at [C:\re\workspace\8-2-build-windows-amd64-cygwin\jdk8u152\9742\hotspot\src\share\vm\classfile\systemDictionary.cpp, line 2
Event: 2.636 Thread 0x000000001d36a000 Implicit null exception at 0x0000000004ed11d5 to 0x0000000004ed13d1
Event: 2.859 Thread 0x000000001d36a000 Exception <a 'java/lang/ClassNotFoundException': java/lang/ObjectCustomizer> (0x00000000d5e8c248) thrown at [C:\re\workspace\8-2-build-windows-amd64-cygwin\jdk8u152\9742\hotspot\src\share\vm\classfile\systemDictionary.cpp, line 210]
Event: 2.861 Thread 0x000000001d36a000 Exception <a 'java/lang/ClassNotFoundException': org/springframework/context/annotation/ConfigurationClassPostProcessorCustomizer> (0x00000000d5ead7f8) thrown at [C:\re\workspace\8-2-build-windows-amd64-cygwin\jdk8u152\9742\hotspot\src\share\vm\classfile\
Event: 2.864 Thread 0x000000001d36a000 Exception <a 'java/lang/ClassNotFoundException': org/springframework/beans/factory/support/BeanDefinitionRegistryPostProcessorCustomizer> (0x00000000d5f384d0) thrown at [C:\re\workspace\8-2-build-windows-amd64-cygwin\jdk8u152\9742\hotspot\src\share\vm\cla
Event: 2.865 Thread 0x000000001d36a000 Exception <a 'java/lang/ClassNotFoundException': org/springframework/core/PriorityOrderedCustomizer> (0x00000000d5f4e888) thrown at [C:\re\workspace\8-2-build-windows-amd64-cygwin\jdk8u152\9742\hotspot\src\share\vm\classfile\systemDictionary.cpp, line 210
Event: 2.866 Thread 0x000000001d36a000 Exception <a 'java/lang/ClassNotFoundException': org/springframework/context/ResourceLoaderAwareCustomizer> (0x00000000d5f65a98) thrown at [C:\re\workspace\8-2-build-windows-amd64-cygwin\jdk8u152\9742\hotspot\src\share\vm\classfile\systemDictionary.cpp, l
Event: 2.868 Thread 0x000000001d36a000 Exception <a 'java/lang/ClassNotFoundException': org/springframework/beans/factory/BeanClassLoaderAwareCustomizer> (0x00000000d5f7fd28) thrown at [C:\re\workspace\8-2-build-windows-amd64-cygwin\jdk8u152\9742\hotspot\src\share\vm\classfile\systemDictionary
Event: 2.870 Thread 0x000000001d36a000 Exception <a 'java/lang/ClassNotFoundException': org/springframework/context/EnvironmentAwareCustomizer> (0x00000000d5fce378) thrown at [C:\re\workspace\8-2-build-windows-amd64-cygwin\jdk8u152\9742\hotspot\src\share\vm\classfile\systemDictionary.cpp, line
Event: 3.739 Thread 0x000000001d36a000 Exception <a 'java/io/FileNotFoundException'> (0x00000000d66df878) thrown at [C:\re\workspace\8-2-build-windows-amd64-cygwin\jdk8u152\9742\hotspot\src\share\vm\prims\jni.cpp, line 709]

Events (10 events):
Event: 4.224 loading class org/springframework/data/repository/config/RepositoryComponentProvider
Event: 4.224 loading class org/springframework/data/repository/config/RepositoryComponentProvider done
Event: 4.225 loading class org/springframework/data/repository/config/RepositoryComponentProvider$InterfaceTypeFilter
Event: 4.225 loading class org/springframework/data/repository/config/RepositoryComponentProvider$InterfaceTypeFilter done
Event: 4.225 Executing VM operation: Deoptimize
Event: 4.225 Executing VM operation: Deoptimize done
Event: 4.226 loading class org/springframework/data/repository/RepositoryDefinition
Event: 4.226 loading class org/springframework/data/repository/RepositoryDefinition done
Event: 4.226 loading class org/springframework/data/repository/NoRepositoryBean
Event: 4.226 loading class org/springframework/data/repository/NoRepositoryBean done


Dynamic libraries:
0x00007ff73a870000 - 0x00007ff73a8a7000 	C:\Program Files\Java\jdk1.8.0_152\bin\java.exe
0x00007ffb2ebe0000 - 0x00007ffb2edc0000 	C:\WINDOWS\SYSTEM32\ntdll.dll
0x00007ffb2c0b0000 - 0x00007ffb2c15e000 	C:\WINDOWS\System32\KERNEL32.DLL
0x00007ffb2b260000 - 0x00007ffb2b4c6000 	C:\WINDOWS\System32\KERNELBASE.dll
0x00007ffb2e690000 - 0x00007ffb2e731000 	C:\WINDOWS\System32\ADVAPI32.dll
0x00007ffb2c9d0000 - 0x00007ffb2ca6d000 	C:\WINDOWS\System32\msvcrt.dll
0x00007ffb2e630000 - 0x00007ffb2e68b000 	C:\WINDOWS\System32\sechost.dll
0x00007ffb2e020000 - 0x00007ffb2e13f000 	C:\WINDOWS\System32\RPCRT4.dll
0x00007ffb2e3f0000 - 0x00007ffb2e57f000 	C:\WINDOWS\System32\USER32.dll
0x00007ffb2c090000 - 0x00007ffb2c0b0000 	C:\WINDOWS\System32\win32u.dll
0x00007ffb2c620000 - 0x00007ffb2c648000 	C:\WINDOWS\System32\GDI32.dll
0x00007ffb2b4d0000 - 0x00007ffb2b663000 	C:\WINDOWS\System32\gdi32full.dll
0x00007ffb2bff0000 - 0x00007ffb2c08b000 	C:\WINDOWS\System32\msvcp_win.dll
0x00007ffb2be40000 - 0x00007ffb2bf36000 	C:\WINDOWS\System32\ucrtbase.dll
0x00007ffb261a0000 - 0x00007ffb26409000 	C:\WINDOWS\WinSxS\amd64_microsoft.windows.common-controls_6595b64144ccf1df_6.0.16299.371_none_15c7d1789365a290\COMCTL32.dll
0x00007ffb2c6c0000 - 0x00007ffb2c9c8000 	C:\WINDOWS\System32\combase.dll
0x00007ffb2bdc0000 - 0x00007ffb2be32000 	C:\WINDOWS\System32\bcryptPrimitives.dll
0x00007ffb2c400000 - 0x00007ffb2c42d000 	C:\WINDOWS\System32\IMM32.DLL
0x0000000061d30000 - 0x0000000061e02000 	C:\Program Files\Java\jdk1.8.0_152\jre\bin\msvcr100.dll
0x0000000061490000 - 0x0000000061d30000 	C:\Program Files\Java\jdk1.8.0_152\jre\bin\server\jvm.dll
0x00007ffb2eba0000 - 0x00007ffb2eba8000 	C:\WINDOWS\System32\PSAPI.DLL
0x00007ffb26eb0000 - 0x00007ffb26ed3000 	C:\WINDOWS\SYSTEM32\WINMM.dll
0x00007ffb26c90000 - 0x00007ffb26c9a000 	C:\WINDOWS\SYSTEM32\VERSION.dll
0x00007ffb29be0000 - 0x00007ffb29be9000 	C:\WINDOWS\SYSTEM32\WSOCK32.dll
0x00007ffb2c650000 - 0x00007ffb2c6bc000 	C:\WINDOWS\System32\WS2_32.dll
0x00007ffb26e40000 - 0x00007ffb26e6a000 	C:\WINDOWS\SYSTEM32\winmmbase.dll
0x00007ffb2b210000 - 0x00007ffb2b25a000 	C:\WINDOWS\System32\cfgmgr32.dll
0x0000000062940000 - 0x000000006294f000 	C:\Program Files\Java\jdk1.8.0_152\jre\bin\verify.dll
0x0000000062910000 - 0x0000000062939000 	C:\Program Files\Java\jdk1.8.0_152\jre\bin\java.dll
0x00000000628f0000 - 0x0000000062906000 	C:\Program Files\Java\jdk1.8.0_152\jre\bin\zip.dll
0x00007ffb2cbe0000 - 0x00007ffb2e016000 	C:\WINDOWS\System32\SHELL32.dll
0x00007ffb2e140000 - 0x00007ffb2e1e6000 	C:\WINDOWS\System32\shcore.dll
0x00007ffb2b670000 - 0x00007ffb2bdb7000 	C:\WINDOWS\System32\windows.storage.dll
0x00007ffb2c430000 - 0x00007ffb2c481000 	C:\WINDOWS\System32\shlwapi.dll
0x00007ffb2af30000 - 0x00007ffb2af41000 	C:\WINDOWS\System32\kernel.appcore.dll
0x00007ffb2af90000 - 0x00007ffb2afdc000 	C:\WINDOWS\System32\powrprof.dll
0x00007ffb2af50000 - 0x00007ffb2af6b000 	C:\WINDOWS\System32\profapi.dll
0x00000000628d0000 - 0x00000000628ea000 	C:\Program Files\Java\jdk1.8.0_152\jre\bin\net.dll
0x00007ffb2a7c0000 - 0x00007ffb2a826000 	C:\WINDOWS\system32\mswsock.dll
0x00000000628b0000 - 0x00000000628c1000 	C:\Program Files\Java\jdk1.8.0_152\jre\bin\nio.dll
0x00007ffb27be0000 - 0x00007ffb27bfe000 	C:\Users\kondm\.gradle\native\25\windows-amd64\native-platform.dll
0x00007ffb2a980000 - 0x00007ffb2a997000 	C:\WINDOWS\SYSTEM32\CRYPTSP.dll
0x00007ffb2a3c0000 - 0x00007ffb2a3f3000 	C:\WINDOWS\system32\rsaenh.dll
0x00007ffb2aa90000 - 0x00007ffb2aab5000 	C:\WINDOWS\SYSTEM32\bcrypt.dll
0x00007ffb2ae30000 - 0x00007ffb2ae59000 	C:\WINDOWS\SYSTEM32\USERENV.dll
0x00007ffb2a9a0000 - 0x00007ffb2a9ab000 	C:\WINDOWS\SYSTEM32\CRYPTBASE.dll
0x00007ffb2a550000 - 0x00007ffb2a589000 	C:\WINDOWS\SYSTEM32\IPHLPAPI.DLL
0x00007ffb2e740000 - 0x00007ffb2e748000 	C:\WINDOWS\System32\NSI.dll
0x00007ffb22b70000 - 0x00007ffb22b86000 	C:\WINDOWS\SYSTEM32\dhcpcsvc6.DLL
0x00007ffb22b50000 - 0x00007ffb22b6a000 	C:\WINDOWS\SYSTEM32\dhcpcsvc.DLL
0x00000000628a0000 - 0x00000000628ad000 	C:\Program Files\Java\jdk1.8.0_152\jre\bin\management.dll
0x00007ffb1d600000 - 0x00007ffb1d616000 	C:\WINDOWS\system32\napinsp.dll
0x00007ffb1d5e0000 - 0x00007ffb1d5fa000 	C:\WINDOWS\system32\pnrpnsp.dll
0x00007ffb27b80000 - 0x00007ffb27b98000 	C:\WINDOWS\system32\NLAapi.dll
0x00007ffb2a590000 - 0x00007ffb2a646000 	C:\WINDOWS\SYSTEM32\DNSAPI.dll
0x00007ffb1d5d0000 - 0x00007ffb1d5de000 	C:\WINDOWS\System32\winrnr.dll
0x00007ffb22920000 - 0x00007ffb2292a000 	C:\Windows\System32\rasadhlp.dll
0x00007ffb22bf0000 - 0x00007ffb22c60000 	C:\WINDOWS\System32\fwpuclnt.dll

VM Arguments:
jvm_args: -Djava.security.manager=worker.org.gradle.process.internal.worker.child.BootstrapSecurityManager -Dfile.encoding=windows-1250 -Duser.country=PL -Duser.language=pl -Duser.variant -ea 
java_command: worker.org.gradle.process.internal.worker.GradleWorkerMain 'Gradle Test Executor 1'
java_class_path (initial): C:\Users\kondm\.gradle\caches\3.5.1\workerMain\gradle-worker.jar
Launcher Type: SUN_STANDARD

Environment Variables:
JAVA_HOME=C:\Program Files\Java\jdk1.8.0_152
CLASSPATH=D:\Work\Java\Kodilla\Codes\Module 14\tasks\\gradle\wrapper\gradle-wrapper.jar
PATH=C:\ProgramData\Oracle\Java\javapath;C:\Program Files\Intel\WiFi\bin\;C:\Program Files\Common Files\Intel\WirelessCommon\;C:\Program Files (x86)\Skype\Phone\;C:\FPC\3.0.2\bin\i386-Win32;C:\WINDOWS\system32;C:\WINDOWS;C:\WINDOWS\System32\Wbem;C:\WINDOWS\System32\WindowsPowerShell\v1.0\;C:\Program Files (x86)\NVIDIA Corporation\PhysX\Common;C:\Program Files (x86)\QuickTime\QTSystem\;C:\WINDOWS\system32;C:\WINDOWS;C:\WINDOWS\System32\Wbem;C:\WINDOWS\System32\WindowsPowerShell\v1.0\;C:\Program Files\MySQL\MySQL Utilities 1.6\;C:\Program Files (x86)\Windows Kits\10\Windows Performance Toolkit\;C:\Program Files\Git\cmd;C:\Program Files\Java\jdk1.8.0_152\bin;C:\Program Files\Java\jre1.8.0_152;C:\MinGW\bin;C:\Qt\Qt5.9.1\5.9.1\mingw53_32\bin;C:\Users\kondm\AppData\Local\Programs\MiKTeX 2.9\miktex\bin\x64\;C:\Users\kondm\AppData\Local\GitHubDesktop\bin;C:\gradle-4.6\bin;
USERNAME=kondm
OS=Windows_NT
PROCESSOR_IDENTIFIER=Intel64 Family 6 Model 94 Stepping 3, GenuineIntel



---------------  S Y S T E M  ---------------

OS: Windows 10.0 , 64 bit Build 16299 (10.0.16299.15)

CPU:total 8 (initial active 8) (4 cores per cpu, 2 threads per core) family 6 model 94 stepping 3, cmov, cx8, fxsr, mmx, sse, sse2, sse3, ssse3, sse4.1, sse4.2, popcnt, avx, avx2, aes, clmul, erms, rtm, 3dnowpref, lzcnt, ht, tsc, tscinvbit, bmi1, bmi2, adx

Memory: 4k page, physical 8284708k(969584k free), swap 10236452k(2892k free)

vm_info: Java HotSpot(TM) 64-Bit Server VM (25.152-b16) for windows-amd64 JRE (1.8.0_152-b16), built on Sep 14 2017 02:29:36 by "java_re" with MS VC++ 10.0 (VS2010)

time: Mon Apr 16 15:25:07 2018
elapsed time: 4 seconds (0d 0h 0m 4s)

