#
# There is insufficient memory for the Java Runtime Environment to continue.
# Native memory allocation (malloc) failed to allocate 827296 bytes for Chunk::new
# Possible reasons:
#   The system is out of physical RAM or swap space
#   In 32 bit mode, the process size limit was hit
# Possible solutions:
#   Reduce memory load on the system
#   Increase physical memory or swap space
#   Check if swap backing store is full
#   Use 64 bit Java on a 64 bit OS
#   Decrease Java heap size (-Xmx/-Xms)
#   Decrease number of Java threads
#   Decrease Java thread stack sizes (-Xss)
#   Set larger code cache with -XX:ReservedCodeCacheSize=
# This output file may be truncated or incomplete.
#
#  Out of Memory Error (allocation.cpp:390), pid=14812, tid=0x0000000000000b38
#
# JRE version: Java(TM) SE Runtime Environment (8.0_152-b16) (build 1.8.0_152-b16)
# Java VM: Java HotSpot(TM) 64-Bit Server VM (25.152-b16 mixed mode windows-amd64 compressed oops)
# Failed to write core dump. Minidumps are not enabled by default on client versions of Windows
#

---------------  T H R E A D  ---------------

Current thread (0x0000000018fb5000):  JavaThread "C2 CompilerThread1" daemon [_thread_in_native, id=2872, stack(0x0000000019980000,0x0000000019a80000)]

Stack: [0x0000000019980000,0x0000000019a80000]
[error occurred during error reporting (printing stack bounds), id 0xc0000005]

Native frames: (J=compiled Java code, j=interpreted, Vv=VM code, C=native code)


Current CompileTask:
C2:6372202 11117       4       org.gradle.internal.component.external.model.AbstractModuleComponentResolveMetadata::populateConfigurationFromDescriptor (270 bytes)


---------------  P R O C E S S  ---------------

Java Threads: ( => current thread )
  0x000000001aca1800 JavaThread "Cache worker for file content cache (D:\Work\Java\Kodilla\Codes\Module 14\tasks\.gradle\3.5.1\fileContent)" [_thread_blocked, id=14016, stack(0x0000000027e60000,0x0000000027f60000)]
  0x0000000020c23000 JavaThread "Cache worker for task history cache (D:\Work\Java\Kodilla\Codes\Module 14\tasks\.gradle\3.5.1\taskHistory)" [_thread_blocked, id=10624, stack(0x0000000027d60000,0x0000000027e60000)]
  0x0000000020c25800 JavaThread "Stdin handler" [_thread_blocked, id=15024, stack(0x0000000027c60000,0x0000000027d60000)]
  0x0000000020c24000 JavaThread "Asynchronous log dispatcher for DefaultDaemonConnection: socket connection from /127.0.0.1:52482 to /127.0.0.1:54288" [_thread_blocked, id=8112, stack(0x0000000027b60000,0x0000000027c60000)]
  0x0000000020c2a000 JavaThread "Daemon worker Thread 4" [_thread_in_Java, id=12004, stack(0x0000000027a60000,0x0000000027b60000)]
  0x0000000020c29000 JavaThread "Cancel handler" [_thread_blocked, id=7820, stack(0x0000000027960000,0x0000000027a60000)]
  0x0000000020c28800 JavaThread "Handler for socket connection from /127.0.0.1:52482 to /127.0.0.1:54288" [_thread_in_native, id=10744, stack(0x0000000027860000,0x0000000027960000)]
  0x0000000020c27800 JavaThread "Daemon Thread 4" [_thread_blocked, id=9964, stack(0x0000000027760000,0x0000000027860000)]
  0x000000001aca4000 JavaThread "Memory manager" [_thread_blocked, id=14440, stack(0x00000000202d0000,0x00000000203d0000)]
  0x000000001ac9f800 JavaThread "Cache worker for Artifact transforms cache (C:\Users\kondm\.gradle\caches\transforms-1)" [_thread_blocked, id=10380, stack(0x000000001f120000,0x000000001f220000)]
  0x000000001aca6000 JavaThread "File lock request listener" [_thread_in_native, id=4976, stack(0x000000001dc50000,0x000000001dd50000)]
  0x000000001aca5800 JavaThread "Cache worker for file hash cache (C:\Users\kondm\.gradle\caches\3.5.1\fileHashes)" [_thread_blocked, id=5164, stack(0x000000001db50000,0x000000001dc50000)]
  0x000000001b1c9000 JavaThread "Daemon periodic checks" [_thread_blocked, id=7208, stack(0x000000001d150000,0x000000001d250000)]
  0x000000001ad4e000 JavaThread "Incoming local TCP Connector on port 52482" [_thread_in_native, id=15092, stack(0x000000001cc60000,0x000000001cd60000)]
  0x000000001b637000 JavaThread "Daemon health stats" [_thread_blocked, id=15268, stack(0x000000001c960000,0x000000001ca60000)]
  0x0000000018fce000 JavaThread "Service Thread" daemon [_thread_blocked, id=15288, stack(0x0000000019c80000,0x0000000019d80000)]
  0x0000000018fba000 JavaThread "C1 CompilerThread3" daemon [_thread_blocked, id=14956, stack(0x0000000019b80000,0x0000000019c80000)]
  0x0000000018fb5800 JavaThread "C2 CompilerThread2" daemon [_thread_blocked, id=13248, stack(0x0000000019a80000,0x0000000019b80000)]
=>0x0000000018fb5000 JavaThread "C2 CompilerThread1" daemon [_thread_in_native, id=2872, stack(0x0000000019980000,0x0000000019a80000)]
  0x0000000018fb3000 JavaThread "C2 CompilerThread0" daemon [_thread_in_vm, id=14792, stack(0x0000000019880000,0x0000000019980000)]
  0x0000000018faa800 JavaThread "Attach Listener" daemon [_thread_blocked, id=13864, stack(0x0000000019780000,0x0000000019880000)]
  0x00000000170ae000 JavaThread "Signal Dispatcher" daemon [_thread_blocked, id=15264, stack(0x0000000019680000,0x0000000019780000)]
  0x0000000018fa0800 JavaThread "Finalizer" daemon [_thread_blocked, id=13176, stack(0x0000000019380000,0x0000000019480000)]
  0x000000001709d800 JavaThread "Reference Handler" daemon [_thread_blocked, id=14596, stack(0x0000000018e80000,0x0000000018f80000)]
  0x0000000004483000 JavaThread "main" [_thread_blocked, id=13700, stack(0x0000000004280000,0x0000000004380000)]

Other Threads:
  0x0000000017098800 VMThread [stack: 0x0000000018d80000,0x0000000018e80000] [id=4288]
  0x0000000018fd0000 WatcherThread [stack: 0x0000000019d80000,0x0000000019e80000] [id=10860]

VM state:not at safepoint (normal execution)

VM Mutex/Monitor currently owned by a thread: None

Heap:
 PSYoungGen      total 144384K, used 18608K [0x00000000eab00000, 0x00000000f5800000, 0x0000000100000000)
  eden space 126976K, 1% used [0x00000000eab00000,0x00000000eaca4950,0x00000000f2700000)
  from space 17408K, 97% used [0x00000000f2e80000,0x00000000f3f077e8,0x00000000f3f80000)
  to   space 25088K, 0% used [0x00000000f3f80000,0x00000000f3f80000,0x00000000f5800000)
 ParOldGen       total 102912K, used 47397K [0x00000000c0000000, 0x00000000c6480000, 0x00000000eab00000)
  object space 102912K, 46% used [0x00000000c0000000,0x00000000c2e49710,0x00000000c6480000)
 Metaspace       used 57675K, capacity 58956K, committed 59028K, reserved 1099776K
  class space    used 7572K, capacity 7880K, committed 7936K, reserved 1048576K

Card table byte_map: [0x0000000013940000,0x0000000013b50000] byte_map_base: 0x0000000013340000

Marking Bits: (ParMarkBitMap*) 0x0000000061cb0860
 Begin Bits: [0x00000000144b0000, 0x00000000154b0000)
 End Bits:   [0x00000000154b0000, 0x00000000164b0000)

Polling page: 0x0000000002590000

CodeCache: size=245760Kb used=32262Kb max_used=32431Kb free=213497Kb
 bounds [0x0000000004580000, 0x0000000006570000, 0x0000000013580000]
 total_blobs=10050 nmethods=9274 adapters=687
 compilation: enabled

Compilation events (10 events):
Event: 6371.488 Thread 0x0000000018fb5800 nmethod 11128 0x000000000497eb50 code [0x000000000497ece0, 0x000000000497f148]
Event: 6371.488 Thread 0x0000000018fb5800 11137       4       org.gradle.api.internal.artifacts.dependencies.DefaultExternalModuleDependency::hashCode (5 bytes)
Event: 6371.489 Thread 0x0000000018fb3000 nmethod 11129 0x0000000005233b50 code [0x0000000005233ca0, 0x0000000005234098]
Event: 6371.495 Thread 0x0000000018fb5800 nmethod 11137 0x0000000005239090 code [0x0000000005239220, 0x0000000005239818]
Event: 6371.495 Thread 0x0000000018fba000 11141       3       org.gradle.api.internal.artifacts.ivyservice.DefaultLenientConfiguration$IgnoreMissingExternalArtifacts::isSatisfiedBy (9 bytes)
Event: 6371.495 Thread 0x0000000018fba000 nmethod 11141 0x000000000625fb90 code [0x000000000625fd40, 0x0000000006260398]
Event: 6371.495 Thread 0x0000000018fba000 11142   !   3       org.gradle.api.internal.artifacts.ivyservice.DefaultLenientConfiguration$IgnoreMissingExternalArtifacts::isSatisfiedBy (23 bytes)
Event: 6371.496 Thread 0x0000000018fba000 nmethod 11142 0x000000000523ae50 code [0x000000000523b000, 0x000000000523b6f8]
Event: 6371.499 Thread 0x0000000018fba000 11143       3       org.gradle.api.internal.artifacts.ivyservice.modulecache.ModuleMetadataSerializer$Reader::readExcludeRule (67 bytes)
Event: 6371.500 Thread 0x0000000018fba000 nmethod 11143 0x00000000052375d0 code [0x0000000005237840, 0x0000000005238738]

GC Heap History (10 events):
Event: 359.543 GC heap before
{Heap before GC invocations=20 (full 2):
 PSYoungGen      total 164864K, used 164833K [0x00000000eab00000, 0x00000000f8000000, 0x0000000100000000)
  eden space 152064K, 100% used [0x00000000eab00000,0x00000000f3f80000,0x00000000f3f80000)
  from space 12800K, 99% used [0x00000000f3f80000,0x00000000f4bf84a0,0x00000000f4c00000)
  to   space 19968K, 0% used [0x00000000f6c80000,0x00000000f6c80000,0x00000000f8000000)
 ParOldGen       total 102912K, used 32403K [0x00000000c0000000, 0x00000000c6480000, 0x00000000eab00000)
  object space 102912K, 31% used [0x00000000c0000000,0x00000000c1fa4e00,0x00000000c6480000)
 Metaspace       used 54130K, capacity 55072K, committed 55424K, reserved 1097728K
  class space    used 7206K, capacity 7466K, committed 7552K, reserved 1048576K
Event: 359.558 GC heap after
Heap after GC invocations=20 (full 2):
 PSYoungGen      total 167424K, used 19957K [0x00000000eab00000, 0x00000000f8000000, 0x0000000100000000)
  eden space 147456K, 0% used [0x00000000eab00000,0x00000000eab00000,0x00000000f3b00000)
  from space 19968K, 99% used [0x00000000f6c80000,0x00000000f7ffd488,0x00000000f8000000)
  to   space 22528K, 0% used [0x00000000f5400000,0x00000000f5400000,0x00000000f6a00000)
 ParOldGen       total 102912K, used 32425K [0x00000000c0000000, 0x00000000c6480000, 0x00000000eab00000)
  object space 102912K, 31% used [0x00000000c0000000,0x00000000c1faa6b8,0x00000000c6480000)
 Metaspace       used 54130K, capacity 55072K, committed 55424K, reserved 1097728K
  class space    used 7206K, capacity 7466K, committed 7552K, reserved 1048576K
}
Event: 364.689 GC heap before
{Heap before GC invocations=21 (full 2):
 PSYoungGen      total 167424K, used 167405K [0x00000000eab00000, 0x00000000f8000000, 0x0000000100000000)
  eden space 147456K, 99% used [0x00000000eab00000,0x00000000f3afe080,0x00000000f3b00000)
  from space 19968K, 99% used [0x00000000f6c80000,0x00000000f7ffd488,0x00000000f8000000)
  to   space 22528K, 0% used [0x00000000f5400000,0x00000000f5400000,0x00000000f6a00000)
 ParOldGen       total 102912K, used 32425K [0x00000000c0000000, 0x00000000c6480000, 0x00000000eab00000)
  object space 102912K, 31% used [0x00000000c0000000,0x00000000c1faa6b8,0x00000000c6480000)
 Metaspace       used 54420K, capacity 55352K, committed 55680K, reserved 1097728K
  class space    used 7213K, capacity 7470K, committed 7552K, reserved 1048576K
Event: 364.704 GC heap after
Heap after GC invocations=21 (full 2):
 PSYoungGen      total 164352K, used 21096K [0x00000000eab00000, 0x00000000f6d00000, 0x0000000100000000)
  eden space 142848K, 0% used [0x00000000eab00000,0x00000000eab00000,0x00000000f3680000)
  from space 21504K, 98% used [0x00000000f5400000,0x00000000f689a0e0,0x00000000f6900000)
  to   space 4096K, 0% used [0x00000000f6900000,0x00000000f6900000,0x00000000f6d00000)
 ParOldGen       total 102912K, used 32433K [0x00000000c0000000, 0x00000000c6480000, 0x00000000eab00000)
  object space 102912K, 31% used [0x00000000c0000000,0x00000000c1fac6b8,0x00000000c6480000)
 Metaspace       used 54420K, capacity 55352K, committed 55680K, reserved 1097728K
  class space    used 7213K, capacity 7470K, committed 7552K, reserved 1048576K
}
Event: 4375.803 GC heap before
{Heap before GC invocations=22 (full 2):
 PSYoungGen      total 164352K, used 163944K [0x00000000eab00000, 0x00000000f6d00000, 0x0000000100000000)
  eden space 142848K, 100% used [0x00000000eab00000,0x00000000f3680000,0x00000000f3680000)
  from space 21504K, 98% used [0x00000000f5400000,0x00000000f689a0e0,0x00000000f6900000)
  to   space 4096K, 0% used [0x00000000f6900000,0x00000000f6900000,0x00000000f6d00000)
 ParOldGen       total 102912K, used 32433K [0x00000000c0000000, 0x00000000c6480000, 0x00000000eab00000)
  object space 102912K, 31% used [0x00000000c0000000,0x00000000c1fac6b8,0x00000000c6480000)
 Metaspace       used 55142K, capacity 56192K, committed 56448K, reserved 1097728K
  class space    used 7273K, capacity 7530K, committed 7552K, reserved 1048576K
Event: 4375.847 GC heap after
Heap after GC invocations=22 (full 2):
 PSYoungGen      total 142848K, used 4080K [0x00000000eab00000, 0x00000000f6d00000, 0x0000000100000000)
  eden space 138752K, 0% used [0x00000000eab00000,0x00000000eab00000,0x00000000f3280000)
  from space 4096K, 99% used [0x00000000f6900000,0x00000000f6cfc030,0x00000000f6d00000)
  to   space 26624K, 0% used [0x00000000f3900000,0x00000000f3900000,0x00000000f5300000)
 ParOldGen       total 102912K, used 47373K [0x00000000c0000000, 0x00000000c6480000, 0x00000000eab00000)
  object space 102912K, 46% used [0x00000000c0000000,0x00000000c2e43710,0x00000000c6480000)
 Metaspace       used 55142K, capacity 56192K, committed 56448K, reserved 1097728K
  class space    used 7273K, capacity 7530K, committed 7552K, reserved 1048576K
}
Event: 4376.539 GC heap before
{Heap before GC invocations=23 (full 2):
 PSYoungGen      total 142848K, used 142832K [0x00000000eab00000, 0x00000000f6d00000, 0x0000000100000000)
  eden space 138752K, 100% used [0x00000000eab00000,0x00000000f3280000,0x00000000f3280000)
  from space 4096K, 99% used [0x00000000f6900000,0x00000000f6cfc030,0x00000000f6d00000)
  to   space 26624K, 0% used [0x00000000f3900000,0x00000000f3900000,0x00000000f5300000)
 ParOldGen       total 102912K, used 47373K [0x00000000c0000000, 0x00000000c6480000, 0x00000000eab00000)
  object space 102912K, 46% used [0x00000000c0000000,0x00000000c2e43710,0x00000000c6480000)
 Metaspace       used 55209K, capacity 56262K, committed 56448K, reserved 1097728K
  class space    used 7274K, capacity 7531K, committed 7552K, reserved 1048576K
Event: 4376.555 GC heap after
Heap after GC invocations=23 (full 2):
 PSYoungGen      total 146432K, used 11400K [0x00000000eab00000, 0x00000000f6980000, 0x0000000100000000)
  eden space 134656K, 0% used [0x00000000eab00000,0x00000000eab00000,0x00000000f2e80000)
  from space 11776K, 96% used [0x00000000f3900000,0x00000000f44221a8,0x00000000f4480000)
  to   space 25600K, 0% used [0x00000000f5080000,0x00000000f5080000,0x00000000f6980000)
 ParOldGen       total 102912K, used 47381K [0x00000000c0000000, 0x00000000c6480000, 0x00000000eab00000)
  object space 102912K, 46% used [0x00000000c0000000,0x00000000c2e45710,0x00000000c6480000)
 Metaspace       used 55209K, capacity 56262K, committed 56448K, reserved 1097728K
  class space    used 7274K, capacity 7531K, committed 7552K, reserved 1048576K
}
Event: 4379.117 GC heap before
{Heap before GC invocations=24 (full 2):
 PSYoungGen      total 146432K, used 146056K [0x00000000eab00000, 0x00000000f6980000, 0x0000000100000000)
  eden space 134656K, 100% used [0x00000000eab00000,0x00000000f2e80000,0x00000000f2e80000)
  from space 11776K, 96% used [0x00000000f3900000,0x00000000f44221a8,0x00000000f4480000)
  to   space 25600K, 0% used [0x00000000f5080000,0x00000000f5080000,0x00000000f6980000)
 ParOldGen       total 102912K, used 47381K [0x00000000c0000000, 0x00000000c6480000, 0x00000000eab00000)
  object space 102912K, 46% used [0x00000000c0000000,0x00000000c2e45710,0x00000000c6480000)
 Metaspace       used 56603K, capacity 57774K, committed 57984K, reserved 1099776K
  class space    used 7431K, capacity 7709K, committed 7808K, reserved 1048576K
Event: 4379.130 GC heap after
Heap after GC invocations=24 (full 2):
 PSYoungGen      total 144896K, used 14305K [0x00000000eab00000, 0x00000000f5e80000, 0x0000000100000000)
  eden space 130560K, 0% used [0x00000000eab00000,0x00000000eab00000,0x00000000f2a80000)
  from space 14336K, 99% used [0x00000000f5080000,0x00000000f5e785d0,0x00000000f5e80000)
  to   space 24576K, 0% used [0x00000000f2e80000,0x00000000f2e80000,0x00000000f4680000)
 ParOldGen       total 102912K, used 47389K [0x00000000c0000000, 0x00000000c6480000, 0x00000000eab00000)
  object space 102912K, 46% used [0x00000000c0000000,0x00000000c2e47710,0x00000000c6480000)
 Metaspace       used 56603K, capacity 57774K, committed 57984K, reserved 1099776K
  class space    used 7431K, capacity 7709K, committed 7808K, reserved 1048576K
}

Deoptimization events (10 events):
Event: 4379.436 Thread 0x0000000020c24000 Uncommon trap: reason=speculate_class_check action=maybe_recompile pc=0x0000000005043e64 method=com.sun.tools.javac.file.JavacFileManager.inferBinaryName(Ljavax/tools/JavaFileManager$Location;Ljavax/tools/JavaFileObject;)Ljava/lang/String; @ 30
Event: 4379.436 Thread 0x0000000020c24000 Uncommon trap: reason=speculate_class_check action=maybe_recompile pc=0x0000000005043e64 method=com.sun.tools.javac.file.JavacFileManager.inferBinaryName(Ljavax/tools/JavaFileManager$Location;Ljavax/tools/JavaFileObject;)Ljava/lang/String; @ 30
Event: 4382.364 Thread 0x0000000020c24000 Uncommon trap: reason=bimorphic action=maybe_recompile pc=0x0000000005729ddc method=org.gradle.internal.logging.text.AbstractStyledTextOutput.text(Ljava/lang/Object;)Lorg/gradle/internal/logging/text/StyledTextOutput; @ 11
Event: 6371.046 Thread 0x0000000020c28800 Uncommon trap: reason=unstable_if action=reinterpret pc=0x00000000060fb558 method=java.text.SimpleDateFormat.zeroPaddingNumber(IIILjava/lang/StringBuffer;)V @ 41
Event: 6371.047 Thread 0x0000000020c28800 Uncommon trap: reason=unstable_if action=reinterpret pc=0x000000000585173c method=java.text.DecimalFormat.subformat(Ljava/lang/StringBuffer;Ljava/text/Format$FieldDelegate;ZZIIII)Ljava/lang/StringBuffer; @ 814
Event: 6371.047 Thread 0x0000000020c28800 Uncommon trap: reason=unstable_if action=reinterpret pc=0x00000000060f51ac method=java.text.SimpleDateFormat.zeroPaddingNumber(IIILjava/lang/StringBuffer;)V @ 41
Event: 6371.101 Thread 0x0000000020c2a000 Uncommon trap: reason=bimorphic action=maybe_recompile pc=0x00000000047cb2ac method=com.google.common.collect.ImmutableCollection.toArray([Ljava/lang/Object;)[Ljava/lang/Object; @ 6
Event: 6371.219 Thread 0x0000000020c2a000 Uncommon trap: reason=unstable_if action=reinterpret pc=0x0000000004dd7304 method=java.lang.ref.SoftReference.get()Ljava/lang/Object; @ 6
Event: 6371.220 Thread 0x0000000020c2a000 Uncommon trap: reason=unstable_if action=reinterpret pc=0x00000000051388ec method=java.lang.ref.SoftReference.get()Ljava/lang/Object; @ 6
Event: 6371.227 Thread 0x0000000020c2a000 Uncommon trap: reason=unstable_if action=reinterpret pc=0x0000000004df58ac method=java.lang.ref.SoftReference.get()Ljava/lang/Object; @ 6

Classes redefined (0 events):
No events

Internal exceptions (10 events):
Event: 4382.331 Thread 0x000000001f4fe800 Exception <a 'java/io/IOException'> (0x00000000ef9c0248) thrown at [C:\re\workspace\8-2-build-windows-amd64-cygwin\jdk8u152\9742\hotspot\src\share\vm\prims\jni.cpp, line 709]
Event: 4382.332 Thread 0x000000001f4fd000 Exception <a 'java/io/IOException'> (0x00000000ef9ebd50) thrown at [C:\re\workspace\8-2-build-windows-amd64-cygwin\jdk8u152\9742\hotspot\src\share\vm\prims\jni.cpp, line 709]
Event: 4382.334 Thread 0x0000000020c2a000 Exception <a 'java/lang/NoSuchMethodError': <clinit>> (0x00000000eacca688) thrown at [C:\re\workspace\8-2-build-windows-amd64-cygwin\jdk8u152\9742\hotspot\src\share\vm\prims\jni.cpp, line 1613]
Event: 4382.336 Thread 0x0000000020c2a000 Exception <a 'java/lang/NoSuchMethodError': <clinit>> (0x00000000efaa34f8) thrown at [C:\re\workspace\8-2-build-windows-amd64-cygwin\jdk8u152\9742\hotspot\src\share\vm\prims\jni.cpp, line 1613]
Event: 4382.338 Thread 0x0000000020c2a000 Exception <a 'java/lang/NoSuchMethodError': <clinit>> (0x00000000efabda08) thrown at [C:\re\workspace\8-2-build-windows-amd64-cygwin\jdk8u152\9742\hotspot\src\share\vm\prims\jni.cpp, line 1613]
Event: 4382.359 Thread 0x000000001aca1800 Exception <a 'java/lang/reflect/InvocationTargetException'> (0x00000000ef949388) thrown at [C:\re\workspace\8-2-build-windows-amd64-cygwin\jdk8u152\9742\hotspot\src\share\vm\runtime\reflection.cpp, line 1092]
Event: 4382.362 Thread 0x0000000020c24000 Exception <a 'java/lang/reflect/InvocationTargetException'> (0x00000000ef4730a8) thrown at [C:\re\workspace\8-2-build-windows-amd64-cygwin\jdk8u152\9742\hotspot\src\share\vm\runtime\reflection.cpp, line 1092]
Event: 4382.394 Thread 0x0000000020c25800 Exception <a 'java/lang/NoSuchMethodError': <clinit>> (0x00000000efde1fc8) thrown at [C:\re\workspace\8-2-build-windows-amd64-cygwin\jdk8u152\9742\hotspot\src\share\vm\prims\jni.cpp, line 1613]
Event: 4382.396 Thread 0x0000000020c25800 Exception <a 'java/lang/NoSuchMethodError': <clinit>> (0x00000000efdf2d58) thrown at [C:\re\workspace\8-2-build-windows-amd64-cygwin\jdk8u152\9742\hotspot\src\share\vm\prims\jni.cpp, line 1613]
Event: 4382.399 Thread 0x0000000020c25800 Exception <a 'java/lang/NoSuchMethodError': <clinit>> (0x00000000efe21fe0) thrown at [C:\re\workspace\8-2-build-windows-amd64-cygwin\jdk8u152\9742\hotspot\src\share\vm\prims\jni.cpp, line 1613]

Events (10 events):
Event: 6371.344 Thread 0x0000000018fba000 flushing nmethod 0x00000000057db950
Event: 6371.344 Thread 0x0000000018fba000 flushing nmethod 0x00000000057f7dd0
Event: 6371.344 Thread 0x0000000018fba000 flushing nmethod 0x0000000005841250
Event: 6371.344 Thread 0x0000000018fba000 flushing nmethod 0x000000000588eed0
Event: 6371.344 Thread 0x0000000018fba000 flushing nmethod 0x000000000588f2d0
Event: 6371.344 Thread 0x0000000018fba000 flushing nmethod 0x00000000058a3b10
Event: 6371.346 Thread 0x0000000018fba000 flushing nmethod 0x0000000005b16ed0
Event: 6371.346 Thread 0x0000000018fba000 flushing nmethod 0x0000000005bc9a50
Event: 6371.348 Thread 0x0000000018fba000 flushing nmethod 0x000000000625f110
Event: 6371.348 Thread 0x0000000018fba000 flushing nmethod 0x000000000629b290


Dynamic libraries:
0x00007ff73a870000 - 0x00007ff73a8a7000 	C:\Program Files\Java\jdk1.8.0_152\bin\java.exe
0x00007ffb2ebe0000 - 0x00007ffb2edc0000 	C:\WINDOWS\SYSTEM32\ntdll.dll
0x00007ffb2c0b0000 - 0x00007ffb2c15e000 	C:\WINDOWS\System32\KERNEL32.DLL
0x00007ffb2b260000 - 0x00007ffb2b4c6000 	C:\WINDOWS\System32\KERNELBASE.dll
0x00007ffb2e690000 - 0x00007ffb2e731000 	C:\WINDOWS\System32\ADVAPI32.dll
0x00007ffb2c9d0000 - 0x00007ffb2ca6d000 	C:\WINDOWS\System32\msvcrt.dll
0x00007ffb2e630000 - 0x00007ffb2e68b000 	C:\WINDOWS\System32\sechost.dll
0x00007ffb2e020000 - 0x00007ffb2e13f000 	C:\WINDOWS\System32\RPCRT4.dll
0x00007ffb2e3f0000 - 0x00007ffb2e57f000 	C:\WINDOWS\System32\USER32.dll
0x00007ffb2c090000 - 0x00007ffb2c0b0000 	C:\WINDOWS\System32\win32u.dll
0x00007ffb2c620000 - 0x00007ffb2c648000 	C:\WINDOWS\System32\GDI32.dll
0x00007ffb2b4d0000 - 0x00007ffb2b663000 	C:\WINDOWS\System32\gdi32full.dll
0x00007ffb2bff0000 - 0x00007ffb2c08b000 	C:\WINDOWS\System32\msvcp_win.dll
0x00007ffb2be40000 - 0x00007ffb2bf36000 	C:\WINDOWS\System32\ucrtbase.dll
0x00007ffb261a0000 - 0x00007ffb26409000 	C:\WINDOWS\WinSxS\amd64_microsoft.windows.common-controls_6595b64144ccf1df_6.0.16299.371_none_15c7d1789365a290\COMCTL32.dll
0x00007ffb2c6c0000 - 0x00007ffb2c9c8000 	C:\WINDOWS\System32\combase.dll
0x00007ffb2bdc0000 - 0x00007ffb2be32000 	C:\WINDOWS\System32\bcryptPrimitives.dll
0x00007ffb2c400000 - 0x00007ffb2c42d000 	C:\WINDOWS\System32\IMM32.DLL
0x0000000061d30000 - 0x0000000061e02000 	C:\Program Files\Java\jdk1.8.0_152\jre\bin\msvcr100.dll
0x0000000061490000 - 0x0000000061d30000 	C:\Program Files\Java\jdk1.8.0_152\jre\bin\server\jvm.dll
0x00007ffb2eba0000 - 0x00007ffb2eba8000 	C:\WINDOWS\System32\PSAPI.DLL
0x00007ffb26c90000 - 0x00007ffb26c9a000 	C:\WINDOWS\SYSTEM32\VERSION.dll
0x00007ffb26eb0000 - 0x00007ffb26ed3000 	C:\WINDOWS\SYSTEM32\WINMM.dll
0x00007ffb29be0000 - 0x00007ffb29be9000 	C:\WINDOWS\SYSTEM32\WSOCK32.dll
0x00007ffb2c650000 - 0x00007ffb2c6bc000 	C:\WINDOWS\System32\WS2_32.dll
0x00007ffb26e40000 - 0x00007ffb26e6a000 	C:\WINDOWS\SYSTEM32\WINMMBASE.dll
0x00007ffb2b210000 - 0x00007ffb2b25a000 	C:\WINDOWS\System32\cfgmgr32.dll
0x0000000062940000 - 0x000000006294f000 	C:\Program Files\Java\jdk1.8.0_152\jre\bin\verify.dll
0x0000000062910000 - 0x0000000062939000 	C:\Program Files\Java\jdk1.8.0_152\jre\bin\java.dll
0x00000000628f0000 - 0x0000000062906000 	C:\Program Files\Java\jdk1.8.0_152\jre\bin\zip.dll
0x00007ffb2cbe0000 - 0x00007ffb2e016000 	C:\WINDOWS\System32\SHELL32.dll
0x00007ffb2e140000 - 0x00007ffb2e1e6000 	C:\WINDOWS\System32\shcore.dll
0x00007ffb2b670000 - 0x00007ffb2bdb7000 	C:\WINDOWS\System32\windows.storage.dll
0x00007ffb2c430000 - 0x00007ffb2c481000 	C:\WINDOWS\System32\shlwapi.dll
0x00007ffb2af30000 - 0x00007ffb2af41000 	C:\WINDOWS\System32\kernel.appcore.dll
0x00007ffb2af90000 - 0x00007ffb2afdc000 	C:\WINDOWS\System32\powrprof.dll
0x00007ffb2af50000 - 0x00007ffb2af6b000 	C:\WINDOWS\System32\profapi.dll
0x00000000628d0000 - 0x00000000628ea000 	C:\Program Files\Java\jdk1.8.0_152\jre\bin\net.dll
0x00007ffb2a7c0000 - 0x00007ffb2a826000 	C:\WINDOWS\system32\mswsock.dll
0x00000000628b0000 - 0x00000000628c1000 	C:\Program Files\Java\jdk1.8.0_152\jre\bin\nio.dll
0x00007ffb27be0000 - 0x00007ffb27bfe000 	C:\Users\kondm\.gradle\native\25\windows-amd64\native-platform.dll
0x00007ffb2a980000 - 0x00007ffb2a997000 	C:\WINDOWS\SYSTEM32\CRYPTSP.dll
0x00007ffb2a3c0000 - 0x00007ffb2a3f3000 	C:\WINDOWS\system32\rsaenh.dll
0x00007ffb2aa90000 - 0x00007ffb2aab5000 	C:\WINDOWS\SYSTEM32\bcrypt.dll
0x00007ffb2ae30000 - 0x00007ffb2ae59000 	C:\WINDOWS\SYSTEM32\USERENV.dll
0x00007ffb2a9a0000 - 0x00007ffb2a9ab000 	C:\WINDOWS\SYSTEM32\CRYPTBASE.dll
0x00007ffb2a550000 - 0x00007ffb2a589000 	C:\WINDOWS\SYSTEM32\IPHLPAPI.DLL
0x00007ffb2e740000 - 0x00007ffb2e748000 	C:\WINDOWS\System32\NSI.dll
0x00007ffb22b70000 - 0x00007ffb22b86000 	C:\WINDOWS\SYSTEM32\dhcpcsvc6.DLL
0x00007ffb22b50000 - 0x00007ffb22b6a000 	C:\WINDOWS\SYSTEM32\dhcpcsvc.DLL
0x00000000628a0000 - 0x00000000628ad000 	C:\Program Files\Java\jdk1.8.0_152\jre\bin\management.dll
0x00000000612d0000 - 0x00000000612f4000 	C:\Program Files\Java\jdk1.8.0_152\jre\bin\sunec.dll
0x00007ffb2a590000 - 0x00007ffb2a646000 	C:\WINDOWS\SYSTEM32\DNSAPI.dll
0x00007ffb22920000 - 0x00007ffb2292a000 	C:\Windows\System32\rasadhlp.dll
0x00007ffb22bf0000 - 0x00007ffb22c60000 	C:\WINDOWS\System32\fwpuclnt.dll
0x00000000612c0000 - 0x00000000612cb000 	C:\Program Files\Java\jdk1.8.0_152\jre\bin\sunmscapi.dll
0x00007ffb2b040000 - 0x00007ffb2b20e000 	C:\WINDOWS\System32\CRYPT32.dll
0x00007ffb2af70000 - 0x00007ffb2af82000 	C:\WINDOWS\System32\MSASN1.dll

VM Arguments:
jvm_args: -XX:MaxPermSize=256m -XX:+HeapDumpOnOutOfMemoryError -Xmx1024m -Dfile.encoding=windows-1250 -Duser.country=PL -Duser.language=pl -Duser.variant 
java_command: org.gradle.launcher.daemon.bootstrap.GradleDaemon 3.5.1
java_class_path (initial): C:\Users\kondm\.gradle\wrapper\dists\gradle-3.5.1-bin\5aglzaqc99i3lll5iwkbm96su\gradle-3.5.1\lib\gradle-launcher-3.5.1.jar
Launcher Type: SUN_STANDARD

Environment Variables:
JAVA_HOME=C:\Program Files\Java\jdk1.8.0_152
CLASSPATH=D:\Work\Java\Kodilla\Codes\Module 14\tasks\\gradle\wrapper\gradle-wrapper.jar
PATH=C:\ProgramData\Oracle\Java\javapath;C:\Program Files\Intel\WiFi\bin\;C:\Program Files\Common Files\Intel\WirelessCommon\;C:\Program Files (x86)\Skype\Phone\;C:\FPC\3.0.2\bin\i386-Win32;C:\WINDOWS\system32;C:\WINDOWS;C:\WINDOWS\System32\Wbem;C:\WINDOWS\System32\WindowsPowerShell\v1.0\;C:\Program Files (x86)\NVIDIA Corporation\PhysX\Common;C:\Program Files (x86)\QuickTime\QTSystem\;C:\WINDOWS\system32;C:\WINDOWS;C:\WINDOWS\System32\Wbem;C:\WINDOWS\System32\WindowsPowerShell\v1.0\;C:\Program Files\MySQL\MySQL Utilities 1.6\;C:\Program Files (x86)\Windows Kits\10\Windows Performance Toolkit\;C:\Program Files\Git\cmd;C:\Program Files\Java\jdk1.8.0_152\bin;C:\Program Files\Java\jre1.8.0_152;C:\MinGW\bin;C:\Qt\Qt5.9.1\5.9.1\mingw53_32\bin;C:\Users\kondm\AppData\Local\Programs\MiKTeX 2.9\miktex\bin\x64\;C:\Users\kondm\AppData\Local\GitHubDesktop\bin;C:\gradle-4.6\bin;
USERNAME=kondm
OS=Windows_NT
PROCESSOR_IDENTIFIER=Intel64 Family 6 Model 94 Stepping 3, GenuineIntel



---------------  S Y S T E M  ---------------

OS: Windows 10.0 , 64 bit Build 16299 (10.0.16299.15)

CPU:total 8 (initial active 8) (4 cores per cpu, 2 threads per core) family 6 model 94 stepping 3, cmov, cx8, fxsr, mmx, sse, sse2, sse3, ssse3, sse4.1, sse4.2, popcnt, avx, avx2, aes, clmul, erms, rtm, 3dnowpref, lzcnt, ht, tsc, tscinvbit, bmi1, bmi2, adx

Memory: 4k page, physical 8284708k(1956188k free), swap 10236452k(5852k free)

vm_info: Java HotSpot(TM) 64-Bit Server VM (25.152-b16) for windows-amd64 JRE (1.8.0_152-b16), built on Sep 14 2017 02:29:36 by "java_re" with MS VC++ 10.0 (VS2010)

time: Mon Apr 16 17:05:08 2018
elapsed time: 6371 seconds (0d 1h 46m 11s)

