#
# There is insufficient memory for the Java Runtime Environment to continue.
# Native memory allocation (malloc) failed to allocate 1362384 bytes for Chunk::new
# Possible reasons:
#   The system is out of physical RAM or swap space
#   In 32 bit mode, the process size limit was hit
# Possible solutions:
#   Reduce memory load on the system
#   Increase physical memory or swap space
#   Check if swap backing store is full
#   Use 64 bit Java on a 64 bit OS
#   Decrease Java heap size (-Xmx/-Xms)
#   Decrease number of Java threads
#   Decrease Java thread stack sizes (-Xss)
#   Set larger code cache with -XX:ReservedCodeCacheSize=
# This output file may be truncated or incomplete.
#
#  Out of Memory Error (allocation.cpp:390), pid=15264, tid=0x0000000000003bcc
#
# JRE version: Java(TM) SE Runtime Environment (8.0_152-b16) (build 1.8.0_152-b16)
# Java VM: Java HotSpot(TM) 64-Bit Server VM (25.152-b16 mixed mode windows-amd64 compressed oops)
# Failed to write core dump. Minidumps are not enabled by default on client versions of Windows
#

---------------  T H R E A D  ---------------

Current thread (0x0000000019ad2000):  JavaThread "C2 CompilerThread2" daemon [_thread_in_native, id=15308, stack(0x000000001a5a0000,0x000000001a6a0000)]

Stack: [0x000000001a5a0000,0x000000001a6a0000]
[error occurred during error reporting (printing stack bounds), id 0xc0000005]

Native frames: (J=compiled Java code, j=interpreted, Vv=VM code, C=native code)


Current CompileTask:
C2:  42075 6377   !   4       io.spring.gradle.dependencymanagement.org.codehaus.plexus.interpolation.StringSearchInterpolator::interpolate (665 bytes)


---------------  P R O C E S S  ---------------

Java Threads: ( => current thread )
  0x0000000021663000 JavaThread "Build operations Thread 8" [_thread_blocked, id=14896, stack(0x0000000027f20000,0x0000000028020000)]
  0x0000000021665800 JavaThread "Build operations Thread 7" [_thread_blocked, id=7772, stack(0x0000000027e20000,0x0000000027f20000)]
  0x000000002165b000 JavaThread "Build operations Thread 6" [_thread_blocked, id=14912, stack(0x0000000027d20000,0x0000000027e20000)]
  0x0000000021661800 JavaThread "Build operations Thread 5" [_thread_blocked, id=11760, stack(0x0000000025c80000,0x0000000025d80000)]
  0x0000000021661000 JavaThread "Build operations Thread 4" [_thread_blocked, id=14980, stack(0x0000000025b80000,0x0000000025c80000)]
  0x0000000021660000 JavaThread "Build operations Thread 3" [_thread_blocked, id=11684, stack(0x0000000025a80000,0x0000000025b80000)]
  0x000000002165f800 JavaThread "Build operations Thread 2" [_thread_blocked, id=14480, stack(0x0000000025980000,0x0000000025a80000)]
  0x0000000021658000 JavaThread "Build operations" [_thread_blocked, id=1568, stack(0x0000000025880000,0x0000000025980000)]
  0x000000002165e800 JavaThread "Cache worker for Artifact transforms cache (C:\Users\kondm\.gradle\caches\transforms-1)" [_thread_blocked, id=5628, stack(0x0000000025780000,0x0000000025880000)]
  0x000000002165a000 JavaThread "Cache worker for file hash cache (D:\Work\Java\Kodilla\Codes\Module 14\tasks\.gradle\4.6\fileHashes)" [_thread_blocked, id=15136, stack(0x0000000025680000,0x0000000025780000)]
  0x0000000021658800 JavaThread "Stdin handler" [_thread_blocked, id=12600, stack(0x0000000025580000,0x0000000025680000)]
  0x000000002165b800 JavaThread "Asynchronous log dispatcher for DefaultDaemonConnection: socket connection from /127.0.0.1:52416 to /127.0.0.1:52428" [_thread_blocked, id=14672, stack(0x0000000025480000,0x0000000025580000)]
  0x000000002165e000 JavaThread "Cancel handler" [_thread_blocked, id=1544, stack(0x0000000025380000,0x0000000025480000)]
  0x0000000021659800 JavaThread "Handler for socket connection from /127.0.0.1:52416 to /127.0.0.1:52428" [_thread_in_native, id=5160, stack(0x0000000025280000,0x0000000025380000)]
  0x000000002165c800 JavaThread "Memory manager" [_thread_blocked, id=360, stack(0x0000000024280000,0x0000000024380000)]
  0x000000001bcc8800 JavaThread "File lock request listener" [_thread_in_native, id=13956, stack(0x000000001e970000,0x000000001ea70000)]
  0x000000001bcce800 JavaThread "Cache worker for file hash cache (C:\Users\kondm\.gradle\caches\4.6\fileHashes)" [_thread_blocked, id=14872, stack(0x000000001e870000,0x000000001e970000)]
  0x000000001bb77000 JavaThread "Daemon worker" [_thread_in_native, id=14960, stack(0x000000001d2a0000,0x000000001d3a0000)]
  0x000000001bb49800 JavaThread "Daemon" [_thread_blocked, id=15096, stack(0x000000001cda0000,0x000000001cea0000)]
  0x000000001baef800 JavaThread "Daemon periodic checks" [_thread_blocked, id=15140, stack(0x000000001cca0000,0x000000001cda0000)]
  0x000000001badf000 JavaThread "Incoming local TCP Connector on port 52416" [_thread_in_native, id=9648, stack(0x000000001c7b0000,0x000000001c8b0000)]
  0x000000001b9fb000 JavaThread "Daemon health stats" [_thread_blocked, id=15132, stack(0x000000001c170000,0x000000001c270000)]
  0x0000000019b7a800 JavaThread "Service Thread" daemon [_thread_blocked, id=6636, stack(0x000000001a7a0000,0x000000001a8a0000)]
  0x0000000019adc800 JavaThread "C1 CompilerThread3" daemon [_thread_blocked, id=14552, stack(0x000000001a6a0000,0x000000001a7a0000)]
=>0x0000000019ad2000 JavaThread "C2 CompilerThread2" daemon [_thread_in_native, id=15308, stack(0x000000001a5a0000,0x000000001a6a0000)]
  0x0000000019ad1000 JavaThread "C2 CompilerThread1" daemon [_thread_blocked, id=1888, stack(0x000000001a4a0000,0x000000001a5a0000)]
  0x0000000019ace800 JavaThread "C2 CompilerThread0" daemon [_thread_blocked, id=15116, stack(0x000000001a3a0000,0x000000001a4a0000)]
  0x0000000019ac8000 JavaThread "Attach Listener" daemon [_thread_blocked, id=7136, stack(0x000000001a2a0000,0x000000001a3a0000)]
  0x0000000019ac7000 JavaThread "Signal Dispatcher" daemon [_thread_blocked, id=12644, stack(0x000000001a1a0000,0x000000001a2a0000)]
  0x0000000019ac0800 JavaThread "Finalizer" daemon [_thread_blocked, id=9360, stack(0x0000000019ea0000,0x0000000019fa0000)]
  0x0000000017bcd000 JavaThread "Reference Handler" daemon [_thread_blocked, id=14184, stack(0x00000000199a0000,0x0000000019aa0000)]
  0x00000000036de800 JavaThread "main" [_thread_blocked, id=14928, stack(0x0000000004eb0000,0x0000000004fb0000)]

Other Threads:
  0x0000000017bc8800 VMThread [stack: 0x00000000198a0000,0x00000000199a0000] [id=8476]
  0x0000000019b8c800 WatcherThread [stack: 0x000000001a8a0000,0x000000001a9a0000] [id=10100]

VM state:not at safepoint (normal execution)

VM Mutex/Monitor currently owned by a thread: None

Heap:
 PSYoungGen      total 108032K, used 77623K [0x00000000eab00000, 0x00000000f2000000, 0x0000000100000000)
  eden space 96256K, 73% used [0x00000000eab00000,0x00000000ef015ca0,0x00000000f0900000)
  from space 11776K, 58% used [0x00000000f1400000,0x00000000f1ab8000,0x00000000f1f80000)
  to   space 11264K, 0% used [0x00000000f0900000,0x00000000f0900000,0x00000000f1400000)
 ParOldGen       total 96768K, used 24944K [0x00000000c0000000, 0x00000000c5e80000, 0x00000000eab00000)
  object space 96768K, 25% used [0x00000000c0000000,0x00000000c185c3f8,0x00000000c5e80000)
 Metaspace       used 43439K, capacity 44612K, committed 44928K, reserved 1087488K
  class space    used 6042K, capacity 6406K, committed 6528K, reserved 1048576K

Card table byte_map: [0x0000000014470000,0x0000000014680000] byte_map_base: 0x0000000013e70000

Marking Bits: (ParMarkBitMap*) 0x0000000061cb0860
 Begin Bits: [0x0000000014fe0000, 0x0000000015fe0000)
 End Bits:   [0x0000000015fe0000, 0x0000000016fe0000)

Polling page: 0x00000000035b0000

CodeCache: size=245760Kb used=21333Kb max_used=21346Kb free=224426Kb
 bounds [0x00000000050b0000, 0x00000000065b0000, 0x00000000140b0000]
 total_blobs=6449 nmethods=5739 adapters=621
 compilation: enabled

Compilation events (10 events):
Event: 41.496 Thread 0x0000000019adc800 6413       1       org.gradle.api.internal.artifacts.dependencies.AbstractDependency::getReason (5 bytes)
Event: 41.496 Thread 0x0000000019adc800 nmethod 6413 0x000000000658f050 code [0x000000000658f1a0, 0x000000000658f2b0]
Event: 41.790 Thread 0x0000000019adc800 6414       3       io.spring.gradle.dependencymanagement.org.apache.maven.model.profile.DefaultProfileSelector::addProfileActivator (17 bytes)
Event: 41.791 Thread 0x0000000019adc800 nmethod 6414 0x000000000658eb90 code [0x000000000658ed00, 0x000000000658ef68]
Event: 41.791 Thread 0x0000000019adc800 6415       3       io.spring.gradle.dependencymanagement.org.apache.maven.model.path.DefaultPathTranslator::<init> (5 bytes)
Event: 41.791 Thread 0x0000000019adc800 nmethod 6415 0x000000000658e7d0 code [0x000000000658e920, 0x000000000658ead0]
Event: 41.866 Thread 0x0000000019ace800 6416       4       org.gradle.api.internal.artifacts.repositories.resolver.AbstractResourcePattern::isOptionalToken (153 bytes)
Event: 41.866 Thread 0x0000000019adc800 6417       1       org.gradle.api.internal.artifacts.configurations.DefaultConfigurationPublications::access$300 (5 bytes)
Event: 41.866 Thread 0x0000000019adc800 nmethod 6417 0x000000000658e510 code [0x000000000658e660, 0x000000000658e750]
Event: 41.875 Thread 0x0000000019ace800 nmethod 6416 0x000000000658a8d0 code [0x000000000658aa20, 0x000000000658b078]

GC Heap History (10 events):
Event: 11.959 GC heap before
{Heap before GC invocations=12 (full 2):
 PSYoungGen      total 77312K, used 4843K [0x00000000eab00000, 0x00000000f0080000, 0x0000000100000000)
  eden space 67584K, 0% used [0x00000000eab00000,0x00000000eab00000,0x00000000eed00000)
  from space 9728K, 49% used [0x00000000ef680000,0x00000000efb3afe0,0x00000000f0000000)
  to   space 9728K, 0% used [0x00000000eed00000,0x00000000eed00000,0x00000000ef680000)
 ParOldGen       total 60416K, used 12842K [0x00000000c0000000, 0x00000000c3b00000, 0x00000000eab00000)
  object space 60416K, 21% used [0x00000000c0000000,0x00000000c0c8a890,0x00000000c3b00000)
 Metaspace       used 34768K, capacity 35482K, committed 35496K, reserved 1079296K
  class space    used 4874K, capacity 5118K, committed 5120K, reserved 1048576K
Event: 12.046 GC heap after
Heap after GC invocations=12 (full 2):
 PSYoungGen      total 77312K, used 0K [0x00000000eab00000, 0x00000000f0080000, 0x0000000100000000)
  eden space 67584K, 0% used [0x00000000eab00000,0x00000000eab00000,0x00000000eed00000)
  from space 9728K, 0% used [0x00000000ef680000,0x00000000ef680000,0x00000000f0000000)
  to   space 9728K, 0% used [0x00000000eed00000,0x00000000eed00000,0x00000000ef680000)
 ParOldGen       total 96768K, used 15646K [0x00000000c0000000, 0x00000000c5e80000, 0x00000000eab00000)
  object space 96768K, 16% used [0x00000000c0000000,0x00000000c0f47b38,0x00000000c5e80000)
 Metaspace       used 34683K, capacity 35312K, committed 35496K, reserved 1079296K
  class space    used 4849K, capacity 5064K, committed 5120K, reserved 1048576K
}
Event: 13.422 GC heap before
{Heap before GC invocations=13 (full 2):
 PSYoungGen      total 77312K, used 67584K [0x00000000eab00000, 0x00000000f0080000, 0x0000000100000000)
  eden space 67584K, 100% used [0x00000000eab00000,0x00000000eed00000,0x00000000eed00000)
  from space 9728K, 0% used [0x00000000ef680000,0x00000000ef680000,0x00000000f0000000)
  to   space 9728K, 0% used [0x00000000eed00000,0x00000000eed00000,0x00000000ef680000)
 ParOldGen       total 96768K, used 15646K [0x00000000c0000000, 0x00000000c5e80000, 0x00000000eab00000)
  object space 96768K, 16% used [0x00000000c0000000,0x00000000c0f47b38,0x00000000c5e80000)
 Metaspace       used 37615K, capacity 38370K, committed 38656K, reserved 1083392K
  class space    used 5322K, capacity 5588K, committed 5632K, reserved 1048576K
Event: 13.428 GC heap after
Heap after GC invocations=13 (full 2):
 PSYoungGen      total 77312K, used 4707K [0x00000000eab00000, 0x00000000f0f80000, 0x0000000100000000)
  eden space 67584K, 0% used [0x00000000eab00000,0x00000000eab00000,0x00000000eed00000)
  from space 9728K, 48% used [0x00000000eed00000,0x00000000ef198ed0,0x00000000ef680000)
  to   space 9728K, 0% used [0x00000000f0600000,0x00000000f0600000,0x00000000f0f80000)
 ParOldGen       total 96768K, used 15654K [0x00000000c0000000, 0x00000000c5e80000, 0x00000000eab00000)
  object space 96768K, 16% used [0x00000000c0000000,0x00000000c0f49b38,0x00000000c5e80000)
 Metaspace       used 37615K, capacity 38370K, committed 38656K, reserved 1083392K
  class space    used 5322K, capacity 5588K, committed 5632K, reserved 1048576K
}
Event: 26.753 GC heap before
{Heap before GC invocations=14 (full 2):
 PSYoungGen      total 77312K, used 72291K [0x00000000eab00000, 0x00000000f0f80000, 0x0000000100000000)
  eden space 67584K, 100% used [0x00000000eab00000,0x00000000eed00000,0x00000000eed00000)
  from space 9728K, 48% used [0x00000000eed00000,0x00000000ef198ed0,0x00000000ef680000)
  to   space 9728K, 0% used [0x00000000f0600000,0x00000000f0600000,0x00000000f0f80000)
 ParOldGen       total 96768K, used 15654K [0x00000000c0000000, 0x00000000c5e80000, 0x00000000eab00000)
  object space 96768K, 16% used [0x00000000c0000000,0x00000000c0f49b38,0x00000000c5e80000)
 Metaspace       used 39939K, capacity 41114K, committed 41472K, reserved 1085440K
  class space    used 5663K, capacity 6030K, committed 6144K, reserved 1048576K
Event: 26.759 GC heap after
Heap after GC invocations=14 (full 2):
 PSYoungGen      total 89088K, used 7408K [0x00000000eab00000, 0x00000000f0d80000, 0x0000000100000000)
  eden space 81408K, 0% used [0x00000000eab00000,0x00000000eab00000,0x00000000efa80000)
  from space 7680K, 96% used [0x00000000f0600000,0x00000000f0d3c0e0,0x00000000f0d80000)
  to   space 9728K, 0% used [0x00000000efa80000,0x00000000efa80000,0x00000000f0400000)
 ParOldGen       total 96768K, used 15662K [0x00000000c0000000, 0x00000000c5e80000, 0x00000000eab00000)
  object space 96768K, 16% used [0x00000000c0000000,0x00000000c0f4bb38,0x00000000c5e80000)
 Metaspace       used 39939K, capacity 41114K, committed 41472K, reserved 1085440K
  class space    used 5663K, capacity 6030K, committed 6144K, reserved 1048576K
}
Event: 35.014 GC heap before
{Heap before GC invocations=15 (full 2):
 PSYoungGen      total 89088K, used 88816K [0x00000000eab00000, 0x00000000f0d80000, 0x0000000100000000)
  eden space 81408K, 100% used [0x00000000eab00000,0x00000000efa80000,0x00000000efa80000)
  from space 7680K, 96% used [0x00000000f0600000,0x00000000f0d3c0e0,0x00000000f0d80000)
  to   space 9728K, 0% used [0x00000000efa80000,0x00000000efa80000,0x00000000f0400000)
 ParOldGen       total 96768K, used 15662K [0x00000000c0000000, 0x00000000c5e80000, 0x00000000eab00000)
  object space 96768K, 16% used [0x00000000c0000000,0x00000000c0f4bb38,0x00000000c5e80000)
 Metaspace       used 42635K, capacity 43732K, committed 44032K, reserved 1087488K
  class space    used 6011K, capacity 6334K, committed 6400K, reserved 1048576K
Event: 35.025 GC heap after
Heap after GC invocations=15 (full 2):
 PSYoungGen      total 91136K, used 9696K [0x00000000eab00000, 0x00000000f1f80000, 0x0000000100000000)
  eden space 81408K, 0% used [0x00000000eab00000,0x00000000eab00000,0x00000000efa80000)
  from space 9728K, 99% used [0x00000000efa80000,0x00000000f03f8040,0x00000000f0400000)
  to   space 11776K, 0% used [0x00000000f1400000,0x00000000f1400000,0x00000000f1f80000)
 ParOldGen       total 96768K, used 19271K [0x00000000c0000000, 0x00000000c5e80000, 0x00000000eab00000)
  object space 96768K, 19% used [0x00000000c0000000,0x00000000c12d1fa8,0x00000000c5e80000)
 Metaspace       used 42635K, capacity 43732K, committed 44032K, reserved 1087488K
  class space    used 6011K, capacity 6334K, committed 6400K, reserved 1048576K
}
Event: 36.375 GC heap before
{Heap before GC invocations=16 (full 2):
 PSYoungGen      total 91136K, used 91104K [0x00000000eab00000, 0x00000000f1f80000, 0x0000000100000000)
  eden space 81408K, 100% used [0x00000000eab00000,0x00000000efa80000,0x00000000efa80000)
  from space 9728K, 99% used [0x00000000efa80000,0x00000000f03f8040,0x00000000f0400000)
  to   space 11776K, 0% used [0x00000000f1400000,0x00000000f1400000,0x00000000f1f80000)
 ParOldGen       total 96768K, used 19271K [0x00000000c0000000, 0x00000000c5e80000, 0x00000000eab00000)
  object space 96768K, 19% used [0x00000000c0000000,0x00000000c12d1fa8,0x00000000c5e80000)
 Metaspace       used 42895K, capacity 44024K, committed 44288K, reserved 1087488K
  class space    used 6017K, capacity 6340K, committed 6400K, reserved 1048576K
Event: 36.386 GC heap after
Heap after GC invocations=16 (full 2):
 PSYoungGen      total 108032K, used 6880K [0x00000000eab00000, 0x00000000f2000000, 0x0000000100000000)
  eden space 96256K, 0% used [0x00000000eab00000,0x00000000eab00000,0x00000000f0900000)
  from space 11776K, 58% used [0x00000000f1400000,0x00000000f1ab8000,0x00000000f1f80000)
  to   space 11264K, 0% used [0x00000000f0900000,0x00000000f0900000,0x00000000f1400000)
 ParOldGen       total 96768K, used 24944K [0x00000000c0000000, 0x00000000c5e80000, 0x00000000eab00000)
  object space 96768K, 25% used [0x00000000c0000000,0x00000000c185c3f8,0x00000000c5e80000)
 Metaspace       used 42895K, capacity 44024K, committed 44288K, reserved 1087488K
  class space    used 6017K, capacity 6340K, committed 6400K, reserved 1048576K
}

Deoptimization events (10 events):
Event: 35.325 Thread 0x000000001bb77000 Uncommon trap: reason=unstable_if action=reinterpret pc=0x00000000060e98b8 method=io.spring.gradle.dependencymanagement.org.codehaus.plexus.util.xml.pull.MXParser.isS(C)Z @ 15
Event: 35.420 Thread 0x000000001bb77000 Uncommon trap: reason=unstable_if action=reinterpret pc=0x00000000061f5b48 method=java.lang.String.trim()Ljava/lang/String; @ 63
Event: 35.775 Thread 0x000000001bb77000 Uncommon trap: reason=unstable_if action=reinterpret pc=0x000000000627dbc0 method=io.spring.gradle.dependencymanagement.org.codehaus.plexus.util.xml.pull.MXParser.nextImpl()I @ 280
Event: 35.891 Thread 0x000000001bb77000 Uncommon trap: reason=null_check action=make_not_entrant pc=0x000000000635c428 method=io.spring.gradle.dependencymanagement.org.apache.maven.model.validation.DefaultModelValidator.validateEffectiveDependency(Lio/spring/gradle/dependencymanagement/org/apac
Event: 36.161 Thread 0x000000001bb77000 Uncommon trap: reason=unstable_if action=reinterpret pc=0x000000000623f018 method=io.spring.gradle.dependencymanagement.org.apache.maven.model.validation.DefaultModelValidator.validateNotNull(Ljava/lang/String;Lio/spring/gradle/dependencymanagement/org/ap
Event: 36.492 Thread 0x000000001bb77000 Uncommon trap: reason=unstable_if action=reinterpret pc=0x00000000062c4f20 method=io.spring.gradle.dependencymanagement.org.apache.maven.model.io.xpp3.MavenXpp3Reader.parseDependency(Lio/spring/gradle/dependencymanagement/org/codehaus/plexus/util/xml/pull
Event: 36.511 Thread 0x000000001bb77000 Uncommon trap: reason=unstable_if action=reinterpret pc=0x00000000063bd48c method=io.spring.gradle.dependencymanagement.org.apache.maven.model.validation.DefaultModelValidator.validateEffectiveDependency(Lio/spring/gradle/dependencymanagement/org/apache/m
Event: 36.764 Thread 0x000000001bb77000 Uncommon trap: reason=unstable_if action=reinterpret pc=0x000000000632f9cc method=io.spring.gradle.dependencymanagement.org.codehaus.plexus.interpolation.StringSearchInterpolator.interpolate(Ljava/lang/String;Lio/spring/gradle/dependencymanagement/org/cod
Event: 36.875 Thread 0x000000001bb77000 Uncommon trap: reason=bimorphic action=maybe_recompile pc=0x0000000005fe5cf8 method=com.google.common.collect.AbstractMapBasedMultimap.put(Ljava/lang/Object;Ljava/lang/Object;)Z @ 70
Event: 36.875 Thread 0x000000001bb77000 Uncommon trap: reason=bimorphic action=maybe_recompile pc=0x0000000005fe5cf8 method=com.google.common.collect.AbstractMapBasedMultimap.put(Ljava/lang/Object;Ljava/lang/Object;)Z @ 70

Classes redefined (0 events):
No events

Internal exceptions (10 events):
Event: 26.921 Thread 0x000000001bb77000 Exception <a 'java/lang/ClassNotFoundException': org/jetbrains/plugins/gradle/model/IntelliJProjectSettingsCustomizer> (0x00000000eb7a7698) thrown at [C:\re\workspace\8-2-build-windows-amd64-cygwin\jdk8u152\9742\hotspot\src\share\vm\classfile\systemDictio
Event: 27.175 Thread 0x000000001bb77000 Exception <a 'java/lang/ClassNotFoundException': org/gradle/api/internal/artifacts/configurations/DefaultConfiguration_DecoratedBeanInfo> (0x00000000ec7c38e8) thrown at [C:\re\workspace\8-2-build-windows-amd64-cygwin\jdk8u152\9742\hotspot\src\share\vm\cla
Event: 27.175 Thread 0x000000001bb77000 Exception <a 'java/lang/ClassNotFoundException': org/gradle/api/internal/artifacts/configurations/DefaultConfigurationBeanInfo> (0x00000000ec7f4668) thrown at [C:\re\workspace\8-2-build-windows-amd64-cygwin\jdk8u152\9742\hotspot\src\share\vm\classfile\sys
Event: 27.175 Thread 0x000000001bb77000 Exception <a 'java/lang/ClassNotFoundException': org/gradle/api/internal/file/AbstractFileCollectionBeanInfo> (0x00000000ec80b530) thrown at [C:\re\workspace\8-2-build-windows-amd64-cygwin\jdk8u152\9742\hotspot\src\share\vm\classfile\systemDictionary.cpp,
Event: 27.176 Thread 0x000000001bb77000 Exception <a 'java/lang/ClassNotFoundException': org/gradle/api/internal/file/AbstractFileCollectionCustomizer> (0x00000000ec8228e0) thrown at [C:\re\workspace\8-2-build-windows-amd64-cygwin\jdk8u152\9742\hotspot\src\share\vm\classfile\systemDictionary.cp
Event: 27.176 Thread 0x000000001bb77000 Exception <a 'java/lang/ClassNotFoundException': org/gradle/api/internal/artifacts/configurations/DefaultConfigurationCustomizer> (0x00000000ec864d58) thrown at [C:\re\workspace\8-2-build-windows-amd64-cygwin\jdk8u152\9742\hotspot\src\share\vm\classfile\s
Event: 27.179 Thread 0x000000001bb77000 Exception <a 'java/lang/ClassNotFoundException': org/gradle/api/internal/artifacts/configurations/DefaultConfiguration_DecoratedCustomizer> (0x00000000ec901b70) thrown at [C:\re\workspace\8-2-build-windows-amd64-cygwin\jdk8u152\9742\hotspot\src\share\vm\c
Event: 29.332 Thread 0x000000001bb77000 Implicit null exception at 0x000000000611ef10 to 0x0000000006120301
Event: 35.891 Thread 0x000000001bb77000 Implicit null exception at 0x00000000063586ec to 0x000000000635c411
Event: 36.161 Thread 0x000000001bb77000 Implicit null exception at 0x000000000623efac to 0x000000000623eff5

Events (10 events):
Event: 37.095 loading class com/google/common/collect/StandardTable$Row done
Event: 37.114 loading class org/gradle/plugins/ide/idea/model/SingleEntryModuleLibrary
Event: 37.114 loading class org/gradle/plugins/ide/idea/model/SingleEntryModuleLibrary done
Event: 37.115 loading class org/gradle/plugins/ide/idea/model/ModuleLibrary
Event: 37.115 loading class org/gradle/plugins/ide/idea/model/ModuleLibrary done
Event: 37.116 loading class org/gradle/plugins/ide/idea/model/Dependency
Event: 37.116 loading class org/gradle/plugins/ide/idea/model/Dependency done
Event: 37.117 loading class org/gradle/plugins/ide/idea/model/PathFactory$Variable
Event: 37.118 loading class org/gradle/plugins/ide/idea/model/PathFactory$Variable done
Event: 41.876 Thread 0x0000000019ace800 flushing nmethod 0x0000000005242ed0


Dynamic libraries:
0x00007ff73a870000 - 0x00007ff73a8a7000 	C:\Program Files\Java\jdk1.8.0_152\bin\java.exe
0x00007ffb2ebe0000 - 0x00007ffb2edc0000 	C:\WINDOWS\SYSTEM32\ntdll.dll
0x00007ffb2c0b0000 - 0x00007ffb2c15e000 	C:\WINDOWS\System32\KERNEL32.DLL
0x00007ffb2b260000 - 0x00007ffb2b4c6000 	C:\WINDOWS\System32\KERNELBASE.dll
0x00007ffb2e690000 - 0x00007ffb2e731000 	C:\WINDOWS\System32\ADVAPI32.dll
0x00007ffb2c9d0000 - 0x00007ffb2ca6d000 	C:\WINDOWS\System32\msvcrt.dll
0x00007ffb2e630000 - 0x00007ffb2e68b000 	C:\WINDOWS\System32\sechost.dll
0x00007ffb2e020000 - 0x00007ffb2e13f000 	C:\WINDOWS\System32\RPCRT4.dll
0x00007ffb2e3f0000 - 0x00007ffb2e57f000 	C:\WINDOWS\System32\USER32.dll
0x00007ffb2c090000 - 0x00007ffb2c0b0000 	C:\WINDOWS\System32\win32u.dll
0x00007ffb2c620000 - 0x00007ffb2c648000 	C:\WINDOWS\System32\GDI32.dll
0x00007ffb2b4d0000 - 0x00007ffb2b663000 	C:\WINDOWS\System32\gdi32full.dll
0x00007ffb2bff0000 - 0x00007ffb2c08b000 	C:\WINDOWS\System32\msvcp_win.dll
0x00007ffb2be40000 - 0x00007ffb2bf36000 	C:\WINDOWS\System32\ucrtbase.dll
0x00007ffb261a0000 - 0x00007ffb26409000 	C:\WINDOWS\WinSxS\amd64_microsoft.windows.common-controls_6595b64144ccf1df_6.0.16299.371_none_15c7d1789365a290\COMCTL32.dll
0x00007ffb2c6c0000 - 0x00007ffb2c9c8000 	C:\WINDOWS\System32\combase.dll
0x00007ffb2bdc0000 - 0x00007ffb2be32000 	C:\WINDOWS\System32\bcryptPrimitives.dll
0x00007ffb2c400000 - 0x00007ffb2c42d000 	C:\WINDOWS\System32\IMM32.DLL
0x0000000061d30000 - 0x0000000061e02000 	C:\Program Files\Java\jdk1.8.0_152\jre\bin\msvcr100.dll
0x0000000061490000 - 0x0000000061d30000 	C:\Program Files\Java\jdk1.8.0_152\jre\bin\server\jvm.dll
0x00007ffb2eba0000 - 0x00007ffb2eba8000 	C:\WINDOWS\System32\PSAPI.DLL
0x00007ffb26eb0000 - 0x00007ffb26ed3000 	C:\WINDOWS\SYSTEM32\WINMM.dll
0x00007ffb29be0000 - 0x00007ffb29be9000 	C:\WINDOWS\SYSTEM32\WSOCK32.dll
0x00007ffb26c90000 - 0x00007ffb26c9a000 	C:\WINDOWS\SYSTEM32\VERSION.dll
0x00007ffb2c650000 - 0x00007ffb2c6bc000 	C:\WINDOWS\System32\WS2_32.dll
0x00007ffb26e40000 - 0x00007ffb26e6a000 	C:\WINDOWS\SYSTEM32\winmmbase.dll
0x00007ffb2b210000 - 0x00007ffb2b25a000 	C:\WINDOWS\System32\cfgmgr32.dll
0x0000000062940000 - 0x000000006294f000 	C:\Program Files\Java\jdk1.8.0_152\jre\bin\verify.dll
0x0000000062910000 - 0x0000000062939000 	C:\Program Files\Java\jdk1.8.0_152\jre\bin\java.dll
0x00000000628f0000 - 0x0000000062906000 	C:\Program Files\Java\jdk1.8.0_152\jre\bin\zip.dll
0x00007ffb2cbe0000 - 0x00007ffb2e016000 	C:\WINDOWS\System32\SHELL32.dll
0x00007ffb2e140000 - 0x00007ffb2e1e6000 	C:\WINDOWS\System32\shcore.dll
0x00007ffb2b670000 - 0x00007ffb2bdb7000 	C:\WINDOWS\System32\windows.storage.dll
0x00007ffb2c430000 - 0x00007ffb2c481000 	C:\WINDOWS\System32\shlwapi.dll
0x00007ffb2af30000 - 0x00007ffb2af41000 	C:\WINDOWS\System32\kernel.appcore.dll
0x00007ffb2af90000 - 0x00007ffb2afdc000 	C:\WINDOWS\System32\powrprof.dll
0x00007ffb2af50000 - 0x00007ffb2af6b000 	C:\WINDOWS\System32\profapi.dll
0x00000000628d0000 - 0x00000000628ea000 	C:\Program Files\Java\jdk1.8.0_152\jre\bin\net.dll
0x00007ffb2a7c0000 - 0x00007ffb2a826000 	C:\WINDOWS\system32\mswsock.dll
0x00000000628b0000 - 0x00000000628c1000 	C:\Program Files\Java\jdk1.8.0_152\jre\bin\nio.dll
0x00007ffb27be0000 - 0x00007ffb27bfe000 	C:\Users\kondm\.gradle\native\25\windows-amd64\native-platform.dll
0x00000000628a0000 - 0x00000000628ad000 	C:\Program Files\Java\jdk1.8.0_152\jre\bin\management.dll
0x00007ffb2a980000 - 0x00007ffb2a997000 	C:\WINDOWS\SYSTEM32\CRYPTSP.dll
0x00007ffb2a3c0000 - 0x00007ffb2a3f3000 	C:\WINDOWS\system32\rsaenh.dll
0x00007ffb2aa90000 - 0x00007ffb2aab5000 	C:\WINDOWS\SYSTEM32\bcrypt.dll
0x00007ffb2ae30000 - 0x00007ffb2ae59000 	C:\WINDOWS\SYSTEM32\USERENV.dll
0x00007ffb2a9a0000 - 0x00007ffb2a9ab000 	C:\WINDOWS\SYSTEM32\CRYPTBASE.dll
0x00007ffb2a550000 - 0x00007ffb2a589000 	C:\WINDOWS\SYSTEM32\IPHLPAPI.DLL
0x00007ffb2e740000 - 0x00007ffb2e748000 	C:\WINDOWS\System32\NSI.dll
0x00007ffb22b70000 - 0x00007ffb22b86000 	C:\WINDOWS\SYSTEM32\dhcpcsvc6.DLL
0x00007ffb22b50000 - 0x00007ffb22b6a000 	C:\WINDOWS\SYSTEM32\dhcpcsvc.DLL

VM Arguments:
jvm_args: -XX:+HeapDumpOnOutOfMemoryError -Xmx1024m -Dfile.encoding=windows-1250 -Duser.country=PL -Duser.language=pl -Duser.variant 
java_command: org.gradle.launcher.daemon.bootstrap.GradleDaemon 4.6
java_class_path (initial): C:\gradle-4.6\lib\gradle-launcher-4.6.jar
Launcher Type: SUN_STANDARD

Environment Variables:
JAVA_HOME=C:\Program Files\Java\jdk1.8.0_152
CLASSPATH=.;C:\Program Files (x86)\QuickTime\QTSystem\QTJava.zip
PATH=C:\ProgramData\Oracle\Java\javapath;C:\Program Files\Intel\WiFi\bin\;C:\Program Files\Common Files\Intel\WirelessCommon\;C:\Program Files (x86)\Skype\Phone\;C:\FPC\3.0.2\bin\i386-Win32;C:\WINDOWS\system32;C:\WINDOWS;C:\WINDOWS\System32\Wbem;C:\WINDOWS\System32\WindowsPowerShell\v1.0\;C:\Program Files (x86)\NVIDIA Corporation\PhysX\Common;C:\Program Files (x86)\QuickTime\QTSystem\;C:\WINDOWS\system32;C:\WINDOWS;C:\WINDOWS\System32\Wbem;C:\WINDOWS\System32\WindowsPowerShell\v1.0\;C:\Program Files\MySQL\MySQL Utilities 1.6\;C:\Program Files (x86)\Windows Kits\10\Windows Performance Toolkit\;C:\Program Files\Git\cmd;C:\Program Files\Java\jdk1.8.0_152\bin;C:\Program Files\Java\jre1.8.0_152;C:\MinGW\bin;C:\Qt\Qt5.9.1\5.9.1\mingw53_32\bin;C:\Users\kondm\AppData\Local\Programs\MiKTeX 2.9\miktex\bin\x64\;C:\Users\kondm\AppData\Local\GitHubDesktop\bin;C:\gradle-4.6\bin;
USERNAME=kondm
OS=Windows_NT
PROCESSOR_IDENTIFIER=Intel64 Family 6 Model 94 Stepping 3, GenuineIntel



---------------  S Y S T E M  ---------------

OS: Windows 10.0 , 64 bit Build 16299 (10.0.16299.15)

CPU:total 8 (initial active 8) (4 cores per cpu, 2 threads per core) family 6 model 94 stepping 3, cmov, cx8, fxsr, mmx, sse, sse2, sse3, ssse3, sse4.1, sse4.2, popcnt, avx, avx2, aes, clmul, erms, rtm, 3dnowpref, lzcnt, ht, tsc, tscinvbit, bmi1, bmi2, adx

Memory: 4k page, physical 8284708k(974760k free), swap 10236452k(6020k free)

vm_info: Java HotSpot(TM) 64-Bit Server VM (25.152-b16) for windows-amd64 JRE (1.8.0_152-b16), built on Sep 14 2017 02:29:36 by "java_re" with MS VC++ 10.0 (VS2010)

time: Mon Apr 16 15:16:19 2018
elapsed time: 42 seconds (0d 0h 0m 42s)

