#
# There is insufficient memory for the Java Runtime Environment to continue.
# Native memory allocation (malloc) failed to allocate 32744 bytes for ChunkPool::allocate
# Possible reasons:
#   The system is out of physical RAM or swap space
#   In 32 bit mode, the process size limit was hit
# Possible solutions:
#   Reduce memory load on the system
#   Increase physical memory or swap space
#   Check if swap backing store is full
#   Use 64 bit Java on a 64 bit OS
#   Decrease Java heap size (-Xmx/-Xms)
#   Decrease number of Java threads
#   Decrease Java thread stack sizes (-Xss)
#   Set larger code cache with -XX:ReservedCodeCacheSize=
# This output file may be truncated or incomplete.
#
#  Out of Memory Error (allocation.cpp:273), pid=13444, tid=0x00000000000034c0
#
# JRE version: Java(TM) SE Runtime Environment (8.0_152-b16) (build 1.8.0_152-b16)
# Java VM: Java HotSpot(TM) 64-Bit Server VM (25.152-b16 mixed mode windows-amd64 compressed oops)
# Failed to write core dump. Minidumps are not enabled by default on client versions of Windows
#

---------------  T H R E A D  ---------------

Current thread (0x0000000019ba6800):  JavaThread "C2 CompilerThread0" daemon [_thread_in_vm, id=13504, stack(0x000000001a470000,0x000000001a570000)]

Stack: [0x000000001a470000,0x000000001a570000]
[error occurred during error reporting (printing stack bounds), id 0xc0000005]

Native frames: (J=compiled Java code, j=interpreted, Vv=VM code, C=native code)


Current CompileTask:
C2:1874809 11314       4       com.sun.tools.javac.file.ZipFileIndex::getRelativeDirectory (62 bytes)


---------------  P R O C E S S  ---------------

Java Threads: ( => current thread )
  0x000000001bdf7000 JavaThread "Build operations Thread 8" [_thread_blocked, id=12472, stack(0x00000000288e0000,0x00000000289e0000)]
  0x000000001bdf6800 JavaThread "Build operations Thread 7" [_thread_blocked, id=9480, stack(0x00000000287e0000,0x00000000288e0000)]
  0x000000001bdf5000 JavaThread "Build operations Thread 6" [_thread_blocked, id=13892, stack(0x00000000286e0000,0x00000000287e0000)]
  0x000000001bdf5800 JavaThread "Task worker for ':' Thread 7" [_thread_in_native, id=7172, stack(0x00000000285e0000,0x00000000286e0000)]
  0x000000001bdf8000 JavaThread "Task worker for ':' Thread 6" [_thread_blocked, id=13776, stack(0x00000000284e0000,0x00000000285e0000)]
  0x000000001bdfc000 JavaThread "Task worker for ':' Thread 5" [_thread_blocked, id=9232, stack(0x00000000283e0000,0x00000000284e0000)]
  0x000000001bdfb000 JavaThread "Task worker for ':' Thread 4" [_thread_blocked, id=924, stack(0x00000000282e0000,0x00000000283e0000)]
  0x000000001f86d000 JavaThread "Task worker for ':' Thread 3" [_thread_blocked, id=5100, stack(0x00000000281e0000,0x00000000282e0000)]
  0x000000001f86b800 JavaThread "Task worker for ':' Thread 2" [_thread_blocked, id=12624, stack(0x00000000280e0000,0x00000000281e0000)]
  0x000000001f86b000 JavaThread "Task worker for ':'" [_thread_blocked, id=10844, stack(0x0000000027fe0000,0x00000000280e0000)]
  0x000000001f86a000 JavaThread "Cache worker for Build Output Cleanup Cache (D:\Work\Java\Kodilla\Codes\Module 14\tasks\.gradle\buildOutputCleanup)" [_thread_blocked, id=12692, stack(0x0000000027ee0000,0x0000000027fe0000)]
  0x000000001f868800 JavaThread "Cache worker for task history cache (D:\Work\Java\Kodilla\Codes\Module 14\tasks\.gradle\4.6\taskHistory)" [_thread_blocked, id=9076, stack(0x0000000027de0000,0x0000000027ee0000)]
  0x000000001f869000 JavaThread "Cache worker for file content cache (D:\Work\Java\Kodilla\Codes\Module 14\tasks\.gradle\4.6\fileContent)" [_thread_blocked, id=2020, stack(0x0000000027ce0000,0x0000000027de0000)]
  0x000000001f867800 JavaThread "Build operations Thread 5" [_thread_blocked, id=4304, stack(0x0000000027be0000,0x0000000027ce0000)]
  0x000000001f860000 JavaThread "Build operations Thread 4" [_thread_blocked, id=6280, stack(0x0000000027ae0000,0x0000000027be0000)]
  0x000000001f866000 JavaThread "Build operations Thread 3" [_thread_blocked, id=936, stack(0x00000000279e0000,0x0000000027ae0000)]
  0x000000001f861800 JavaThread "Build operations Thread 2" [_thread_blocked, id=4288, stack(0x00000000278e0000,0x00000000279e0000)]
  0x000000001f867000 JavaThread "Build operations" [_thread_blocked, id=7148, stack(0x00000000277e0000,0x00000000278e0000)]
  0x000000001f85e800 JavaThread "Cache worker for Artifact transforms cache (C:\Users\kondm\.gradle\caches\transforms-1)" [_thread_blocked, id=1980, stack(0x00000000276e0000,0x00000000277e0000)]
  0x000000001f861000 JavaThread "Cache worker for file hash cache (D:\Work\Java\Kodilla\Codes\Module 14\tasks\.gradle\4.6\fileHashes)" [_thread_blocked, id=3840, stack(0x00000000275e0000,0x00000000276e0000)]
  0x000000001f865800 JavaThread "Stdin handler" [_thread_blocked, id=10568, stack(0x00000000274e0000,0x00000000275e0000)]
  0x000000001f864800 JavaThread "Asynchronous log dispatcher for DefaultDaemonConnection: socket connection from /127.0.0.1:51097 to /127.0.0.1:51616" [_thread_blocked, id=6724, stack(0x00000000273e0000,0x00000000274e0000)]
  0x000000001f864000 JavaThread "Daemon worker Thread 3" [_thread_blocked, id=11100, stack(0x00000000272e0000,0x00000000273e0000)]
  0x000000001f863000 JavaThread "Cancel handler" [_thread_blocked, id=13356, stack(0x00000000271e0000,0x00000000272e0000)]
  0x000000001f85f800 JavaThread "Handler for socket connection from /127.0.0.1:51097 to /127.0.0.1:51616" [_thread_in_native, id=1984, stack(0x00000000270e0000,0x00000000271e0000)]
  0x000000001f862800 JavaThread "Daemon Thread 3" [_thread_blocked, id=4392, stack(0x0000000026fe0000,0x00000000270e0000)]
  0x000000001f85e000 JavaThread "Memory manager" [_thread_blocked, id=5080, stack(0x0000000023390000,0x0000000023490000)]
  0x000000001bdf9800 JavaThread "File lock request listener" [_thread_in_native, id=11792, stack(0x000000001ea40000,0x000000001eb40000)]
  0x000000001bdfa000 JavaThread "Cache worker for file hash cache (C:\Users\kondm\.gradle\caches\4.6\fileHashes)" [_thread_blocked, id=13772, stack(0x000000001e940000,0x000000001ea40000)]
  0x000000001bcd7800 JavaThread "Daemon periodic checks" [_thread_blocked, id=14172, stack(0x000000001cd70000,0x000000001ce70000)]
  0x000000001b81b000 JavaThread "Incoming local TCP Connector on port 51097" [_thread_in_native, id=3700, stack(0x000000001c880000,0x000000001c980000)]
  0x000000001bbfa000 JavaThread "Daemon health stats" [_thread_blocked, id=14204, stack(0x000000001c240000,0x000000001c340000)]
  0x0000000019c3d000 JavaThread "Service Thread" daemon [_thread_blocked, id=14240, stack(0x000000001a870000,0x000000001a970000)]
  0x0000000019bab800 JavaThread "C1 CompilerThread3" daemon [_thread_blocked, id=14312, stack(0x000000001a770000,0x000000001a870000)]
  0x0000000019b9a000 JavaThread "C2 CompilerThread2" daemon [_thread_in_native, id=14268, stack(0x000000001a670000,0x000000001a770000)]
  0x0000000019b99800 JavaThread "C2 CompilerThread1" daemon [_thread_in_native, id=14236, stack(0x000000001a570000,0x000000001a670000)]
=>0x0000000019ba6800 JavaThread "C2 CompilerThread0" daemon [_thread_in_vm, id=13504, stack(0x000000001a470000,0x000000001a570000)]
  0x0000000019ba5800 JavaThread "Attach Listener" daemon [_thread_blocked, id=14320, stack(0x000000001a370000,0x000000001a470000)]
  0x0000000019ba4800 JavaThread "Signal Dispatcher" daemon [_thread_blocked, id=14272, stack(0x000000001a270000,0x000000001a370000)]
  0x0000000019b90800 JavaThread "Finalizer" daemon [_thread_blocked, id=14276, stack(0x0000000019f70000,0x000000001a070000)]
  0x0000000005178000 JavaThread "Reference Handler" daemon [_thread_blocked, id=14324, stack(0x0000000019a70000,0x0000000019b70000)]
  0x000000000507e800 JavaThread "main" [_thread_blocked, id=14300, stack(0x0000000004ef0000,0x0000000004ff0000)]

Other Threads:
  0x0000000017c99000 VMThread [stack: 0x0000000019970000,0x0000000019a70000] [id=13980]
  0x0000000019c56800 WatcherThread [stack: 0x000000001a970000,0x000000001aa70000] [id=2792]

VM state:not at safepoint (normal execution)

VM Mutex/Monitor currently owned by a thread: None

Heap:
 PSYoungGen      total 200192K, used 41217K [0x00000000eab00000, 0x00000000fbd80000, 0x0000000100000000)
  eden space 149504K, 27% used [0x00000000eab00000,0x00000000ed340730,0x00000000f3d00000)
  from space 50688K, 0% used [0x00000000f3d00000,0x00000000f3d00000,0x00000000f6e80000)
  to   space 52224K, 0% used [0x00000000f8a80000,0x00000000f8a80000,0x00000000fbd80000)
 ParOldGen       total 144384K, used 34061K [0x00000000c0000000, 0x00000000c8d00000, 0x00000000eab00000)
  object space 144384K, 23% used [0x00000000c0000000,0x00000000c2143548,0x00000000c8d00000)
 Metaspace       used 57013K, capacity 57906K, committed 60032K, reserved 1101824K
  class space    used 7543K, capacity 7837K, committed 8320K, reserved 1048576K

Card table byte_map: [0x0000000014540000,0x0000000014750000] byte_map_base: 0x0000000013f40000

Marking Bits: (ParMarkBitMap*) 0x00000000711b0860
 Begin Bits: [0x00000000150b0000, 0x00000000160b0000)
 End Bits:   [0x00000000160b0000, 0x00000000170b0000)

Polling page: 0x0000000000df0000

CodeCache: size=245760Kb used=34250Kb max_used=35029Kb free=211509Kb
 bounds [0x0000000005180000, 0x00000000073f0000, 0x0000000014180000]
 total_blobs=10264 nmethods=9478 adapters=696
 compilation: enabled

Compilation events (10 events):
Event: 1874.593 Thread 0x0000000019ba6800 nmethod 11309 0x0000000005370890 code [0x00000000053709e0, 0x0000000005370cf8]
Event: 1874.597 Thread 0x0000000019b99800 nmethod 11307 0x00000000070f5e50 code [0x00000000070f5fc0, 0x00000000070f66f8]
Event: 1874.602 Thread 0x0000000019ba6800 11310       4       java.util.ComparableTimSort::countRunAndMakeAscending (123 bytes)
Event: 1874.608 Thread 0x0000000019b99800 11311       4       com.sun.tools.javac.file.ZipFileIndex::access$700 (6 bytes)
Event: 1874.610 Thread 0x0000000019ba6800 nmethod 11310 0x0000000005962dd0 code [0x0000000005962f40, 0x00000000059635b8]
Event: 1874.611 Thread 0x0000000019ba6800 11313       4       java.util.ComparableTimSort::countRunAndMakeAscending (123 bytes)
Event: 1874.618 Thread 0x0000000019bab800 11315       3       java.util.ComparableTimSort::reverseRange (32 bytes)
Event: 1874.618 Thread 0x0000000019bab800 nmethod 11315 0x0000000006b84f50 code [0x0000000006b850e0, 0x0000000006b85570]
Event: 1874.619 Thread 0x0000000019ba6800 nmethod 11313 0x00000000070658d0 code [0x0000000007065a40, 0x00000000070660f8]
Event: 1874.619 Thread 0x0000000019ba6800 11314       4       com.sun.tools.javac.file.ZipFileIndex::getRelativeDirectory (62 bytes)

GC Heap History (10 events):
Event: 1871.123 GC heap before
{Heap before GC invocations=26 (full 2):
 PSYoungGen      total 169984K, used 167504K [0x00000000eab00000, 0x00000000f8180000, 0x0000000100000000)
  eden space 130560K, 100% used [0x00000000eab00000,0x00000000f2a80000,0x00000000f2a80000)
  from space 39424K, 93% used [0x00000000f2e00000,0x00000000f5214208,0x00000000f5480000)
  to   space 44544K, 0% used [0x00000000f5600000,0x00000000f5600000,0x00000000f8180000)
 ParOldGen       total 107520K, used 29764K [0x00000000c0000000, 0x00000000c6900000, 0x00000000eab00000)
  object space 107520K, 27% used [0x00000000c0000000,0x00000000c1d11260,0x00000000c6900000)
 Metaspace       used 53850K, capacity 55664K, committed 55936K, reserved 1097728K
  class space    used 7246K, capacity 7785K, committed 7808K, reserved 1048576K
Event: 1871.143 GC heap after
Heap after GC invocations=26 (full 2):
 PSYoungGen      total 171520K, used 34343K [0x00000000eab00000, 0x00000000f8400000, 0x0000000100000000)
  eden space 126976K, 0% used [0x00000000eab00000,0x00000000eab00000,0x00000000f2700000)
  from space 44544K, 77% used [0x00000000f5600000,0x00000000f7789f70,0x00000000f8180000)
  to   space 47616K, 0% used [0x00000000f2700000,0x00000000f2700000,0x00000000f5580000)
 ParOldGen       total 107520K, used 29772K [0x00000000c0000000, 0x00000000c6900000, 0x00000000eab00000)
  object space 107520K, 27% used [0x00000000c0000000,0x00000000c1d13260,0x00000000c6900000)
 Metaspace       used 53850K, capacity 55664K, committed 55936K, reserved 1097728K
  class space    used 7246K, capacity 7785K, committed 7808K, reserved 1048576K
}
Event: 1871.474 GC heap before
{Heap before GC invocations=27 (full 2):
 PSYoungGen      total 171520K, used 161319K [0x00000000eab00000, 0x00000000f8400000, 0x0000000100000000)
  eden space 126976K, 100% used [0x00000000eab00000,0x00000000f2700000,0x00000000f2700000)
  from space 44544K, 77% used [0x00000000f5600000,0x00000000f7789f70,0x00000000f8180000)
  to   space 47616K, 0% used [0x00000000f2700000,0x00000000f2700000,0x00000000f5580000)
 ParOldGen       total 107520K, used 29772K [0x00000000c0000000, 0x00000000c6900000, 0x00000000eab00000)
  object space 107520K, 27% used [0x00000000c0000000,0x00000000c1d13260,0x00000000c6900000)
 Metaspace       used 53876K, capacity 55664K, committed 55936K, reserved 1097728K
  class space    used 7247K, capacity 7785K, committed 7808K, reserved 1048576K
Event: 1871.493 GC heap after
Heap after GC invocations=27 (full 2):
 PSYoungGen      total 174592K, used 34924K [0x00000000eab00000, 0x00000000f9f80000, 0x0000000100000000)
  eden space 126976K, 0% used [0x00000000eab00000,0x00000000eab00000,0x00000000f2700000)
  from space 47616K, 73% used [0x00000000f2700000,0x00000000f491b160,0x00000000f5580000)
  to   space 50176K, 0% used [0x00000000f6e80000,0x00000000f6e80000,0x00000000f9f80000)
 ParOldGen       total 107520K, used 29772K [0x00000000c0000000, 0x00000000c6900000, 0x00000000eab00000)
  object space 107520K, 27% used [0x00000000c0000000,0x00000000c1d13260,0x00000000c6900000)
 Metaspace       used 53876K, capacity 55664K, committed 55936K, reserved 1097728K
  class space    used 7247K, capacity 7785K, committed 7808K, reserved 1048576K
}
Event: 1872.594 GC heap before
{Heap before GC invocations=28 (full 2):
 PSYoungGen      total 174592K, used 161900K [0x00000000eab00000, 0x00000000f9f80000, 0x0000000100000000)
  eden space 126976K, 100% used [0x00000000eab00000,0x00000000f2700000,0x00000000f2700000)
  from space 47616K, 73% used [0x00000000f2700000,0x00000000f491b160,0x00000000f5580000)
  to   space 50176K, 0% used [0x00000000f6e80000,0x00000000f6e80000,0x00000000f9f80000)
 ParOldGen       total 107520K, used 29772K [0x00000000c0000000, 0x00000000c6900000, 0x00000000eab00000)
  object space 107520K, 27% used [0x00000000c0000000,0x00000000c1d13260,0x00000000c6900000)
 Metaspace       used 53895K, capacity 55664K, committed 55936K, reserved 1097728K
  class space    used 7247K, capacity 7785K, committed 7808K, reserved 1048576K
Event: 1872.617 GC heap after
Heap after GC invocations=28 (full 2):
 PSYoungGen      total 199680K, used 30884K [0x00000000eab00000, 0x00000000fa100000, 0x0000000100000000)
  eden space 149504K, 0% used [0x00000000eab00000,0x00000000eab00000,0x00000000f3d00000)
  from space 50176K, 61% used [0x00000000f6e80000,0x00000000f8ca9200,0x00000000f9f80000)
  to   space 50688K, 0% used [0x00000000f3d00000,0x00000000f3d00000,0x00000000f6e80000)
 ParOldGen       total 107520K, used 33022K [0x00000000c0000000, 0x00000000c6900000, 0x00000000eab00000)
  object space 107520K, 30% used [0x00000000c0000000,0x00000000c203fac0,0x00000000c6900000)
 Metaspace       used 53895K, capacity 55664K, committed 55936K, reserved 1097728K
  class space    used 7247K, capacity 7785K, committed 7808K, reserved 1048576K
}
Event: 1874.214 GC heap before
{Heap before GC invocations=29 (full 2):
 PSYoungGen      total 199680K, used 140360K [0x00000000eab00000, 0x00000000fa100000, 0x0000000100000000)
  eden space 149504K, 73% used [0x00000000eab00000,0x00000000f15e90a0,0x00000000f3d00000)
  from space 50176K, 61% used [0x00000000f6e80000,0x00000000f8ca9200,0x00000000f9f80000)
  to   space 50688K, 0% used [0x00000000f3d00000,0x00000000f3d00000,0x00000000f6e80000)
 ParOldGen       total 107520K, used 33022K [0x00000000c0000000, 0x00000000c6900000, 0x00000000eab00000)
  object space 107520K, 30% used [0x00000000c0000000,0x00000000c203fac0,0x00000000c6900000)
 Metaspace       used 57167K, capacity 58908K, committed 59096K, reserved 1099776K
  class space    used 7718K, capacity 8267K, committed 8320K, reserved 1048576K
Event: 1874.240 GC heap after
Heap after GC invocations=29 (full 2):
 PSYoungGen      total 200192K, used 35063K [0x00000000eab00000, 0x00000000fbd80000, 0x0000000100000000)
  eden space 149504K, 0% used [0x00000000eab00000,0x00000000eab00000,0x00000000f3d00000)
  from space 50688K, 69% used [0x00000000f3d00000,0x00000000f5f3dda8,0x00000000f6e80000)
  to   space 52224K, 0% used [0x00000000f8a80000,0x00000000f8a80000,0x00000000fbd80000)
 ParOldGen       total 107520K, used 35974K [0x00000000c0000000, 0x00000000c6900000, 0x00000000eab00000)
  object space 107520K, 33% used [0x00000000c0000000,0x00000000c2321b00,0x00000000c6900000)
 Metaspace       used 57167K, capacity 58908K, committed 59096K, reserved 1099776K
  class space    used 7718K, capacity 8267K, committed 8320K, reserved 1048576K
}
Event: 1874.240 GC heap before
{Heap before GC invocations=30 (full 3):
 PSYoungGen      total 200192K, used 35063K [0x00000000eab00000, 0x00000000fbd80000, 0x0000000100000000)
  eden space 149504K, 0% used [0x00000000eab00000,0x00000000eab00000,0x00000000f3d00000)
  from space 50688K, 69% used [0x00000000f3d00000,0x00000000f5f3dda8,0x00000000f6e80000)
  to   space 52224K, 0% used [0x00000000f8a80000,0x00000000f8a80000,0x00000000fbd80000)
 ParOldGen       total 107520K, used 35974K [0x00000000c0000000, 0x00000000c6900000, 0x00000000eab00000)
  object space 107520K, 33% used [0x00000000c0000000,0x00000000c2321b00,0x00000000c6900000)
 Metaspace       used 57167K, capacity 58908K, committed 59096K, reserved 1099776K
  class space    used 7718K, capacity 8267K, committed 8320K, reserved 1048576K
Event: 1874.390 GC heap after
Heap after GC invocations=30 (full 3):
 PSYoungGen      total 200192K, used 0K [0x00000000eab00000, 0x00000000fbd80000, 0x0000000100000000)
  eden space 149504K, 0% used [0x00000000eab00000,0x00000000eab00000,0x00000000f3d00000)
  from space 50688K, 0% used [0x00000000f3d00000,0x00000000f3d00000,0x00000000f6e80000)
  to   space 52224K, 0% used [0x00000000f8a80000,0x00000000f8a80000,0x00000000fbd80000)
 ParOldGen       total 144384K, used 34061K [0x00000000c0000000, 0x00000000c8d00000, 0x00000000eab00000)
  object space 144384K, 23% used [0x00000000c0000000,0x00000000c2143548,0x00000000c8d00000)
 Metaspace       used 56021K, capacity 56850K, committed 59096K, reserved 1099776K
  class space    used 7451K, capacity 7741K, committed 8320K, reserved 1048576K
}

Deoptimization events (10 events):
Event: 1874.589 Thread 0x000000001bdf5800 Uncommon trap: reason=array_check action=maybe_recompile pc=0x00000000058fe9cc method=java.util.ComparableTimSort.binarySort([Ljava/lang/Object;III)V @ 193
Event: 1874.589 Thread 0x000000001bdf5800 Uncommon trap: reason=array_check action=maybe_recompile pc=0x00000000058fea78 method=java.util.ComparableTimSort.binarySort([Ljava/lang/Object;III)V @ 183
Event: 1874.590 Thread 0x000000001bdf5800 Uncommon trap: reason=array_check action=maybe_recompile pc=0x00000000058fe9cc method=java.util.ComparableTimSort.binarySort([Ljava/lang/Object;III)V @ 193
Event: 1874.590 Thread 0x000000001bdf5800 Uncommon trap: reason=array_check action=maybe_recompile pc=0x00000000056682c0 method=java.util.ComparableTimSort.binarySort([Ljava/lang/Object;III)V @ 215
Event: 1874.590 Thread 0x000000001bdf5800 Uncommon trap: reason=array_check action=maybe_recompile pc=0x00000000073b2ac4 method=java.util.ComparableTimSort.binarySort([Ljava/lang/Object;III)V @ 215
Event: 1874.610 Thread 0x000000001bdf5800 Uncommon trap: reason=predicate action=maybe_recompile pc=0x0000000005963520 method=java.util.ComparableTimSort.reverseRange([Ljava/lang/Object;II)V @ 8
Event: 1874.619 Thread 0x000000001bdf5800 Uncommon trap: reason=array_check action=maybe_recompile pc=0x0000000007065fe0 method=java.util.ComparableTimSort.reverseRange([Ljava/lang/Object;II)V @ 20
Event: 1874.619 Thread 0x000000001bdf5800 Uncommon trap: reason=array_check action=maybe_recompile pc=0x0000000007065fe0 method=java.util.ComparableTimSort.reverseRange([Ljava/lang/Object;II)V @ 20
Event: 1874.619 Thread 0x000000001bdf5800 Uncommon trap: reason=array_check action=maybe_recompile pc=0x0000000007065fe0 method=java.util.ComparableTimSort.reverseRange([Ljava/lang/Object;II)V @ 20
Event: 1874.619 Thread 0x000000001bdf5800 Uncommon trap: reason=array_check action=maybe_recompile pc=0x0000000007065fe0 method=java.util.ComparableTimSort.reverseRange([Ljava/lang/Object;II)V @ 20

Classes redefined (0 events):
No events

Internal exceptions (10 events):
Event: 158.466 Thread 0x000000001f860000 Implicit null exception at 0x0000000006dd7d20 to 0x0000000006dd9c05
Event: 158.592 Thread 0x000000001f860000 Implicit null exception at 0x0000000006e2f4c1 to 0x0000000006e312a5
Event: 1866.451 Thread 0x000000001f85f800 Exception <a 'java/lang/NoSuchMethodError': <clinit>> (0x00000000edfa3e18) thrown at [C:\re\workspace\8-2-build-windows-amd64-cygwin\jdk8u152\9742\hotspot\src\share\vm\prims\jni.cpp, line 1613]
Event: 1866.454 Thread 0x000000001f85f800 Exception <a 'java/lang/NoSuchMethodError': <clinit>> (0x00000000edfbf3e0) thrown at [C:\re\workspace\8-2-build-windows-amd64-cygwin\jdk8u152\9742\hotspot\src\share\vm\prims\jni.cpp, line 1613]
Event: 1866.958 Thread 0x000000001f864000 Implicit null exception at 0x0000000005d2f634 to 0x0000000005d2f9ad
Event: 1872.188 Thread 0x000000001bdf5800 Implicit null exception at 0x00000000071c9710 to 0x00000000071c9795
Event: 1873.968 Thread 0x000000001bdf5800 Implicit null exception at 0x000000000529d3b8 to 0x000000000529d961
Event: 1873.969 Thread 0x000000001bdf5800 Implicit null exception at 0x00000000057a7780 to 0x00000000057a7bed
Event: 1874.593 Thread 0x000000001bdf5800 Exception <a 'java/io/FileNotFoundException'> (0x00000000ec9ffcf8) thrown at [C:\re\workspace\8-2-build-windows-amd64-cygwin\jdk8u152\9742\hotspot\src\share\vm\prims\jni.cpp, line 709]
Event: 1874.595 Thread 0x000000001bdf5800 Exception <a 'java/io/FileNotFoundException'> (0x00000000eca339d8) thrown at [C:\re\workspace\8-2-build-windows-amd64-cygwin\jdk8u152\9742\hotspot\src\share\vm\prims\jni.cpp, line 709]

Events (10 events):
Event: 1874.619 Thread 0x000000001bdf5800 DEOPT UNPACKING pc=0x00000000051c582a sp=0x00000000286dbc08 mode 2
Event: 1874.619 Thread 0x000000001bdf5800 Uncommon trap: trap_request=0xffffffd6 fr.pc=0x0000000007065fe0
Event: 1874.619 Thread 0x000000001bdf5800 DEOPT PACKING pc=0x0000000007065fe0 sp=0x00000000286dbce0
Event: 1874.619 Thread 0x000000001bdf5800 DEOPT UNPACKING pc=0x00000000051c582a sp=0x00000000286dbc08 mode 2
Event: 1874.619 Thread 0x000000001bdf5800 Uncommon trap: trap_request=0xffffffd6 fr.pc=0x0000000007065fe0
Event: 1874.619 Thread 0x000000001bdf5800 DEOPT PACKING pc=0x0000000007065fe0 sp=0x00000000286dbce0
Event: 1874.619 Thread 0x000000001bdf5800 DEOPT UNPACKING pc=0x00000000051c582a sp=0x00000000286dbc08 mode 2
Event: 1874.619 Thread 0x000000001bdf5800 Uncommon trap: trap_request=0xffffffd6 fr.pc=0x0000000007065fe0
Event: 1874.619 Thread 0x000000001bdf5800 DEOPT PACKING pc=0x0000000007065fe0 sp=0x00000000286dbce0
Event: 1874.619 Thread 0x000000001bdf5800 DEOPT UNPACKING pc=0x00000000051c582a sp=0x00000000286dbc08 mode 2


Dynamic libraries:
0x00007ff74aa00000 - 0x00007ff74aa37000 	C:\Program Files\Java\jdk1.8.0_152\bin\java.exe
0x00007ffdefdd0000 - 0x00007ffdeffb0000 	C:\WINDOWS\SYSTEM32\ntdll.dll
0x00007ffdef400000 - 0x00007ffdef4ae000 	C:\WINDOWS\System32\KERNEL32.DLL
0x00007ffdec570000 - 0x00007ffdec7d6000 	C:\WINDOWS\System32\KERNELBASE.dll
0x00007ffdef6a0000 - 0x00007ffdef741000 	C:\WINDOWS\System32\ADVAPI32.dll
0x00007ffded470000 - 0x00007ffded50d000 	C:\WINDOWS\System32\msvcrt.dll
0x00007ffdedc80000 - 0x00007ffdedcdb000 	C:\WINDOWS\System32\sechost.dll
0x00007ffded5e0000 - 0x00007ffded6ff000 	C:\WINDOWS\System32\RPCRT4.dll
0x00007ffdefc10000 - 0x00007ffdefd9f000 	C:\WINDOWS\System32\USER32.dll
0x00007ffdec400000 - 0x00007ffdec420000 	C:\WINDOWS\System32\win32u.dll
0x00007ffdedbf0000 - 0x00007ffdedc18000 	C:\WINDOWS\System32\GDI32.dll
0x00007ffdec7e0000 - 0x00007ffdec973000 	C:\WINDOWS\System32\gdi32full.dll
0x00007ffdec4d0000 - 0x00007ffdec56b000 	C:\WINDOWS\System32\msvcp_win.dll
0x00007ffdec280000 - 0x00007ffdec376000 	C:\WINDOWS\System32\ucrtbase.dll
0x00007ffde78c0000 - 0x00007ffde7b29000 	C:\WINDOWS\WinSxS\amd64_microsoft.windows.common-controls_6595b64144ccf1df_6.0.16299.309_none_15cfd4c4935e6b11\COMCTL32.dll
0x00007ffdef900000 - 0x00007ffdefc08000 	C:\WINDOWS\System32\combase.dll
0x00007ffdec380000 - 0x00007ffdec3f2000 	C:\WINDOWS\System32\bcryptPrimitives.dll
0x00007ffded440000 - 0x00007ffded46d000 	C:\WINDOWS\System32\IMM32.DLL
0x0000000071230000 - 0x0000000071302000 	C:\Program Files\Java\jdk1.8.0_152\jre\bin\msvcr100.dll
0x0000000070990000 - 0x0000000071230000 	C:\Program Files\Java\jdk1.8.0_152\jre\bin\server\jvm.dll
0x00007ffdef3f0000 - 0x00007ffdef3f8000 	C:\WINDOWS\System32\PSAPI.DLL
0x00007ffdeadd0000 - 0x00007ffdeadd9000 	C:\WINDOWS\SYSTEM32\WSOCK32.dll
0x00007ffde81b0000 - 0x00007ffde81ba000 	C:\WINDOWS\SYSTEM32\VERSION.dll
0x00007ffde83f0000 - 0x00007ffde8413000 	C:\WINDOWS\SYSTEM32\WINMM.dll
0x00007ffdef120000 - 0x00007ffdef18c000 	C:\WINDOWS\System32\WS2_32.dll
0x00007ffde83c0000 - 0x00007ffde83ea000 	C:\WINDOWS\SYSTEM32\winmmbase.dll
0x00007ffdec1d0000 - 0x00007ffdec21a000 	C:\WINDOWS\System32\cfgmgr32.dll
0x0000000072e20000 - 0x0000000072e2f000 	C:\Program Files\Java\jdk1.8.0_152\jre\bin\verify.dll
0x0000000072df0000 - 0x0000000072e19000 	C:\Program Files\Java\jdk1.8.0_152\jre\bin\java.dll
0x0000000070970000 - 0x0000000070986000 	C:\Program Files\Java\jdk1.8.0_152\jre\bin\zip.dll
0x00007ffdedce0000 - 0x00007ffdef116000 	C:\WINDOWS\System32\SHELL32.dll
0x00007ffded530000 - 0x00007ffded5d6000 	C:\WINDOWS\System32\shcore.dll
0x00007ffdec980000 - 0x00007ffded0c7000 	C:\WINDOWS\System32\windows.storage.dll
0x00007ffdef190000 - 0x00007ffdef1e1000 	C:\WINDOWS\System32\shlwapi.dll
0x00007ffdec190000 - 0x00007ffdec1a1000 	C:\WINDOWS\System32\kernel.appcore.dll
0x00007ffdec140000 - 0x00007ffdec18c000 	C:\WINDOWS\System32\powrprof.dll
0x00007ffdec120000 - 0x00007ffdec13b000 	C:\WINDOWS\System32\profapi.dll
0x0000000070950000 - 0x000000007096a000 	C:\Program Files\Java\jdk1.8.0_152\jre\bin\net.dll
0x00007ffdeb9b0000 - 0x00007ffdeba16000 	C:\WINDOWS\system32\mswsock.dll
0x0000000070930000 - 0x0000000070941000 	C:\Program Files\Java\jdk1.8.0_152\jre\bin\nio.dll
0x00007ffdcd020000 - 0x00007ffdcd03e000 	C:\Users\kondm\.gradle\native\25\windows-amd64\native-platform.dll
0x0000000070840000 - 0x000000007084d000 	C:\Program Files\Java\jdk1.8.0_152\jre\bin\management.dll
0x00007ffdebb70000 - 0x00007ffdebb87000 	C:\WINDOWS\SYSTEM32\CRYPTSP.dll
0x00007ffdeb5b0000 - 0x00007ffdeb5e3000 	C:\WINDOWS\system32\rsaenh.dll
0x00007ffdebc80000 - 0x00007ffdebca5000 	C:\WINDOWS\SYSTEM32\bcrypt.dll
0x00007ffdec050000 - 0x00007ffdec079000 	C:\WINDOWS\SYSTEM32\USERENV.dll
0x00007ffdebb90000 - 0x00007ffdebb9b000 	C:\WINDOWS\SYSTEM32\CRYPTBASE.dll
0x00007ffdeb740000 - 0x00007ffdeb779000 	C:\WINDOWS\SYSTEM32\IPHLPAPI.DLL
0x00007ffdef270000 - 0x00007ffdef278000 	C:\WINDOWS\System32\NSI.dll
0x00007ffde35f0000 - 0x00007ffde3606000 	C:\WINDOWS\SYSTEM32\dhcpcsvc6.DLL
0x00007ffde36e0000 - 0x00007ffde36fa000 	C:\WINDOWS\SYSTEM32\dhcpcsvc.DLL
0x0000000070810000 - 0x0000000070834000 	C:\Program Files\Java\jdk1.8.0_152\jre\bin\sunec.dll
0x00007ffdeb780000 - 0x00007ffdeb836000 	C:\WINDOWS\SYSTEM32\DNSAPI.dll
0x00007ffde2d90000 - 0x00007ffde2d9a000 	C:\Windows\System32\rasadhlp.dll
0x00007ffde2dd0000 - 0x00007ffde2e40000 	C:\WINDOWS\System32\fwpuclnt.dll
0x0000000070800000 - 0x000000007080b000 	C:\Program Files\Java\jdk1.8.0_152\jre\bin\sunmscapi.dll
0x00007ffded0d0000 - 0x00007ffded29e000 	C:\WINDOWS\System32\CRYPT32.dll
0x00007ffdec1b0000 - 0x00007ffdec1c2000 	C:\WINDOWS\System32\MSASN1.dll

VM Arguments:
jvm_args: -XX:+HeapDumpOnOutOfMemoryError -Xmx1024m -Dfile.encoding=windows-1250 -Duser.country=PL -Duser.language=pl -Duser.variant 
java_command: org.gradle.launcher.daemon.bootstrap.GradleDaemon 4.6
java_class_path (initial): C:\gradle-4.6\lib\gradle-launcher-4.6.jar
Launcher Type: SUN_STANDARD

Environment Variables:
JAVA_HOME=C:\Program Files\Java\jdk1.8.0_152
CLASSPATH=C:\gradle-4.6\bin\..\lib\gradle-launcher-4.6.jar
PATH=C:\ProgramData\Oracle\Java\javapath;C:\Program Files\Intel\WiFi\bin\;C:\Program Files\Common Files\Intel\WirelessCommon\;C:\Program Files (x86)\Skype\Phone\;C:\FPC\3.0.2\bin\i386-Win32;C:\WINDOWS\system32;C:\WINDOWS;C:\WINDOWS\System32\Wbem;C:\WINDOWS\System32\WindowsPowerShell\v1.0\;C:\Program Files (x86)\NVIDIA Corporation\PhysX\Common;C:\Program Files (x86)\QuickTime\QTSystem\;C:\WINDOWS\system32;C:\WINDOWS;C:\WINDOWS\System32\Wbem;C:\WINDOWS\System32\WindowsPowerShell\v1.0\;C:\Program Files\MySQL\MySQL Utilities 1.6\;C:\Program Files (x86)\Windows Kits\10\Windows Performance Toolkit\;C:\Program Files\Git\cmd;C:\Program Files\Java\jdk1.8.0_152\bin;C:\Program Files\Java\jre1.8.0_152;C:\MinGW\bin;C:\Qt\Qt5.9.1\5.9.1\mingw53_32\bin;C:\Users\kondm\AppData\Local\Programs\MiKTeX 2.9\miktex\bin\x64\;C:\Users\kondm\AppData\Local\GitHubDesktop\bin;C:\gradle-4.6\bin;
USERNAME=kondm
OS=Windows_NT
PROCESSOR_IDENTIFIER=Intel64 Family 6 Model 94 Stepping 3, GenuineIntel



---------------  S Y S T E M  ---------------

OS: Windows 10.0 , 64 bit Build 16299 (10.0.16299.15)

CPU:total 8 (initial active 8) (4 cores per cpu, 2 threads per core) family 6 model 94 stepping 3, cmov, cx8, fxsr, mmx, sse, sse2, sse3, ssse3, sse4.1, sse4.2, popcnt, avx, avx2, aes, clmul, erms, rtm, 3dnowpref, lzcnt, ht, tsc, tscinvbit, bmi1, bmi2, adx

Memory: 4k page, physical 8284708k(911812k free), swap 10236452k(4136k free)

vm_info: Java HotSpot(TM) 64-Bit Server VM (25.152-b16) for windows-amd64 JRE (1.8.0_152-b16), built on Sep 14 2017 02:29:36 by "java_re" with MS VC++ 10.0 (VS2010)

time: Mon Apr 09 13:15:39 2018
elapsed time: 1874 seconds (0d 0h 31m 14s)

