#
# There is insufficient memory for the Java Runtime Environment to continue.
# Native memory allocation (malloc) failed to allocate 1048576 bytes for AllocateHeap
# Possible reasons:
#   The system is out of physical RAM or swap space
#   In 32 bit mode, the process size limit was hit
# Possible solutions:
#   Reduce memory load on the system
#   Increase physical memory or swap space
#   Check if swap backing store is full
#   Use 64 bit Java on a 64 bit OS
#   Decrease Java heap size (-Xmx/-Xms)
#   Decrease number of Java threads
#   Decrease Java thread stack sizes (-Xss)
#   Set larger code cache with -XX:ReservedCodeCacheSize=
# This output file may be truncated or incomplete.
#
#  Out of Memory Error (memory/allocation.inline.hpp:61), pid=6756, tid=0x00000000000034a8
#
# JRE version:  (8.0_152-b16) (build )
# Java VM: Java HotSpot(TM) 64-Bit Server VM (25.152-b16 mixed mode windows-amd64 compressed oops)
# Failed to write core dump. Minidumps are not enabled by default on client versions of Windows
#

---------------  T H R E A D  ---------------

Current thread (0x0000000004fe8000):  JavaThread "Unknown thread" [_thread_in_vm, id=13480, stack(0x0000000004e10000,0x0000000004f10000)]

Stack: [0x0000000004e10000,0x0000000004f10000]
[error occurred during error reporting (printing stack bounds), id 0xc0000005]

Native frames: (J=compiled Java code, j=interpreted, Vv=VM code, C=native code)


---------------  P R O C E S S  ---------------

Java Threads: ( => current thread )

Other Threads:

=>0x0000000004fe8000 (exited) JavaThread "Unknown thread" [_thread_in_vm, id=13480, stack(0x0000000004e10000,0x0000000004f10000)]

VM state:not at safepoint (normal execution)

VM Mutex/Monitor currently owned by a thread: None

Heap:
 PSYoungGen      total 38400K, used 665K [0x00000000d5d80000, 0x00000000d8800000, 0x0000000100000000)
  eden space 33280K, 2% used [0x00000000d5d80000,0x00000000d5e26670,0x00000000d7e00000)
  from space 5120K, 0% used [0x00000000d8300000,0x00000000d8300000,0x00000000d8800000)
  to   space 5120K, 0% used [0x00000000d7e00000,0x00000000d7e00000,0x00000000d8300000)
 ParOldGen       total 87552K, used 0K [0x0000000081800000, 0x0000000086d80000, 0x00000000d5d80000)
  object space 87552K, 0% used [0x0000000081800000,0x0000000081800000,0x0000000086d80000)
 Metaspace       used 770K, capacity 4480K, committed 4480K, reserved 1056768K
  class space    used 75K, capacity 384K, committed 384K, reserved 1048576K

Card table byte_map: [0x0000000014660000,0x0000000014a60000] byte_map_base: 0x0000000014254000

Marking Bits: (ParMarkBitMap*) 0x000000006e8e0860
 Begin Bits: [0x0000000015510000, 0x00000000174b0000)
 End Bits:   [0x00000000174b0000, 0x0000000019450000)

Polling page: 0x00000000034c0000

CodeCache: size=245760Kb used=328Kb max_used=328Kb free=245431Kb
 bounds [0x00000000052a0000, 0x0000000005510000, 0x00000000142a0000]
 total_blobs=58 nmethods=0 adapters=38
 compilation: enabled

Compilation events (0 events):
No events

GC Heap History (0 events):
No events

Deoptimization events (0 events):
No events

Classes redefined (0 events):
No events

Internal exceptions (0 events):
No events

Events (10 events):
Event: 0.029 loading class java/lang/Short
Event: 0.029 loading class java/lang/Short done
Event: 0.029 loading class java/lang/Integer
Event: 0.029 loading class java/lang/Integer done
Event: 0.029 loading class java/lang/Long
Event: 0.029 loading class java/lang/Long done
Event: 0.030 loading class java/lang/NullPointerException
Event: 0.030 loading class java/lang/NullPointerException done
Event: 0.030 loading class java/lang/ArithmeticException
Event: 0.030 loading class java/lang/ArithmeticException done


Dynamic libraries:
0x00007ff7b6750000 - 0x00007ff7b6787000 	C:\Program Files\Java\jdk1.8.0_152\bin\java.exe
0x00007ffa4ce00000 - 0x00007ffa4cfe0000 	C:\WINDOWS\SYSTEM32\ntdll.dll
0x00007ffa4ac50000 - 0x00007ffa4acfe000 	C:\WINDOWS\System32\KERNEL32.DLL
0x00007ffa49200000 - 0x00007ffa49466000 	C:\WINDOWS\System32\KERNELBASE.dll
0x00007ffa4a5c0000 - 0x00007ffa4a661000 	C:\WINDOWS\System32\ADVAPI32.dll
0x00007ffa4aea0000 - 0x00007ffa4af3d000 	C:\WINDOWS\System32\msvcrt.dll
0x00007ffa4b590000 - 0x00007ffa4b5eb000 	C:\WINDOWS\System32\sechost.dll
0x00007ffa4b810000 - 0x00007ffa4b92f000 	C:\WINDOWS\System32\RPCRT4.dll
0x00007ffa4aac0000 - 0x00007ffa4ac4f000 	C:\WINDOWS\System32\USER32.dll
0x00007ffa4a110000 - 0x00007ffa4a130000 	C:\WINDOWS\System32\win32u.dll
0x00007ffa4b620000 - 0x00007ffa4b648000 	C:\WINDOWS\System32\GDI32.dll
0x00007ffa4a130000 - 0x00007ffa4a2c3000 	C:\WINDOWS\System32\gdi32full.dll
0x00007ffa496c0000 - 0x00007ffa4975b000 	C:\WINDOWS\System32\msvcp_win.dll
0x00007ffa49fc0000 - 0x00007ffa4a0b6000 	C:\WINDOWS\System32\ucrtbase.dll
0x00007ffa3dad0000 - 0x00007ffa3dd39000 	C:\WINDOWS\WinSxS\amd64_microsoft.windows.common-controls_6595b64144ccf1df_6.0.16299.371_none_15c7d1789365a290\COMCTL32.dll
0x00007ffa4b1d0000 - 0x00007ffa4b4d8000 	C:\WINDOWS\System32\combase.dll
0x00007ffa49470000 - 0x00007ffa494e2000 	C:\WINDOWS\System32\bcryptPrimitives.dll
0x00007ffa4b5f0000 - 0x00007ffa4b61d000 	C:\WINDOWS\System32\IMM32.DLL
0x000000006f800000 - 0x000000006f8d2000 	C:\Program Files\Java\jdk1.8.0_152\jre\bin\msvcr100.dll
0x000000006e0c0000 - 0x000000006e960000 	C:\Program Files\Java\jdk1.8.0_152\jre\bin\server\jvm.dll
0x00007ffa4a460000 - 0x00007ffa4a468000 	C:\WINDOWS\System32\PSAPI.DLL
0x00007ffa45ce0000 - 0x00007ffa45d03000 	C:\WINDOWS\SYSTEM32\WINMM.dll
0x00007ffa47e50000 - 0x00007ffa47e59000 	C:\WINDOWS\SYSTEM32\WSOCK32.dll
0x00007ffa41240000 - 0x00007ffa4124a000 	C:\WINDOWS\SYSTEM32\VERSION.dll
0x00007ffa4a550000 - 0x00007ffa4a5bc000 	C:\WINDOWS\System32\WS2_32.dll
0x00007ffa45c80000 - 0x00007ffa45caa000 	C:\WINDOWS\SYSTEM32\WINMMBASE.dll
0x00007ffa4a0c0000 - 0x00007ffa4a10a000 	C:\WINDOWS\System32\cfgmgr32.dll
0x000000006fb10000 - 0x000000006fb1f000 	C:\Program Files\Java\jdk1.8.0_152\jre\bin\verify.dll
0x000000006f7d0000 - 0x000000006f7f9000 	C:\Program Files\Java\jdk1.8.0_152\jre\bin\java.dll
0x000000006f2d0000 - 0x000000006f2f3000 	C:\Program Files\Java\jdk1.8.0_152\jre\bin\instrument.dll
0x000000006f7b0000 - 0x000000006f7c6000 	C:\Program Files\Java\jdk1.8.0_152\jre\bin\zip.dll

VM Arguments:
jvm_args: -XX:TieredStopAtLevel=1 -Xverify:none -Dspring.output.ansi.enabled=always -Dcom.sun.management.jmxremote -Dcom.sun.management.jmxremote.port=54678 -Dcom.sun.management.jmxremote.authenticate=false -Dcom.sun.management.jmxremote.ssl=false -Djava.rmi.server.hostname=localhost -Dspring.liveBeansView.mbeanDomain -Dspring.application.admin.enabled=true -javaagent:C:\Program Files\JetBrains\IntelliJ IDEA 2018.1\lib\idea_rt.jar=54679:C:\Program Files\JetBrains\IntelliJ IDEA 2018.1\bin -Dfile.encoding=UTF-8 
java_command: com.crud.tasks.TasksApplication
java_class_path (initial): C:\Program Files\Java\jdk1.8.0_152\jre\lib\charsets.jar;C:\Program Files\Java\jdk1.8.0_152\jre\lib\deploy.jar;C:\Program Files\Java\jdk1.8.0_152\jre\lib\ext\access-bridge-64.jar;C:\Program Files\Java\jdk1.8.0_152\jre\lib\ext\cldrdata.jar;C:\Program Files\Java\jdk1.8.0_152\jre\lib\ext\dnsns.jar;C:\Program Files\Java\jdk1.8.0_152\jre\lib\ext\jaccess.jar;C:\Program Files\Java\jdk1.8.0_152\jre\lib\ext\jfxrt.jar;C:\Program Files\Java\jdk1.8.0_152\jre\lib\ext\localedata.jar;C:\Program Files\Java\jdk1.8.0_152\jre\lib\ext\nashorn.jar;C:\Program Files\Java\jdk1.8.0_152\jre\lib\ext\sunec.jar;C:\Program Files\Java\jdk1.8.0_152\jre\lib\ext\sunjce_provider.jar;C:\Program Files\Java\jdk1.8.0_152\jre\lib\ext\sunmscapi.jar;C:\Program Files\Java\jdk1.8.0_152\jre\lib\ext\sunpkcs11.jar;C:\Program Files\Java\jdk1.8.0_152\jre\lib\ext\zipfs.jar;C:\Program Files\Java\jdk1.8.0_152\jre\lib\javaws.jar;C:\Program Files\Java\jdk1.8.0_152\jre\lib\jce.jar;C:\Program Files\Java\jdk1.8.0_152\jre\lib\jfr.jar;C:\Program Files\Java\jdk1.8.0_152\jre\lib\jfxswt.jar;C:\Program Files\Java\jdk1.8.0_152\jre\lib\jsse.jar;C:\Program Files\Java\jdk1.8.0_152\jre\lib\management-agent.jar;C:\Program Files\Java\jdk1.8.0_152\jre\lib\plugin.jar;C:\Program Files\Java\jdk1.8.0_152\jre\lib\resources.jar;C:\Program Files\Java\jdk1.8.0_152\jre\lib\rt.jar;D:\Work\Java\Kodilla\Codes\Module 14\tasks\out\production\classes;C:\Users\kondm\.gradle\caches\modules-2\files-2.1\org.springframework.boot\spring-boot-starter-web\1.5.11.RELEASE\b3d6236a297ae236fbc3fef0cf0301b8e0eef658\spring-boot-starter-web-1.5.11.RELEASE.jar;C:\Users\kondm\.gradle\caches\modules-2\files-2.1\org.projectlombok\lombok\1.16.20\ac76d9b956045631d1561a09289cbf472e077c01\lombok-1.16.20.jar;C:\Users\kondm\.gradle\caches\modules-2\files-2.1\org.springframework.boot\spring-boot-starter-data-jpa\1.5.11.RELEASE\8fccb61592035e3df36c4a2575bc61f72d1f0736\spring-boot-starter-data-jpa-1.5.11.RELEASE.jar;C:\Users\kondm\.gradle\caches\modu
Launcher Type: SUN_STANDARD

Environment Variables:
JAVA_HOME=C:\Program Files\Java\jdk1.8.0_152
CLASSPATH=.;C:\Program Files (x86)\QuickTime\QTSystem\QTJava.zip
PATH=C:\ProgramData\Oracle\Java\javapath;C:\Program Files\Intel\WiFi\bin\;C:\Program Files\Common Files\Intel\WirelessCommon\;C:\Program Files (x86)\Skype\Phone\;C:\FPC\3.0.2\bin\i386-Win32;C:\WINDOWS\system32;C:\WINDOWS;C:\WINDOWS\System32\Wbem;C:\WINDOWS\System32\WindowsPowerShell\v1.0\;C:\Program Files (x86)\NVIDIA Corporation\PhysX\Common;C:\Program Files (x86)\QuickTime\QTSystem\;C:\WINDOWS\system32;C:\WINDOWS;C:\WINDOWS\System32\Wbem;C:\WINDOWS\System32\WindowsPowerShell\v1.0\;C:\Program Files\MySQL\MySQL Utilities 1.6\;C:\Program Files (x86)\Windows Kits\10\Windows Performance Toolkit\;C:\Program Files\Git\cmd;C:\Program Files\Java\jdk1.8.0_152\bin;C:\Program Files\Java\jre1.8.0_152;C:\MinGW\bin;C:\Qt\Qt5.9.1\5.9.1\mingw53_32\bin;C:\Users\kondm\AppData\Local\Programs\MiKTeX 2.9\miktex\bin\x64\;C:\Users\kondm\AppData\Local\GitHubDesktop\bin;C:\gradle-4.6\bin;C:\Program Files\Heroku\bin
USERNAME=kondm
OS=Windows_NT
PROCESSOR_IDENTIFIER=Intel64 Family 6 Model 94 Stepping 3, GenuineIntel



---------------  S Y S T E M  ---------------

OS: Windows 10.0 , 64 bit Build 16299 (10.0.16299.15)

CPU:total 8 (initial active 8) (4 cores per cpu, 2 threads per core) family 6 model 94 stepping 3, cmov, cx8, fxsr, mmx, sse, sse2, sse3, ssse3, sse4.1, sse4.2, popcnt, avx, avx2, aes, clmul, erms, rtm, 3dnowpref, lzcnt, ht, tsc, tscinvbit, bmi1, bmi2, adx

Memory: 4k page, physical 8284708k(1749628k free), swap 10236452k(5276k free)

vm_info: Java HotSpot(TM) 64-Bit Server VM (25.152-b16) for windows-amd64 JRE (1.8.0_152-b16), built on Sep 14 2017 02:29:36 by "java_re" with MS VC++ 10.0 (VS2010)

time: Fri Apr 20 17:57:33 2018
elapsed time: 0 seconds (0d 0h 0m 0s)

